<?xml version="1.0" encoding="utf-8"?>
<CoverageSession xmlns:xsd="http://www.w3.org/2001/XMLSchema" xmlns:xsi="http://www.w3.org/2001/XMLSchema-instance" Version="0.0.0.0">
  <Summary numSequencePoints="624" visitedSequencePoints="473" numBranchPoints="0" visitedBranchPoints="0" sequenceCoverage="75.80" branchCoverage="0.0" maxCyclomaticComplexity="0" minCyclomaticComplexity="0" maxCrapScore="0" minCrapScore="0" visitedClasses="27" numClasses="27" visitedMethods="72" numMethods="72" />
  <Modules>
    <Module>
      <Summary numSequencePoints="609" visitedSequencePoints="460" numBranchPoints="0" visitedBranchPoints="0" sequenceCoverage="75.53" branchCoverage="0.0" maxCyclomaticComplexity="0" minCyclomaticComplexity="0" maxCrapScore="0" minCrapScore="0" visitedClasses="25" numClasses="25" visitedMethods="70" numMethods="70" />
      <ModuleTime>0001-01-01T00:00:00</ModuleTime>
      <ModuleName>NewAssembly</ModuleName>
      <Files>
        <File uid="1" fullPath="C:/Users/mitchelld7373/Documents/GitHub/AtObsession/Assets/Scripts/asset_highlighter.cs" />
        <File uid="2" fullPath="C:/Users/mitchelld7373/Documents/GitHub/AtObsession/Assets/Scripts/background_scares.cs" />
        <File uid="3" fullPath="C:/Users/mitchelld7373/Documents/GitHub/AtObsession/Assets/Scripts/change_dying_filter.cs" />
        <File uid="4" fullPath="C:/Users/mitchelld7373/Documents/GitHub/AtObsession/Assets/Scripts/change_wellness_filter.cs" />
        <File uid="5" fullPath="C:/Users/mitchelld7373/Documents/GitHub/AtObsession/Assets/Scripts/daily_action_storage.cs" />
        <File uid="6" fullPath="C:/Users/mitchelld7373/Documents/GitHub/AtObsession/Assets/Scripts/day_night_manager.cs" />
        <File uid="7" fullPath="C:/Users/mitchelld7373/Documents/GitHub/AtObsession/Assets/Scripts/developer_options.cs" />
        <File uid="8" fullPath="C:/Users/mitchelld7373/Documents/GitHub/AtObsession/Assets/Scripts/do_an_action.cs" />
        <File uid="9" fullPath="C:/Users/mitchelld7373/Documents/GitHub/AtObsession/Assets/Scripts/exit_game.cs" />
        <File uid="10" fullPath="C:/Users/mitchelld7373/Documents/GitHub/AtObsession/Assets/Scripts/game_state.cs" />
        <File uid="11" fullPath="C:/Users/mitchelld7373/Documents/GitHub/AtObsession/Assets/Scripts/HUD_text_manager.cs" />
        <File uid="12" fullPath="C:/Users/mitchelld7373/Documents/GitHub/AtObsession/Assets/Scripts/move_location.cs" />
        <File uid="13" fullPath="C:/Users/mitchelld7373/Documents/GitHub/AtObsession/Assets/Scripts/notification_manager.cs" />
        <File uid="14" fullPath="C:/Users/mitchelld7373/Documents/GitHub/AtObsession/Assets/Scripts/shop.cs" />
        <File uid="15" fullPath="C:/Users/mitchelld7373/Documents/GitHub/AtObsession/Assets/Scripts/splash_screen_manager.cs" />
        <File uid="16" fullPath="C:/Users/mitchelld7373/Documents/GitHub/AtObsession/Assets/Scripts/stalker_prototype_script.cs" />
        <File uid="17" fullPath="C:/Users/mitchelld7373/Documents/GitHub/AtObsession/Assets/Scripts/statistic_slider.cs" />
        <File uid="18" fullPath="C:/Users/mitchelld7373/Documents/GitHub/AtObsession/Assets/Scripts/swap_assets.cs" />
        <File uid="19" fullPath="C:/Users/mitchelld7373/Documents/GitHub/AtObsession/Assets/Scripts/toggle_menu.cs" />
        <File uid="20" fullPath="C:/Users/mitchelld7373/Documents/GitHub/AtObsession/Assets/Scripts/video_making.cs" />
        <File uid="21" fullPath="C:/Users/mitchelld7373/Documents/GitHub/AtObsession/Assets/Scripts/wake_up_notification.cs" />
      </Files>
      <Classes>
        <Class>
          <Summary numSequencePoints="12" visitedSequencePoints="12" numBranchPoints="0" visitedBranchPoints="0" sequenceCoverage="100.0" branchCoverage="0.0" maxCyclomaticComplexity="0" minCyclomaticComplexity="0" maxCrapScore="0" minCrapScore="0" visitedClasses="1" numClasses="1" visitedMethods="2" numMethods="2" />
          <FullName>asset_highlighter</FullName>
          <Methods>
            <Method visited="true" cyclomaticComplexity="0" nPathComplexity="0" sequenceCoverage="100.0" branchCoverage="0" crapScore="0" isConstructor="false" isStatic="false" isGetter="false" isSetter="false">
              <Summary numSequencePoints="10" visitedSequencePoints="10" numBranchPoints="0" visitedBranchPoints="0" sequenceCoverage="100.0" branchCoverage="0" maxCyclomaticComplexity="0" minCyclomaticComplexity="0" maxCrapScore="0" minCrapScore="0" visitedClasses="0" numClasses="0" visitedMethods="1" numMethods="1" />
              <MetadataToken>100663297</MetadataToken>
              <Name>System.Void asset_highlighter::Start()</Name>
              <FileRef uid="1" />
              <SequencePoints>
                <SequencePoint vc="23" uspid="2490" ordinal="0" offset="0" sl="15" sc="5" el="15" ec="5" bec="0" bev="0" fileid="1" />
                <SequencePoint vc="23" uspid="2491" ordinal="0" offset="1" sl="16" sc="9" el="16" ec="9" bec="0" bev="0" fileid="1" />
                <SequencePoint vc="23" uspid="2492" ordinal="0" offset="16" sl="17" sc="9" el="17" ec="9" bec="0" bev="0" fileid="1" />
                <SequencePoint vc="23" uspid="2493" ordinal="0" offset="17" sl="18" sc="13" el="18" ec="13" bec="0" bev="0" fileid="1" />
                <SequencePoint vc="23" uspid="2494" ordinal="0" offset="31" sl="19" sc="9" el="19" ec="9" bec="0" bev="0" fileid="1" />
                <SequencePoint vc="23" uspid="2495" ordinal="0" offset="32" sl="22" sc="9" el="22" ec="9" bec="0" bev="0" fileid="1" />
                <SequencePoint vc="1" uspid="2496" ordinal="0" offset="47" sl="23" sc="9" el="23" ec="9" bec="0" bev="0" fileid="1" />
                <SequencePoint vc="1" uspid="2497" ordinal="0" offset="48" sl="24" sc="13" el="24" ec="13" bec="0" bev="0" fileid="1" />
                <SequencePoint vc="1" uspid="2498" ordinal="0" offset="62" sl="25" sc="9" el="25" ec="9" bec="0" bev="0" fileid="1" />
                <SequencePoint vc="23" uspid="2499" ordinal="0" offset="63" sl="26" sc="5" el="26" ec="5" bec="0" bev="0" fileid="1" />
              </SequencePoints>
              <BranchPoints />
            </Method>
            <Method visited="true" cyclomaticComplexity="0" nPathComplexity="0" sequenceCoverage="100.0" branchCoverage="0" crapScore="0" isConstructor="true" isStatic="false" isGetter="false" isSetter="false">
              <Summary numSequencePoints="2" visitedSequencePoints="2" numBranchPoints="0" visitedBranchPoints="0" sequenceCoverage="100.0" branchCoverage="0" maxCyclomaticComplexity="0" minCyclomaticComplexity="0" maxCrapScore="0" minCrapScore="0" visitedClasses="0" numClasses="0" visitedMethods="1" numMethods="1" />
              <MetadataToken>100663301</MetadataToken>
              <Name>asset_highlighter::asset_highlighter()</Name>
              <FileRef uid="1" />
              <SequencePoints>
                <SequencePoint vc="23" uspid="2516" ordinal="0" offset="0" sl="10" sc="5" el="10" ec="5" bec="0" bev="0" fileid="1" />
                <SequencePoint vc="23" uspid="2517" ordinal="0" offset="7" sl="11" sc="5" el="11" ec="5" bec="0" bev="0" fileid="1" />
              </SequencePoints>
              <BranchPoints />
            </Method>
          </Methods>
        </Class>
        <Class>
          <Summary numSequencePoints="8" visitedSequencePoints="8" numBranchPoints="0" visitedBranchPoints="0" sequenceCoverage="100.0" branchCoverage="0.0" maxCyclomaticComplexity="0" minCyclomaticComplexity="0" maxCrapScore="0" minCrapScore="0" visitedClasses="1" numClasses="1" visitedMethods="3" numMethods="3" />
          <FullName>background_scares</FullName>
          <Methods>
            <Method visited="true" cyclomaticComplexity="0" nPathComplexity="0" sequenceCoverage="100.0" branchCoverage="0" crapScore="0" isConstructor="false" isStatic="false" isGetter="false" isSetter="false">
              <Summary numSequencePoints="5" visitedSequencePoints="5" numBranchPoints="0" visitedBranchPoints="0" sequenceCoverage="100.0" branchCoverage="0" maxCyclomaticComplexity="0" minCyclomaticComplexity="0" maxCrapScore="0" minCrapScore="0" visitedClasses="0" numClasses="0" visitedMethods="1" numMethods="1" />
              <MetadataToken>100663302</MetadataToken>
              <Name>System.Void background_scares::Start()</Name>
              <FileRef uid="2" />
              <SequencePoints>
                <SequencePoint vc="1" uspid="2518" ordinal="0" offset="0" sl="16" sc="5" el="16" ec="5" bec="0" bev="0" fileid="2" />
                <SequencePoint vc="1" uspid="2519" ordinal="0" offset="1" sl="17" sc="9" el="17" ec="9" bec="0" bev="0" fileid="2" />
                <SequencePoint vc="1" uspid="2520" ordinal="0" offset="22" sl="18" sc="9" el="18" ec="9" bec="0" bev="0" fileid="2" />
                <SequencePoint vc="1" uspid="2521" ordinal="0" offset="38" sl="20" sc="9" el="20" ec="9" bec="0" bev="0" fileid="2" />
                <SequencePoint vc="1" uspid="2522" ordinal="0" offset="62" sl="21" sc="5" el="21" ec="5" bec="0" bev="0" fileid="2" />
              </SequencePoints>
              <BranchPoints />
            </Method>
            <Method visited="true" cyclomaticComplexity="0" nPathComplexity="0" sequenceCoverage="100.0" branchCoverage="0" crapScore="0" isConstructor="false" isStatic="false" isGetter="false" isSetter="false">
              <Summary numSequencePoints="2" visitedSequencePoints="2" numBranchPoints="0" visitedBranchPoints="0" sequenceCoverage="100.0" branchCoverage="0" maxCyclomaticComplexity="0" minCyclomaticComplexity="0" maxCrapScore="0" minCrapScore="0" visitedClasses="0" numClasses="0" visitedMethods="1" numMethods="1" />
              <MetadataToken>100663304</MetadataToken>
              <Name>System.Void background_scares::Update()</Name>
              <FileRef uid="2" />
              <SequencePoints>
                <SequencePoint vc="2" uspid="2541" ordinal="0" offset="0" sl="47" sc="5" el="47" ec="5" bec="0" bev="0" fileid="2" />
                <SequencePoint vc="2" uspid="2542" ordinal="0" offset="1" sl="49" sc="5" el="49" ec="5" bec="0" bev="0" fileid="2" />
              </SequencePoints>
              <BranchPoints />
            </Method>
            <Method visited="true" cyclomaticComplexity="0" nPathComplexity="0" sequenceCoverage="100.0" branchCoverage="0" crapScore="0" isConstructor="true" isStatic="false" isGetter="false" isSetter="false">
              <Summary numSequencePoints="1" visitedSequencePoints="1" numBranchPoints="0" visitedBranchPoints="0" sequenceCoverage="100.0" branchCoverage="0" maxCyclomaticComplexity="0" minCyclomaticComplexity="0" maxCrapScore="0" minCrapScore="0" visitedClasses="0" numClasses="0" visitedMethods="1" numMethods="1" />
              <MetadataToken>100663306</MetadataToken>
              <Name>background_scares::background_scares()</Name>
              <FileRef uid="2" />
              <SequencePoints>
                <SequencePoint vc="1" uspid="2565" ordinal="0" offset="0" sl="12" sc="5" el="12" ec="5" bec="0" bev="0" fileid="2" />
              </SequencePoints>
              <BranchPoints />
            </Method>
          </Methods>
        </Class>
        <Class>
          <Summary numSequencePoints="15" visitedSequencePoints="12" numBranchPoints="0" visitedBranchPoints="0" sequenceCoverage="80.00" branchCoverage="0.0" maxCyclomaticComplexity="0" minCyclomaticComplexity="0" maxCrapScore="0" minCrapScore="0" visitedClasses="1" numClasses="1" visitedMethods="2" numMethods="2" />
          <FullName>change_dying_filter</FullName>
          <Methods>
            <Method visited="true" cyclomaticComplexity="0" nPathComplexity="0" sequenceCoverage="100.0" branchCoverage="0" crapScore="0" isConstructor="false" isStatic="false" isGetter="false" isSetter="false">
              <Summary numSequencePoints="5" visitedSequencePoints="5" numBranchPoints="0" visitedBranchPoints="0" sequenceCoverage="100.0" branchCoverage="0" maxCyclomaticComplexity="0" minCyclomaticComplexity="0" maxCrapScore="0" minCrapScore="0" visitedClasses="0" numClasses="0" visitedMethods="1" numMethods="1" />
              <MetadataToken>100663307</MetadataToken>
              <Name>System.Void change_dying_filter::Start()</Name>
              <FileRef uid="3" />
              <SequencePoints>
                <SequencePoint vc="1" uspid="2566" ordinal="0" offset="0" sl="13" sc="5" el="13" ec="5" bec="0" bev="0" fileid="3" />
                <SequencePoint vc="1" uspid="2567" ordinal="0" offset="1" sl="15" sc="9" el="15" ec="9" bec="0" bev="0" fileid="3" />
                <SequencePoint vc="1" uspid="2568" ordinal="0" offset="17" sl="16" sc="9" el="16" ec="9" bec="0" bev="0" fileid="3" />
                <SequencePoint vc="1" uspid="2569" ordinal="0" offset="36" sl="19" sc="9" el="19" ec="9" bec="0" bev="0" fileid="3" />
                <SequencePoint vc="1" uspid="2570" ordinal="0" offset="55" sl="22" sc="5" el="22" ec="5" bec="0" bev="0" fileid="3" />
              </SequencePoints>
              <BranchPoints />
            </Method>
            <Method visited="true" cyclomaticComplexity="0" nPathComplexity="0" sequenceCoverage="70.00" branchCoverage="0" crapScore="0" isConstructor="false" isStatic="false" isGetter="false" isSetter="false">
              <Summary numSequencePoints="10" visitedSequencePoints="7" numBranchPoints="0" visitedBranchPoints="0" sequenceCoverage="70.00" branchCoverage="0" maxCyclomaticComplexity="0" minCyclomaticComplexity="0" maxCrapScore="0" minCrapScore="0" visitedClasses="0" numClasses="0" visitedMethods="1" numMethods="1" />
              <MetadataToken>100663308</MetadataToken>
              <Name>System.Void change_dying_filter::changeFilterOpacity(System.Int32, System.Int32)</Name>
              <FileRef uid="3" />
              <SequencePoints>
                <SequencePoint vc="1" uspid="2571" ordinal="0" offset="0" sl="27" sc="5" el="27" ec="5" bec="0" bev="0" fileid="3" />
                <SequencePoint vc="1" uspid="2572" ordinal="0" offset="1" sl="28" sc="9" el="28" ec="9" bec="0" bev="0" fileid="3" />
                <SequencePoint vc="1" uspid="2573" ordinal="0" offset="8" sl="30" sc="9" el="30" ec="9" bec="0" bev="0" fileid="3" />
                <SequencePoint vc="1" uspid="2574" ordinal="0" offset="20" sl="31" sc="9" el="31" ec="9" bec="0" bev="0" fileid="3" />
                <SequencePoint vc="1" uspid="2575" ordinal="0" offset="32" sl="33" sc="9" el="33" ec="9" bec="0" bev="0" fileid="3" />
                <SequencePoint vc="0" uspid="2576" ordinal="0" offset="44" sl="34" sc="9" el="34" ec="9" bec="0" bev="0" fileid="3" />
                <SequencePoint vc="0" uspid="2577" ordinal="0" offset="45" sl="36" sc="13" el="36" ec="13" bec="0" bev="0" fileid="3" />
                <SequencePoint vc="0" uspid="2578" ordinal="0" offset="65" sl="37" sc="9" el="37" ec="9" bec="0" bev="0" fileid="3" />
                <SequencePoint vc="1" uspid="2579" ordinal="0" offset="66" sl="40" sc="9" el="40" ec="9" bec="0" bev="0" fileid="3" />
                <SequencePoint vc="1" uspid="2580" ordinal="0" offset="79" sl="41" sc="5" el="41" ec="5" bec="0" bev="0" fileid="3" />
              </SequencePoints>
              <BranchPoints />
            </Method>
          </Methods>
        </Class>
        <Class>
          <Summary numSequencePoints="10" visitedSequencePoints="10" numBranchPoints="0" visitedBranchPoints="0" sequenceCoverage="100.0" branchCoverage="0.0" maxCyclomaticComplexity="0" minCyclomaticComplexity="0" maxCrapScore="0" minCrapScore="0" visitedClasses="1" numClasses="1" visitedMethods="2" numMethods="2" />
          <FullName>change_wellness_filter</FullName>
          <Methods>
            <Method visited="true" cyclomaticComplexity="0" nPathComplexity="0" sequenceCoverage="100.0" branchCoverage="0" crapScore="0" isConstructor="false" isStatic="false" isGetter="false" isSetter="false">
              <Summary numSequencePoints="5" visitedSequencePoints="5" numBranchPoints="0" visitedBranchPoints="0" sequenceCoverage="100.0" branchCoverage="0" maxCyclomaticComplexity="0" minCyclomaticComplexity="0" maxCrapScore="0" minCrapScore="0" visitedClasses="0" numClasses="0" visitedMethods="1" numMethods="1" />
              <MetadataToken>100663311</MetadataToken>
              <Name>System.Void change_wellness_filter::Start()</Name>
              <FileRef uid="4" />
              <SequencePoints>
                <SequencePoint vc="1" uspid="2584" ordinal="0" offset="0" sl="11" sc="5" el="11" ec="5" bec="0" bev="0" fileid="4" />
                <SequencePoint vc="1" uspid="2585" ordinal="0" offset="1" sl="13" sc="9" el="13" ec="9" bec="0" bev="0" fileid="4" />
                <SequencePoint vc="1" uspid="2586" ordinal="0" offset="17" sl="14" sc="9" el="14" ec="9" bec="0" bev="0" fileid="4" />
                <SequencePoint vc="1" uspid="2587" ordinal="0" offset="36" sl="17" sc="9" el="17" ec="9" bec="0" bev="0" fileid="4" />
                <SequencePoint vc="1" uspid="2588" ordinal="0" offset="55" sl="19" sc="5" el="19" ec="5" bec="0" bev="0" fileid="4" />
              </SequencePoints>
              <BranchPoints />
            </Method>
            <Method visited="true" cyclomaticComplexity="0" nPathComplexity="0" sequenceCoverage="100.0" branchCoverage="0" crapScore="0" isConstructor="false" isStatic="false" isGetter="false" isSetter="false">
              <Summary numSequencePoints="5" visitedSequencePoints="5" numBranchPoints="0" visitedBranchPoints="0" sequenceCoverage="100.0" branchCoverage="0" maxCyclomaticComplexity="0" minCyclomaticComplexity="0" maxCrapScore="0" minCrapScore="0" visitedClasses="0" numClasses="0" visitedMethods="1" numMethods="1" />
              <MetadataToken>100663312</MetadataToken>
              <Name>System.Void change_wellness_filter::changeFilterOpacity(System.Int32, System.Int32)</Name>
              <FileRef uid="4" />
              <SequencePoints>
                <SequencePoint vc="1" uspid="2589" ordinal="0" offset="0" sl="24" sc="5" el="24" ec="5" bec="0" bev="0" fileid="4" />
                <SequencePoint vc="1" uspid="2590" ordinal="0" offset="1" sl="26" sc="9" el="26" ec="9" bec="0" bev="0" fileid="4" />
                <SequencePoint vc="1" uspid="2591" ordinal="0" offset="13" sl="27" sc="9" el="27" ec="9" bec="0" bev="0" fileid="4" />
                <SequencePoint vc="1" uspid="2592" ordinal="0" offset="33" sl="28" sc="9" el="28" ec="9" bec="0" bev="0" fileid="4" />
                <SequencePoint vc="1" uspid="2593" ordinal="0" offset="46" sl="29" sc="5" el="29" ec="5" bec="0" bev="0" fileid="4" />
              </SequencePoints>
              <BranchPoints />
            </Method>
          </Methods>
        </Class>
        <Class>
          <Summary numSequencePoints="11" visitedSequencePoints="11" numBranchPoints="0" visitedBranchPoints="0" sequenceCoverage="100.0" branchCoverage="0.0" maxCyclomaticComplexity="0" minCyclomaticComplexity="0" maxCrapScore="0" minCrapScore="0" visitedClasses="1" numClasses="1" visitedMethods="1" numMethods="1" />
          <FullName>ActionVariable</FullName>
          <Methods>
            <Method visited="true" cyclomaticComplexity="0" nPathComplexity="0" sequenceCoverage="100.0" branchCoverage="0" crapScore="0" isConstructor="true" isStatic="false" isGetter="false" isSetter="false">
              <Summary numSequencePoints="11" visitedSequencePoints="11" numBranchPoints="0" visitedBranchPoints="0" sequenceCoverage="100.0" branchCoverage="0" maxCyclomaticComplexity="0" minCyclomaticComplexity="0" maxCrapScore="0" minCrapScore="0" visitedClasses="0" numClasses="0" visitedMethods="1" numMethods="1" />
              <MetadataToken>100663314</MetadataToken>
              <Name>ActionVariable::ActionVariable(System.Int32, System.Int32, System.Double, System.String, System.String)</Name>
              <FileRef uid="5" />
              <SequencePoints>
                <SequencePoint vc="16" uspid="2612" ordinal="0" offset="0" sl="10" sc="5" el="10" ec="5" bec="0" bev="0" fileid="5" />
                <SequencePoint vc="16" uspid="2613" ordinal="0" offset="7" sl="11" sc="5" el="11" ec="5" bec="0" bev="0" fileid="5" />
                <SequencePoint vc="16" uspid="2614" ordinal="0" offset="14" sl="12" sc="5" el="12" ec="5" bec="0" bev="0" fileid="5" />
                <SequencePoint vc="16" uspid="2615" ordinal="0" offset="29" sl="16" sc="5" el="16" ec="5" bec="0" bev="0" fileid="5" />
                <SequencePoint vc="16" uspid="2616" ordinal="0" offset="36" sl="17" sc="5" el="17" ec="5" bec="0" bev="0" fileid="5" />
                <SequencePoint vc="16" uspid="2617" ordinal="0" offset="37" sl="18" sc="9" el="18" ec="9" bec="0" bev="0" fileid="5" />
                <SequencePoint vc="16" uspid="2618" ordinal="0" offset="44" sl="19" sc="9" el="19" ec="9" bec="0" bev="0" fileid="5" />
                <SequencePoint vc="16" uspid="2619" ordinal="0" offset="51" sl="20" sc="9" el="20" ec="9" bec="0" bev="0" fileid="5" />
                <SequencePoint vc="16" uspid="2620" ordinal="0" offset="58" sl="21" sc="9" el="21" ec="9" bec="0" bev="0" fileid="5" />
                <SequencePoint vc="16" uspid="2621" ordinal="0" offset="66" sl="22" sc="9" el="22" ec="9" bec="0" bev="0" fileid="5" />
                <SequencePoint vc="16" uspid="2622" ordinal="0" offset="74" sl="23" sc="5" el="23" ec="5" bec="0" bev="0" fileid="5" />
              </SequencePoints>
              <BranchPoints />
            </Method>
          </Methods>
        </Class>
        <Class>
          <Summary numSequencePoints="81" visitedSequencePoints="62" numBranchPoints="0" visitedBranchPoints="0" sequenceCoverage="76.54" branchCoverage="0.0" maxCyclomaticComplexity="0" minCyclomaticComplexity="0" maxCrapScore="0" minCrapScore="0" visitedClasses="1" numClasses="1" visitedMethods="8" numMethods="8" />
          <FullName>daily_action_storage</FullName>
          <Methods>
            <Method visited="true" cyclomaticComplexity="0" nPathComplexity="0" sequenceCoverage="100.0" branchCoverage="0" crapScore="0" isConstructor="false" isStatic="false" isGetter="false" isSetter="false">
              <Summary numSequencePoints="17" visitedSequencePoints="17" numBranchPoints="0" visitedBranchPoints="0" sequenceCoverage="100.0" branchCoverage="0" maxCyclomaticComplexity="0" minCyclomaticComplexity="0" maxCrapScore="0" minCrapScore="0" visitedClasses="0" numClasses="0" visitedMethods="1" numMethods="1" />
              <MetadataToken>100663321</MetadataToken>
              <Name>System.Void daily_action_storage::Awake()</Name>
              <FileRef uid="5" />
              <SequencePoints>
                <SequencePoint vc="1" uspid="2623" ordinal="0" offset="0" sl="71" sc="5" el="71" ec="5" bec="0" bev="0" fileid="5" />
                <SequencePoint vc="1" uspid="2624" ordinal="0" offset="1" sl="73" sc="9" el="73" ec="9" bec="0" bev="0" fileid="5" />
                <SequencePoint vc="1" uspid="2625" ordinal="0" offset="13" sl="74" sc="9" el="74" ec="9" bec="0" bev="0" fileid="5" />
                <SequencePoint vc="1" uspid="2626" ordinal="0" offset="37" sl="75" sc="9" el="75" ec="9" bec="0" bev="0" fileid="5" />
                <SequencePoint vc="1" uspid="2627" ordinal="0" offset="58" sl="76" sc="9" el="76" ec="9" bec="0" bev="0" fileid="5" />
                <SequencePoint vc="1" uspid="2628" ordinal="0" offset="65" sl="79" sc="9" el="79" ec="9" bec="0" bev="0" fileid="5" />
                <SequencePoint vc="1" uspid="2629" ordinal="0" offset="76" sl="82" sc="9" el="82" ec="9" bec="0" bev="0" fileid="5" />
                <SequencePoint vc="1" uspid="2630" ordinal="0" offset="97" sl="83" sc="9" el="83" ec="9" bec="0" bev="0" fileid="5" />
                <SequencePoint vc="1" uspid="2631" ordinal="0" offset="118" sl="84" sc="9" el="84" ec="9" bec="0" bev="0" fileid="5" />
                <SequencePoint vc="1" uspid="2632" ordinal="0" offset="139" sl="85" sc="9" el="85" ec="9" bec="0" bev="0" fileid="5" />
                <SequencePoint vc="1" uspid="2633" ordinal="0" offset="160" sl="86" sc="9" el="86" ec="9" bec="0" bev="0" fileid="5" />
                <SequencePoint vc="1" uspid="2634" ordinal="0" offset="181" sl="87" sc="9" el="87" ec="9" bec="0" bev="0" fileid="5" />
                <SequencePoint vc="1" uspid="2635" ordinal="0" offset="202" sl="89" sc="9" el="89" ec="9" bec="0" bev="0" fileid="5" />
                <SequencePoint vc="1" uspid="2636" ordinal="0" offset="223" sl="90" sc="9" el="90" ec="9" bec="0" bev="0" fileid="5" />
                <SequencePoint vc="1" uspid="2637" ordinal="0" offset="244" sl="91" sc="9" el="91" ec="9" bec="0" bev="0" fileid="5" />
                <SequencePoint vc="1" uspid="2638" ordinal="0" offset="265" sl="92" sc="9" el="92" ec="9" bec="0" bev="0" fileid="5" />
                <SequencePoint vc="1" uspid="2639" ordinal="0" offset="286" sl="93" sc="5" el="93" ec="5" bec="0" bev="0" fileid="5" />
              </SequencePoints>
              <BranchPoints />
            </Method>
            <Method visited="true" cyclomaticComplexity="0" nPathComplexity="0" sequenceCoverage="100.0" branchCoverage="0" crapScore="0" isConstructor="false" isStatic="false" isGetter="false" isSetter="false">
              <Summary numSequencePoints="6" visitedSequencePoints="6" numBranchPoints="0" visitedBranchPoints="0" sequenceCoverage="100.0" branchCoverage="0" maxCyclomaticComplexity="0" minCyclomaticComplexity="0" maxCrapScore="0" minCrapScore="0" visitedClasses="0" numClasses="0" visitedMethods="1" numMethods="1" />
              <MetadataToken>100663322</MetadataToken>
              <Name>System.Void daily_action_storage::Start()</Name>
              <FileRef uid="5" />
              <SequencePoints>
                <SequencePoint vc="1" uspid="2640" ordinal="0" offset="0" sl="97" sc="5" el="97" ec="5" bec="0" bev="0" fileid="5" />
                <SequencePoint vc="1" uspid="2641" ordinal="0" offset="1" sl="98" sc="9" el="98" ec="9" bec="0" bev="0" fileid="5" />
                <SequencePoint vc="1" uspid="2642" ordinal="0" offset="675" sl="128" sc="9" el="128" ec="9" bec="0" bev="0" fileid="5" />
                <SequencePoint vc="1" uspid="2643" ordinal="0" offset="686" sl="130" sc="9" el="130" ec="9" bec="0" bev="0" fileid="5" />
                <SequencePoint vc="1" uspid="2644" ordinal="0" offset="865" sl="152" sc="9" el="152" ec="9" bec="0" bev="0" fileid="5" />
                <SequencePoint vc="1" uspid="2645" ordinal="0" offset="874" sl="153" sc="5" el="153" ec="5" bec="0" bev="0" fileid="5" />
              </SequencePoints>
              <BranchPoints />
            </Method>
            <Method visited="true" cyclomaticComplexity="0" nPathComplexity="0" sequenceCoverage="66.67" branchCoverage="0" crapScore="0" isConstructor="false" isStatic="false" isGetter="false" isSetter="false">
              <Summary numSequencePoints="3" visitedSequencePoints="2" numBranchPoints="0" visitedBranchPoints="0" sequenceCoverage="66.67" branchCoverage="0" maxCyclomaticComplexity="0" minCyclomaticComplexity="0" maxCrapScore="0" minCrapScore="0" visitedClasses="0" numClasses="0" visitedMethods="1" numMethods="1" />
              <MetadataToken>100663323</MetadataToken>
              <Name>ActionVariable daily_action_storage::getActionVariable(System.String)</Name>
              <FileRef uid="5" />
              <SequencePoints>
                <SequencePoint vc="1" uspid="2646" ordinal="0" offset="0" sl="156" sc="5" el="156" ec="5" bec="0" bev="0" fileid="5" />
                <SequencePoint vc="1" uspid="2647" ordinal="0" offset="1" sl="157" sc="9" el="157" ec="9" bec="0" bev="0" fileid="5" />
                <SequencePoint vc="0" uspid="2648" ordinal="0" offset="16" sl="158" sc="5" el="158" ec="5" bec="0" bev="0" fileid="5" />
              </SequencePoints>
              <BranchPoints />
            </Method>
            <Method visited="true" cyclomaticComplexity="0" nPathComplexity="0" sequenceCoverage="100.0" branchCoverage="0" crapScore="0" isConstructor="false" isStatic="false" isGetter="false" isSetter="false">
              <Summary numSequencePoints="5" visitedSequencePoints="5" numBranchPoints="0" visitedBranchPoints="0" sequenceCoverage="100.0" branchCoverage="0" maxCyclomaticComplexity="0" minCyclomaticComplexity="0" maxCrapScore="0" minCrapScore="0" visitedClasses="0" numClasses="0" visitedMethods="1" numMethods="1" />
              <MetadataToken>100663324</MetadataToken>
              <Name>System.Int32 daily_action_storage::RandomTimeBig()</Name>
              <FileRef uid="5" />
              <SequencePoints>
                <SequencePoint vc="2" uspid="2649" ordinal="0" offset="0" sl="161" sc="5" el="161" ec="5" bec="0" bev="0" fileid="5" />
                <SequencePoint vc="2" uspid="2650" ordinal="0" offset="1" sl="164" sc="9" el="164" ec="9" bec="0" bev="0" fileid="5" />
                <SequencePoint vc="2" uspid="2651" ordinal="0" offset="17" sl="165" sc="9" el="165" ec="9" bec="0" bev="0" fileid="5" />
                <SequencePoint vc="2" uspid="2652" ordinal="0" offset="21" sl="166" sc="9" el="166" ec="9" bec="0" bev="0" fileid="5" />
                <SequencePoint vc="2" uspid="2653" ordinal="0" offset="25" sl="167" sc="5" el="167" ec="5" bec="0" bev="0" fileid="5" />
              </SequencePoints>
              <BranchPoints />
            </Method>
            <Method visited="true" cyclomaticComplexity="0" nPathComplexity="0" sequenceCoverage="100.0" branchCoverage="0" crapScore="0" isConstructor="false" isStatic="false" isGetter="false" isSetter="false">
              <Summary numSequencePoints="5" visitedSequencePoints="5" numBranchPoints="0" visitedBranchPoints="0" sequenceCoverage="100.0" branchCoverage="0" maxCyclomaticComplexity="0" minCyclomaticComplexity="0" maxCrapScore="0" minCrapScore="0" visitedClasses="0" numClasses="0" visitedMethods="1" numMethods="1" />
              <MetadataToken>100663325</MetadataToken>
              <Name>System.Int32 daily_action_storage::RandomTimeSmall()</Name>
              <FileRef uid="5" />
              <SequencePoints>
                <SequencePoint vc="1" uspid="2654" ordinal="0" offset="0" sl="170" sc="5" el="170" ec="5" bec="0" bev="0" fileid="5" />
                <SequencePoint vc="1" uspid="2655" ordinal="0" offset="1" sl="173" sc="9" el="173" ec="9" bec="0" bev="0" fileid="5" />
                <SequencePoint vc="1" uspid="2656" ordinal="0" offset="16" sl="174" sc="9" el="174" ec="9" bec="0" bev="0" fileid="5" />
                <SequencePoint vc="1" uspid="2657" ordinal="0" offset="20" sl="175" sc="9" el="175" ec="9" bec="0" bev="0" fileid="5" />
                <SequencePoint vc="1" uspid="2658" ordinal="0" offset="24" sl="176" sc="5" el="176" ec="5" bec="0" bev="0" fileid="5" />
              </SequencePoints>
              <BranchPoints />
            </Method>
            <Method visited="true" cyclomaticComplexity="0" nPathComplexity="0" sequenceCoverage="60.00" branchCoverage="0" crapScore="0" isConstructor="false" isStatic="false" isGetter="false" isSetter="false">
              <Summary numSequencePoints="10" visitedSequencePoints="6" numBranchPoints="0" visitedBranchPoints="0" sequenceCoverage="60.00" branchCoverage="0" maxCyclomaticComplexity="0" minCyclomaticComplexity="0" maxCrapScore="0" minCrapScore="0" visitedClasses="0" numClasses="0" visitedMethods="1" numMethods="1" />
              <MetadataToken>100663326</MetadataToken>
              <Name>System.Int32 daily_action_storage::RandomWellness()</Name>
              <FileRef uid="5" />
              <SequencePoints>
                <SequencePoint vc="1" uspid="2659" ordinal="0" offset="0" sl="179" sc="5" el="179" ec="5" bec="0" bev="0" fileid="5" />
                <SequencePoint vc="1" uspid="2660" ordinal="0" offset="1" sl="182" sc="9" el="182" ec="9" bec="0" bev="0" fileid="5" />
                <SequencePoint vc="1" uspid="2661" ordinal="0" offset="15" sl="183" sc="9" el="183" ec="9" bec="0" bev="0" fileid="5" />
                <SequencePoint vc="1" uspid="2662" ordinal="0" offset="23" sl="184" sc="9" el="184" ec="9" bec="0" bev="0" fileid="5" />
                <SequencePoint vc="1" uspid="2663" ordinal="0" offset="24" sl="185" sc="13" el="185" ec="13" bec="0" bev="0" fileid="5" />
                <SequencePoint vc="0" uspid="2664" ordinal="0" offset="29" sl="187" sc="9" el="187" ec="9" bec="0" bev="0" fileid="5" />
                <SequencePoint vc="0" uspid="2665" ordinal="0" offset="37" sl="187" sc="32" el="187" ec="32" bec="0" bev="0" fileid="5" />
                <SequencePoint vc="0" uspid="2666" ordinal="0" offset="38" sl="188" sc="13" el="188" ec="13" bec="0" bev="0" fileid="5" />
                <SequencePoint vc="0" uspid="2667" ordinal="0" offset="43" sl="190" sc="9" el="190" ec="9" bec="0" bev="0" fileid="5" />
                <SequencePoint vc="1" uspid="2668" ordinal="0" offset="47" sl="191" sc="5" el="191" ec="5" bec="0" bev="0" fileid="5" />
              </SequencePoints>
              <BranchPoints />
            </Method>
            <Method visited="true" cyclomaticComplexity="0" nPathComplexity="0" sequenceCoverage="58.82" branchCoverage="0" crapScore="0" isConstructor="false" isStatic="false" isGetter="false" isSetter="false">
              <Summary numSequencePoints="34" visitedSequencePoints="20" numBranchPoints="0" visitedBranchPoints="0" sequenceCoverage="58.82" branchCoverage="0" maxCyclomaticComplexity="0" minCyclomaticComplexity="0" maxCrapScore="0" minCrapScore="0" visitedClasses="0" numClasses="0" visitedMethods="1" numMethods="1" />
              <MetadataToken>100663332</MetadataToken>
              <Name>System.Void daily_action_storage::toggleButtons(System.Int32, System.Int32)</Name>
              <FileRef uid="5" />
              <SequencePoints>
                <SequencePoint vc="1" uspid="2728" ordinal="0" offset="0" sl="270" sc="5" el="270" ec="5" bec="0" bev="0" fileid="5" />
                <SequencePoint vc="1" uspid="2729" ordinal="0" offset="1" sl="271" sc="9" el="271" ec="9" bec="0" bev="0" fileid="5" />
                <SequencePoint vc="0" uspid="2730" ordinal="0" offset="16" sl="272" sc="9" el="272" ec="9" bec="0" bev="0" fileid="5" />
                <SequencePoint vc="0" uspid="2731" ordinal="0" offset="17" sl="273" sc="13" el="273" ec="13" bec="0" bev="0" fileid="5" />
                <SequencePoint vc="0" uspid="2732" ordinal="0" offset="30" sl="274" sc="13" el="274" ec="13" bec="0" bev="0" fileid="5" />
                <SequencePoint vc="0" uspid="2733" ordinal="0" offset="43" sl="276" sc="9" el="276" ec="9" bec="0" bev="0" fileid="5" />
                <SequencePoint vc="1" uspid="2734" ordinal="0" offset="46" sl="278" sc="9" el="278" ec="9" bec="0" bev="0" fileid="5" />
                <SequencePoint vc="1" uspid="2735" ordinal="0" offset="47" sl="279" sc="13" el="279" ec="13" bec="0" bev="0" fileid="5" />
                <SequencePoint vc="1" uspid="2736" ordinal="0" offset="60" sl="280" sc="13" el="280" ec="13" bec="0" bev="0" fileid="5" />
                <SequencePoint vc="1" uspid="2737" ordinal="0" offset="73" sl="281" sc="9" el="281" ec="9" bec="0" bev="0" fileid="5" />
                <SequencePoint vc="1" uspid="2738" ordinal="0" offset="74" sl="283" sc="9" el="283" ec="9" bec="0" bev="0" fileid="5" />
                <SequencePoint vc="0" uspid="2739" ordinal="0" offset="89" sl="284" sc="9" el="284" ec="9" bec="0" bev="0" fileid="5" />
                <SequencePoint vc="0" uspid="2740" ordinal="0" offset="90" sl="285" sc="13" el="285" ec="13" bec="0" bev="0" fileid="5" />
                <SequencePoint vc="0" uspid="2741" ordinal="0" offset="103" sl="286" sc="13" el="286" ec="13" bec="0" bev="0" fileid="5" />
                <SequencePoint vc="0" uspid="2742" ordinal="0" offset="116" sl="287" sc="9" el="287" ec="9" bec="0" bev="0" fileid="5" />
                <SequencePoint vc="1" uspid="2743" ordinal="0" offset="119" sl="289" sc="9" el="289" ec="9" bec="0" bev="0" fileid="5" />
                <SequencePoint vc="1" uspid="2744" ordinal="0" offset="120" sl="290" sc="13" el="290" ec="13" bec="0" bev="0" fileid="5" />
                <SequencePoint vc="1" uspid="2745" ordinal="0" offset="133" sl="291" sc="13" el="291" ec="13" bec="0" bev="0" fileid="5" />
                <SequencePoint vc="1" uspid="2746" ordinal="0" offset="146" sl="292" sc="9" el="292" ec="9" bec="0" bev="0" fileid="5" />
                <SequencePoint vc="1" uspid="2747" ordinal="0" offset="147" sl="294" sc="9" el="294" ec="9" bec="0" bev="0" fileid="5" />
                <SequencePoint vc="0" uspid="2748" ordinal="0" offset="185" sl="295" sc="9" el="295" ec="9" bec="0" bev="0" fileid="5" />
                <SequencePoint vc="0" uspid="2749" ordinal="0" offset="186" sl="296" sc="13" el="296" ec="13" bec="0" bev="0" fileid="5" />
                <SequencePoint vc="0" uspid="2750" ordinal="0" offset="199" sl="297" sc="9" el="297" ec="9" bec="0" bev="0" fileid="5" />
                <SequencePoint vc="1" uspid="2751" ordinal="0" offset="202" sl="299" sc="9" el="299" ec="9" bec="0" bev="0" fileid="5" />
                <SequencePoint vc="1" uspid="2752" ordinal="0" offset="203" sl="300" sc="13" el="300" ec="13" bec="0" bev="0" fileid="5" />
                <SequencePoint vc="1" uspid="2753" ordinal="0" offset="216" sl="301" sc="9" el="301" ec="9" bec="0" bev="0" fileid="5" />
                <SequencePoint vc="1" uspid="2754" ordinal="0" offset="217" sl="303" sc="9" el="303" ec="9" bec="0" bev="0" fileid="5" />
                <SequencePoint vc="0" uspid="2755" ordinal="0" offset="255" sl="304" sc="9" el="304" ec="9" bec="0" bev="0" fileid="5" />
                <SequencePoint vc="0" uspid="2756" ordinal="0" offset="256" sl="305" sc="13" el="305" ec="13" bec="0" bev="0" fileid="5" />
                <SequencePoint vc="0" uspid="2757" ordinal="0" offset="269" sl="306" sc="9" el="306" ec="9" bec="0" bev="0" fileid="5" />
                <SequencePoint vc="1" uspid="2758" ordinal="0" offset="272" sl="308" sc="9" el="308" ec="9" bec="0" bev="0" fileid="5" />
                <SequencePoint vc="1" uspid="2759" ordinal="0" offset="273" sl="309" sc="13" el="309" ec="13" bec="0" bev="0" fileid="5" />
                <SequencePoint vc="1" uspid="2760" ordinal="0" offset="286" sl="310" sc="9" el="310" ec="9" bec="0" bev="0" fileid="5" />
                <SequencePoint vc="1" uspid="2761" ordinal="0" offset="287" sl="312" sc="5" el="312" ec="5" bec="0" bev="0" fileid="5" />
              </SequencePoints>
              <BranchPoints />
            </Method>
            <Method visited="true" cyclomaticComplexity="0" nPathComplexity="0" sequenceCoverage="100.0" branchCoverage="0" crapScore="0" isConstructor="true" isStatic="false" isGetter="false" isSetter="false">
              <Summary numSequencePoints="1" visitedSequencePoints="1" numBranchPoints="0" visitedBranchPoints="0" sequenceCoverage="100.0" branchCoverage="0" maxCyclomaticComplexity="0" minCyclomaticComplexity="0" maxCrapScore="0" minCrapScore="0" visitedClasses="0" numClasses="0" visitedMethods="1" numMethods="1" />
              <MetadataToken>100663335</MetadataToken>
              <Name>daily_action_storage::daily_action_storage()</Name>
              <FileRef uid="5" />
              <SequencePoints>
                <SequencePoint vc="1" uspid="2815" ordinal="0" offset="0" sl="55" sc="5" el="55" ec="5" bec="0" bev="0" fileid="5" />
              </SequencePoints>
              <BranchPoints />
            </Method>
          </Methods>
        </Class>
        <Class>
          <Summary numSequencePoints="59" visitedSequencePoints="37" numBranchPoints="0" visitedBranchPoints="0" sequenceCoverage="62.71" branchCoverage="0.0" maxCyclomaticComplexity="0" minCyclomaticComplexity="0" maxCrapScore="0" minCrapScore="0" visitedClasses="1" numClasses="1" visitedMethods="3" numMethods="3" />
          <FullName>day_night_manager</FullName>
          <Methods>
            <Method visited="true" cyclomaticComplexity="0" nPathComplexity="0" sequenceCoverage="100.0" branchCoverage="0" crapScore="0" isConstructor="false" isStatic="false" isGetter="false" isSetter="false">
              <Summary numSequencePoints="9" visitedSequencePoints="9" numBranchPoints="0" visitedBranchPoints="0" sequenceCoverage="100.0" branchCoverage="0" maxCyclomaticComplexity="0" minCyclomaticComplexity="0" maxCrapScore="0" minCrapScore="0" visitedClasses="0" numClasses="0" visitedMethods="1" numMethods="1" />
              <MetadataToken>100663336</MetadataToken>
              <Name>System.Void day_night_manager::Start()</Name>
              <FileRef uid="6" />
              <SequencePoints>
                <SequencePoint vc="1" uspid="2816" ordinal="0" offset="0" sl="13" sc="5" el="13" ec="5" bec="0" bev="0" fileid="6" />
                <SequencePoint vc="1" uspid="2817" ordinal="0" offset="1" sl="14" sc="9" el="14" ec="9" bec="0" bev="0" fileid="6" />
                <SequencePoint vc="1" uspid="2818" ordinal="0" offset="22" sl="15" sc="9" el="15" ec="9" bec="0" bev="0" fileid="6" />
                <SequencePoint vc="1" uspid="2819" ordinal="0" offset="46" sl="16" sc="9" el="16" ec="9" bec="0" bev="0" fileid="6" />
                <SequencePoint vc="1" uspid="2820" ordinal="0" offset="70" sl="18" sc="9" el="18" ec="9" bec="0" bev="0" fileid="6" />
                <SequencePoint vc="1" uspid="2821" ordinal="0" offset="86" sl="19" sc="9" el="19" ec="9" bec="0" bev="0" fileid="6" />
                <SequencePoint vc="1" uspid="2822" ordinal="0" offset="102" sl="21" sc="9" el="21" ec="9" bec="0" bev="0" fileid="6" />
                <SequencePoint vc="1" uspid="2823" ordinal="0" offset="131" sl="22" sc="9" el="22" ec="9" bec="0" bev="0" fileid="6" />
                <SequencePoint vc="1" uspid="2824" ordinal="0" offset="160" sl="23" sc="5" el="23" ec="5" bec="0" bev="0" fileid="6" />
              </SequencePoints>
              <BranchPoints />
            </Method>
            <Method visited="true" cyclomaticComplexity="0" nPathComplexity="0" sequenceCoverage="60.00" branchCoverage="0" crapScore="0" isConstructor="false" isStatic="false" isGetter="false" isSetter="false">
              <Summary numSequencePoints="15" visitedSequencePoints="9" numBranchPoints="0" visitedBranchPoints="0" sequenceCoverage="60.00" branchCoverage="0" maxCyclomaticComplexity="0" minCyclomaticComplexity="0" maxCrapScore="0" minCrapScore="0" visitedClasses="0" numClasses="0" visitedMethods="1" numMethods="1" />
              <MetadataToken>100663337</MetadataToken>
              <Name>System.Void day_night_manager::updateFilter(System.Int32, System.Int32)</Name>
              <FileRef uid="6" />
              <SequencePoints>
                <SequencePoint vc="1" uspid="2825" ordinal="0" offset="0" sl="26" sc="5" el="26" ec="5" bec="0" bev="0" fileid="6" />
                <SequencePoint vc="1" uspid="2826" ordinal="0" offset="1" sl="27" sc="9" el="27" ec="9" bec="0" bev="0" fileid="6" />
                <SequencePoint vc="1" uspid="2827" ordinal="0" offset="13" sl="29" sc="9" el="29" ec="9" bec="0" bev="0" fileid="6" />
                <SequencePoint vc="0" uspid="2828" ordinal="0" offset="36" sl="30" sc="9" el="30" ec="9" bec="0" bev="0" fileid="6" />
                <SequencePoint vc="0" uspid="2829" ordinal="0" offset="37" sl="31" sc="13" el="31" ec="13" bec="0" bev="0" fileid="6" />
                <SequencePoint vc="0" uspid="2830" ordinal="0" offset="49" sl="32" sc="9" el="32" ec="9" bec="0" bev="0" fileid="6" />
                <SequencePoint vc="1" uspid="2831" ordinal="0" offset="52" sl="33" sc="14" el="33" ec="14" bec="0" bev="0" fileid="6" />
                <SequencePoint vc="0" uspid="2832" ordinal="0" offset="64" sl="34" sc="9" el="34" ec="9" bec="0" bev="0" fileid="6" />
                <SequencePoint vc="0" uspid="2833" ordinal="0" offset="65" sl="35" sc="13" el="35" ec="13" bec="0" bev="0" fileid="6" />
                <SequencePoint vc="0" uspid="2834" ordinal="0" offset="87" sl="36" sc="9" el="36" ec="9" bec="0" bev="0" fileid="6" />
                <SequencePoint vc="1" uspid="2835" ordinal="0" offset="90" sl="38" sc="9" el="38" ec="9" bec="0" bev="0" fileid="6" />
                <SequencePoint vc="1" uspid="2836" ordinal="0" offset="91" sl="39" sc="13" el="39" ec="13" bec="0" bev="0" fileid="6" />
                <SequencePoint vc="1" uspid="2837" ordinal="0" offset="103" sl="40" sc="9" el="40" ec="9" bec="0" bev="0" fileid="6" />
                <SequencePoint vc="1" uspid="2838" ordinal="0" offset="104" sl="42" sc="9" el="42" ec="9" bec="0" bev="0" fileid="6" />
                <SequencePoint vc="1" uspid="2839" ordinal="0" offset="117" sl="43" sc="5" el="43" ec="5" bec="0" bev="0" fileid="6" />
              </SequencePoints>
              <BranchPoints />
            </Method>
            <Method visited="true" cyclomaticComplexity="0" nPathComplexity="0" sequenceCoverage="54.29" branchCoverage="0" crapScore="0" isConstructor="false" isStatic="false" isGetter="false" isSetter="false">
              <Summary numSequencePoints="35" visitedSequencePoints="19" numBranchPoints="0" visitedBranchPoints="0" sequenceCoverage="54.29" branchCoverage="0" maxCyclomaticComplexity="0" minCyclomaticComplexity="0" maxCrapScore="0" minCrapScore="0" visitedClasses="0" numClasses="0" visitedMethods="1" numMethods="1" />
              <MetadataToken>100663338</MetadataToken>
              <Name>System.Void day_night_manager::updateBackground(System.Int32, System.Int32)</Name>
              <FileRef uid="6" />
              <SequencePoints>
                <SequencePoint vc="1" uspid="2840" ordinal="0" offset="0" sl="46" sc="5" el="46" ec="5" bec="0" bev="0" fileid="6" />
                <SequencePoint vc="1" uspid="2841" ordinal="0" offset="1" sl="47" sc="9" el="47" ec="9" bec="0" bev="0" fileid="6" />
                <SequencePoint vc="0" uspid="2842" ordinal="0" offset="13" sl="48" sc="9" el="48" ec="9" bec="0" bev="0" fileid="6" />
                <SequencePoint vc="0" uspid="2843" ordinal="0" offset="14" sl="49" sc="13" el="49" ec="13" bec="0" bev="0" fileid="6" />
                <SequencePoint vc="0" uspid="2844" ordinal="0" offset="15" sl="49" sc="40" el="49" ec="40" bec="0" bev="0" fileid="6" />
                <SequencePoint vc="0" uspid="2845" ordinal="0" offset="26" sl="49" sc="22" el="49" ec="22" bec="0" bev="0" fileid="6" />
                <SequencePoint vc="0" uspid="2846" ordinal="0" offset="30" sl="50" sc="13" el="50" ec="13" bec="0" bev="0" fileid="6" />
                <SequencePoint vc="0" uspid="2847" ordinal="0" offset="31" sl="51" sc="17" el="51" ec="17" bec="0" bev="0" fileid="6" />
                <SequencePoint vc="0" uspid="2848" ordinal="0" offset="39" sl="52" sc="13" el="52" ec="13" bec="0" bev="0" fileid="6" />
                <SequencePoint vc="0" uspid="2849" ordinal="0" offset="44" sl="49" sc="37" el="49" ec="37" bec="0" bev="0" fileid="6" />
                <SequencePoint vc="0" uspid="2850" ordinal="0" offset="50" sl="53" sc="13" el="53" ec="13" bec="0" bev="0" fileid="6" />
                <SequencePoint vc="0" uspid="2851" ordinal="0" offset="51" sl="53" sc="40" el="53" ec="40" bec="0" bev="0" fileid="6" />
                <SequencePoint vc="0" uspid="2852" ordinal="0" offset="64" sl="53" sc="22" el="53" ec="22" bec="0" bev="0" fileid="6" />
                <SequencePoint vc="0" uspid="2853" ordinal="0" offset="71" sl="54" sc="13" el="54" ec="13" bec="0" bev="0" fileid="6" />
                <SequencePoint vc="0" uspid="2854" ordinal="0" offset="72" sl="55" sc="17" el="55" ec="17" bec="0" bev="0" fileid="6" />
                <SequencePoint vc="0" uspid="2855" ordinal="0" offset="81" sl="56" sc="13" el="56" ec="13" bec="0" bev="0" fileid="6" />
                <SequencePoint vc="0" uspid="2856" ordinal="0" offset="88" sl="53" sc="37" el="53" ec="37" bec="0" bev="0" fileid="6" />
                <SequencePoint vc="0" uspid="2857" ordinal="0" offset="96" sl="57" sc="9" el="57" ec="9" bec="0" bev="0" fileid="6" />
                <SequencePoint vc="1" uspid="2858" ordinal="0" offset="99" sl="59" sc="9" el="59" ec="9" bec="0" bev="0" fileid="6" />
                <SequencePoint vc="1" uspid="2859" ordinal="0" offset="100" sl="60" sc="13" el="60" ec="13" bec="0" bev="0" fileid="6" />
                <SequencePoint vc="1" uspid="2860" ordinal="0" offset="101" sl="60" sc="40" el="60" ec="40" bec="0" bev="0" fileid="6" />
                <SequencePoint vc="3" uspid="2861" ordinal="0" offset="114" sl="60" sc="22" el="60" ec="22" bec="0" bev="0" fileid="6" />
                <SequencePoint vc="3" uspid="2862" ordinal="0" offset="121" sl="61" sc="13" el="61" ec="13" bec="0" bev="0" fileid="6" />
                <SequencePoint vc="3" uspid="2863" ordinal="0" offset="122" sl="62" sc="17" el="62" ec="17" bec="0" bev="0" fileid="6" />
                <SequencePoint vc="3" uspid="2864" ordinal="0" offset="131" sl="63" sc="13" el="63" ec="13" bec="0" bev="0" fileid="6" />
                <SequencePoint vc="4" uspid="2865" ordinal="0" offset="138" sl="60" sc="37" el="60" ec="37" bec="0" bev="0" fileid="6" />
                <SequencePoint vc="1" uspid="2866" ordinal="0" offset="146" sl="64" sc="13" el="64" ec="13" bec="0" bev="0" fileid="6" />
                <SequencePoint vc="1" uspid="2867" ordinal="0" offset="147" sl="64" sc="40" el="64" ec="40" bec="0" bev="0" fileid="6" />
                <SequencePoint vc="2" uspid="2868" ordinal="0" offset="160" sl="64" sc="22" el="64" ec="22" bec="0" bev="0" fileid="6" />
                <SequencePoint vc="2" uspid="2869" ordinal="0" offset="167" sl="65" sc="13" el="65" ec="13" bec="0" bev="0" fileid="6" />
                <SequencePoint vc="2" uspid="2870" ordinal="0" offset="168" sl="66" sc="17" el="66" ec="17" bec="0" bev="0" fileid="6" />
                <SequencePoint vc="2" uspid="2871" ordinal="0" offset="177" sl="67" sc="13" el="67" ec="13" bec="0" bev="0" fileid="6" />
                <SequencePoint vc="3" uspid="2872" ordinal="0" offset="184" sl="64" sc="37" el="64" ec="37" bec="0" bev="0" fileid="6" />
                <SequencePoint vc="1" uspid="2873" ordinal="0" offset="192" sl="68" sc="9" el="68" ec="9" bec="0" bev="0" fileid="6" />
                <SequencePoint vc="1" uspid="2874" ordinal="0" offset="193" sl="69" sc="5" el="69" ec="5" bec="0" bev="0" fileid="6" />
              </SequencePoints>
              <BranchPoints />
            </Method>
          </Methods>
        </Class>
        <Class>
          <Summary numSequencePoints="40" visitedSequencePoints="14" numBranchPoints="0" visitedBranchPoints="0" sequenceCoverage="35.00" branchCoverage="0.0" maxCyclomaticComplexity="0" minCyclomaticComplexity="0" maxCrapScore="0" minCrapScore="0" visitedClasses="1" numClasses="1" visitedMethods="3" numMethods="3" />
          <FullName>developer_options</FullName>
          <Methods>
            <Method visited="true" cyclomaticComplexity="0" nPathComplexity="0" sequenceCoverage="100.0" branchCoverage="0" crapScore="0" isConstructor="false" isStatic="false" isGetter="false" isSetter="false">
              <Summary numSequencePoints="3" visitedSequencePoints="3" numBranchPoints="0" visitedBranchPoints="0" sequenceCoverage="100.0" branchCoverage="0" maxCyclomaticComplexity="0" minCyclomaticComplexity="0" maxCrapScore="0" minCrapScore="0" visitedClasses="0" numClasses="0" visitedMethods="1" numMethods="1" />
              <MetadataToken>100663340</MetadataToken>
              <Name>System.Void developer_options::Awake()</Name>
              <FileRef uid="7" />
              <SequencePoints>
                <SequencePoint vc="1" uspid="2875" ordinal="0" offset="0" sl="37" sc="5" el="37" ec="5" bec="0" bev="0" fileid="7" />
                <SequencePoint vc="1" uspid="2876" ordinal="0" offset="1" sl="38" sc="9" el="38" ec="9" bec="0" bev="0" fileid="7" />
                <SequencePoint vc="1" uspid="2877" ordinal="0" offset="17" sl="39" sc="5" el="39" ec="5" bec="0" bev="0" fileid="7" />
              </SequencePoints>
              <BranchPoints />
            </Method>
            <Method visited="true" cyclomaticComplexity="0" nPathComplexity="0" sequenceCoverage="25.81" branchCoverage="0" crapScore="0" isConstructor="false" isStatic="false" isGetter="false" isSetter="false">
              <Summary numSequencePoints="31" visitedSequencePoints="8" numBranchPoints="0" visitedBranchPoints="0" sequenceCoverage="25.81" branchCoverage="0" maxCyclomaticComplexity="0" minCyclomaticComplexity="0" maxCrapScore="0" minCrapScore="0" visitedClasses="0" numClasses="0" visitedMethods="1" numMethods="1" />
              <MetadataToken>100663341</MetadataToken>
              <Name>System.Void developer_options::Start()</Name>
              <FileRef uid="7" />
              <SequencePoints>
                <SequencePoint vc="1" uspid="2878" ordinal="0" offset="0" sl="44" sc="5" el="44" ec="5" bec="0" bev="0" fileid="7" />
                <SequencePoint vc="1" uspid="2879" ordinal="0" offset="1" sl="45" sc="9" el="45" ec="9" bec="0" bev="0" fileid="7" />
                <SequencePoint vc="0" uspid="2880" ordinal="0" offset="11" sl="46" sc="9" el="46" ec="9" bec="0" bev="0" fileid="7" />
                <SequencePoint vc="0" uspid="2881" ordinal="0" offset="12" sl="47" sc="13" el="47" ec="13" bec="0" bev="0" fileid="7" />
                <SequencePoint vc="0" uspid="2882" ordinal="0" offset="30" sl="48" sc="9" el="48" ec="9" bec="0" bev="0" fileid="7" />
                <SequencePoint vc="1" uspid="2883" ordinal="0" offset="31" sl="52" sc="9" el="52" ec="9" bec="0" bev="0" fileid="7" />
                <SequencePoint vc="0" uspid="2884" ordinal="0" offset="41" sl="53" sc="9" el="53" ec="9" bec="0" bev="0" fileid="7" />
                <SequencePoint vc="0" uspid="2885" ordinal="0" offset="42" sl="54" sc="13" el="54" ec="13" bec="0" bev="0" fileid="7" />
                <SequencePoint vc="0" uspid="2886" ordinal="0" offset="68" sl="55" sc="9" el="55" ec="9" bec="0" bev="0" fileid="7" />
                <SequencePoint vc="1" uspid="2887" ordinal="0" offset="69" sl="57" sc="9" el="57" ec="9" bec="0" bev="0" fileid="7" />
                <SequencePoint vc="0" uspid="2888" ordinal="0" offset="79" sl="57" sc="34" el="57" ec="34" bec="0" bev="0" fileid="7" />
                <SequencePoint vc="0" uspid="2889" ordinal="0" offset="80" sl="58" sc="13" el="58" ec="13" bec="0" bev="0" fileid="7" />
                <SequencePoint vc="0" uspid="2890" ordinal="0" offset="102" sl="59" sc="9" el="59" ec="9" bec="0" bev="0" fileid="7" />
                <SequencePoint vc="1" uspid="2891" ordinal="0" offset="103" sl="61" sc="9" el="61" ec="9" bec="0" bev="0" fileid="7" />
                <SequencePoint vc="0" uspid="2892" ordinal="0" offset="113" sl="62" sc="9" el="62" ec="9" bec="0" bev="0" fileid="7" />
                <SequencePoint vc="0" uspid="2893" ordinal="0" offset="114" sl="63" sc="13" el="63" ec="13" bec="0" bev="0" fileid="7" />
                <SequencePoint vc="0" uspid="2894" ordinal="0" offset="136" sl="64" sc="9" el="64" ec="9" bec="0" bev="0" fileid="7" />
                <SequencePoint vc="1" uspid="2895" ordinal="0" offset="137" sl="66" sc="9" el="66" ec="9" bec="0" bev="0" fileid="7" />
                <SequencePoint vc="0" uspid="2896" ordinal="0" offset="152" sl="67" sc="9" el="67" ec="9" bec="0" bev="0" fileid="7" />
                <SequencePoint vc="0" uspid="2897" ordinal="0" offset="153" sl="68" sc="18" el="68" ec="18" bec="0" bev="0" fileid="7" />
                <SequencePoint vc="0" uspid="2898" ordinal="0" offset="158" sl="68" sc="49" el="68" ec="49" bec="0" bev="0" fileid="7" />
                <SequencePoint vc="0" uspid="2899" ordinal="0" offset="159" sl="69" sc="17" el="69" ec="17" bec="0" bev="0" fileid="7" />
                <SequencePoint vc="0" uspid="2900" ordinal="0" offset="181" sl="70" sc="13" el="70" ec="13" bec="0" bev="0" fileid="7" />
                <SequencePoint vc="0" uspid="2901" ordinal="0" offset="182" sl="68" sc="45" el="68" ec="45" bec="0" bev="0" fileid="7" />
                <SequencePoint vc="0" uspid="2902" ordinal="0" offset="188" sl="68" sc="29" el="68" ec="29" bec="0" bev="0" fileid="7" />
                <SequencePoint vc="0" uspid="2903" ordinal="0" offset="206" sl="71" sc="9" el="71" ec="9" bec="0" bev="0" fileid="7" />
                <SequencePoint vc="1" uspid="2904" ordinal="0" offset="207" sl="72" sc="9" el="72" ec="9" bec="0" bev="0" fileid="7" />
                <SequencePoint vc="0" uspid="2905" ordinal="0" offset="219" sl="73" sc="9" el="73" ec="9" bec="0" bev="0" fileid="7" />
                <SequencePoint vc="0" uspid="2906" ordinal="0" offset="220" sl="74" sc="13" el="74" ec="13" bec="0" bev="0" fileid="7" />
                <SequencePoint vc="0" uspid="2907" ordinal="0" offset="239" sl="75" sc="9" el="75" ec="9" bec="0" bev="0" fileid="7" />
                <SequencePoint vc="1" uspid="2908" ordinal="0" offset="240" sl="76" sc="5" el="76" ec="5" bec="0" bev="0" fileid="7" />
              </SequencePoints>
              <BranchPoints />
            </Method>
            <Method visited="true" cyclomaticComplexity="0" nPathComplexity="0" sequenceCoverage="50.00" branchCoverage="0" crapScore="0" isConstructor="false" isStatic="false" isGetter="false" isSetter="false">
              <Summary numSequencePoints="6" visitedSequencePoints="3" numBranchPoints="0" visitedBranchPoints="0" sequenceCoverage="50.00" branchCoverage="0" maxCyclomaticComplexity="0" minCyclomaticComplexity="0" maxCrapScore="0" minCrapScore="0" visitedClasses="0" numClasses="0" visitedMethods="1" numMethods="1" />
              <MetadataToken>100663342</MetadataToken>
              <Name>System.Void developer_options::Update()</Name>
              <FileRef uid="7" />
              <SequencePoints>
                <SequencePoint vc="2" uspid="2909" ordinal="0" offset="0" sl="80" sc="5" el="80" ec="5" bec="0" bev="0" fileid="7" />
                <SequencePoint vc="2" uspid="2910" ordinal="0" offset="1" sl="81" sc="9" el="81" ec="9" bec="0" bev="0" fileid="7" />
                <SequencePoint vc="0" uspid="2911" ordinal="0" offset="11" sl="82" sc="9" el="82" ec="9" bec="0" bev="0" fileid="7" />
                <SequencePoint vc="0" uspid="2912" ordinal="0" offset="12" sl="83" sc="13" el="83" ec="13" bec="0" bev="0" fileid="7" />
                <SequencePoint vc="0" uspid="2913" ordinal="0" offset="31" sl="84" sc="9" el="84" ec="9" bec="0" bev="0" fileid="7" />
                <SequencePoint vc="2" uspid="2914" ordinal="0" offset="32" sl="86" sc="5" el="86" ec="5" bec="0" bev="0" fileid="7" />
              </SequencePoints>
              <BranchPoints />
            </Method>
          </Methods>
        </Class>
        <Class>
          <Summary numSequencePoints="3" visitedSequencePoints="3" numBranchPoints="0" visitedBranchPoints="0" sequenceCoverage="100.0" branchCoverage="0.0" maxCyclomaticComplexity="0" minCyclomaticComplexity="0" maxCrapScore="0" minCrapScore="0" visitedClasses="1" numClasses="1" visitedMethods="1" numMethods="1" />
          <FullName>do_an_action</FullName>
          <Methods>
            <Method visited="true" cyclomaticComplexity="0" nPathComplexity="0" sequenceCoverage="100.0" branchCoverage="0" crapScore="0" isConstructor="false" isStatic="false" isGetter="false" isSetter="false">
              <Summary numSequencePoints="3" visitedSequencePoints="3" numBranchPoints="0" visitedBranchPoints="0" sequenceCoverage="100.0" branchCoverage="0" maxCyclomaticComplexity="0" minCyclomaticComplexity="0" maxCrapScore="0" minCrapScore="0" visitedClasses="0" numClasses="0" visitedMethods="1" numMethods="1" />
              <MetadataToken>100663344</MetadataToken>
              <Name>System.Void do_an_action::Awake()</Name>
              <FileRef uid="8" />
              <SequencePoints>
                <SequencePoint vc="3" uspid="2915" ordinal="0" offset="0" sl="26" sc="5" el="26" ec="5" bec="0" bev="0" fileid="8" />
                <SequencePoint vc="3" uspid="2916" ordinal="0" offset="1" sl="28" sc="9" el="28" ec="9" bec="0" bev="0" fileid="8" />
                <SequencePoint vc="3" uspid="2917" ordinal="0" offset="22" sl="29" sc="5" el="29" ec="5" bec="0" bev="0" fileid="8" />
              </SequencePoints>
              <BranchPoints />
            </Method>
          </Methods>
        </Class>
        <Class>
          <Summary numSequencePoints="4" visitedSequencePoints="4" numBranchPoints="0" visitedBranchPoints="0" sequenceCoverage="100.0" branchCoverage="0.0" maxCyclomaticComplexity="0" minCyclomaticComplexity="0" maxCrapScore="0" minCrapScore="0" visitedClasses="1" numClasses="1" visitedMethods="2" numMethods="2" />
          <FullName>exit_game</FullName>
          <Methods>
            <Method visited="true" cyclomaticComplexity="0" nPathComplexity="0" sequenceCoverage="100.0" branchCoverage="0" crapScore="0" isConstructor="false" isStatic="false" isGetter="false" isSetter="false">
              <Summary numSequencePoints="2" visitedSequencePoints="2" numBranchPoints="0" visitedBranchPoints="0" sequenceCoverage="100.0" branchCoverage="0" maxCyclomaticComplexity="0" minCyclomaticComplexity="0" maxCrapScore="0" minCrapScore="0" visitedClasses="0" numClasses="0" visitedMethods="1" numMethods="1" />
              <MetadataToken>100663348</MetadataToken>
              <Name>System.Void exit_game::Start()</Name>
              <FileRef uid="9" />
              <SequencePoints>
                <SequencePoint vc="2" uspid="2931" ordinal="0" offset="0" sl="18" sc="5" el="18" ec="5" bec="0" bev="0" fileid="9" />
                <SequencePoint vc="2" uspid="2932" ordinal="0" offset="1" sl="20" sc="5" el="20" ec="5" bec="0" bev="0" fileid="9" />
              </SequencePoints>
              <BranchPoints />
            </Method>
            <Method visited="true" cyclomaticComplexity="0" nPathComplexity="0" sequenceCoverage="100.0" branchCoverage="0" crapScore="0" isConstructor="false" isStatic="false" isGetter="false" isSetter="false">
              <Summary numSequencePoints="2" visitedSequencePoints="2" numBranchPoints="0" visitedBranchPoints="0" sequenceCoverage="100.0" branchCoverage="0" maxCyclomaticComplexity="0" minCyclomaticComplexity="0" maxCrapScore="0" minCrapScore="0" visitedClasses="0" numClasses="0" visitedMethods="1" numMethods="1" />
              <MetadataToken>100663349</MetadataToken>
              <Name>System.Void exit_game::Update()</Name>
              <FileRef uid="9" />
              <SequencePoints>
                <SequencePoint vc="4" uspid="2933" ordinal="0" offset="0" sl="24" sc="5" el="24" ec="5" bec="0" bev="0" fileid="9" />
                <SequencePoint vc="4" uspid="2934" ordinal="0" offset="1" sl="26" sc="5" el="26" ec="5" bec="0" bev="0" fileid="9" />
              </SequencePoints>
              <BranchPoints />
            </Method>
          </Methods>
        </Class>
        <Class>
          <Summary numSequencePoints="72" visitedSequencePoints="69" numBranchPoints="0" visitedBranchPoints="0" sequenceCoverage="95.83" branchCoverage="0.0" maxCyclomaticComplexity="0" minCyclomaticComplexity="0" maxCrapScore="0" minCrapScore="0" visitedClasses="1" numClasses="1" visitedMethods="15" numMethods="15" />
          <FullName>game_state</FullName>
          <Methods>
            <Method visited="true" cyclomaticComplexity="0" nPathComplexity="0" sequenceCoverage="100.0" branchCoverage="0" crapScore="0" isConstructor="false" isStatic="false" isGetter="false" isSetter="false">
              <Summary numSequencePoints="27" visitedSequencePoints="27" numBranchPoints="0" visitedBranchPoints="0" sequenceCoverage="100.0" branchCoverage="0" maxCyclomaticComplexity="0" minCyclomaticComplexity="0" maxCrapScore="0" minCrapScore="0" visitedClasses="0" numClasses="0" visitedMethods="1" numMethods="1" />
              <MetadataToken>100663351</MetadataToken>
              <Name>System.Void game_state::Awake()</Name>
              <FileRef uid="10" />
              <SequencePoints>
                <SequencePoint vc="1" uspid="2935" ordinal="0" offset="0" sl="77" sc="5" el="77" ec="5" bec="0" bev="0" fileid="10" />
                <SequencePoint vc="1" uspid="2936" ordinal="0" offset="1" sl="78" sc="9" el="78" ec="9" bec="0" bev="0" fileid="10" />
                <SequencePoint vc="1" uspid="2937" ordinal="0" offset="22" sl="79" sc="9" el="79" ec="9" bec="0" bev="0" fileid="10" />
                <SequencePoint vc="1" uspid="2938" ordinal="0" offset="38" sl="80" sc="9" el="80" ec="9" bec="0" bev="0" fileid="10" />
                <SequencePoint vc="1" uspid="2939" ordinal="0" offset="59" sl="81" sc="9" el="81" ec="9" bec="0" bev="0" fileid="10" />
                <SequencePoint vc="1" uspid="2940" ordinal="0" offset="80" sl="82" sc="9" el="82" ec="9" bec="0" bev="0" fileid="10" />
                <SequencePoint vc="1" uspid="2941" ordinal="0" offset="101" sl="84" sc="9" el="84" ec="9" bec="0" bev="0" fileid="10" />
                <SequencePoint vc="1" uspid="2942" ordinal="0" offset="122" sl="85" sc="9" el="85" ec="9" bec="0" bev="0" fileid="10" />
                <SequencePoint vc="1" uspid="2943" ordinal="0" offset="134" sl="86" sc="9" el="86" ec="9" bec="0" bev="0" fileid="10" />
                <SequencePoint vc="1" uspid="2944" ordinal="0" offset="146" sl="88" sc="9" el="88" ec="9" bec="0" bev="0" fileid="10" />
                <SequencePoint vc="1" uspid="2945" ordinal="0" offset="154" sl="89" sc="9" el="89" ec="9" bec="0" bev="0" fileid="10" />
                <SequencePoint vc="1" uspid="2946" ordinal="0" offset="162" sl="91" sc="9" el="91" ec="9" bec="0" bev="0" fileid="10" />
                <SequencePoint vc="1" uspid="2947" ordinal="0" offset="169" sl="92" sc="9" el="92" ec="9" bec="0" bev="0" fileid="10" />
                <SequencePoint vc="1" uspid="2948" ordinal="0" offset="176" sl="94" sc="9" el="94" ec="9" bec="0" bev="0" fileid="10" />
                <SequencePoint vc="1" uspid="2949" ordinal="0" offset="187" sl="96" sc="9" el="96" ec="9" bec="0" bev="0" fileid="10" />
                <SequencePoint vc="1" uspid="2950" ordinal="0" offset="198" sl="97" sc="9" el="97" ec="9" bec="0" bev="0" fileid="10" />
                <SequencePoint vc="1" uspid="2951" ordinal="0" offset="209" sl="99" sc="9" el="99" ec="9" bec="0" bev="0" fileid="10" />
                <SequencePoint vc="1" uspid="2952" ordinal="0" offset="217" sl="100" sc="9" el="100" ec="9" bec="0" bev="0" fileid="10" />
                <SequencePoint vc="1" uspid="2953" ordinal="0" offset="225" sl="102" sc="9" el="102" ec="9" bec="0" bev="0" fileid="10" />
                <SequencePoint vc="1" uspid="2954" ordinal="0" offset="236" sl="103" sc="9" el="103" ec="9" bec="0" bev="0" fileid="10" />
                <SequencePoint vc="1" uspid="2955" ordinal="0" offset="247" sl="105" sc="9" el="105" ec="9" bec="0" bev="0" fileid="10" />
                <SequencePoint vc="1" uspid="2956" ordinal="0" offset="254" sl="106" sc="9" el="106" ec="9" bec="0" bev="0" fileid="10" />
                <SequencePoint vc="1" uspid="2957" ordinal="0" offset="261" sl="108" sc="9" el="108" ec="9" bec="0" bev="0" fileid="10" />
                <SequencePoint vc="1" uspid="2958" ordinal="0" offset="276" sl="109" sc="9" el="109" ec="9" bec="0" bev="0" fileid="10" />
                <SequencePoint vc="1" uspid="2959" ordinal="0" offset="291" sl="111" sc="9" el="111" ec="9" bec="0" bev="0" fileid="10" />
                <SequencePoint vc="1" uspid="2960" ordinal="0" offset="298" sl="112" sc="9" el="112" ec="9" bec="0" bev="0" fileid="10" />
                <SequencePoint vc="1" uspid="2961" ordinal="0" offset="305" sl="113" sc="5" el="113" ec="5" bec="0" bev="0" fileid="10" />
              </SequencePoints>
              <BranchPoints />
            </Method>
            <Method visited="true" cyclomaticComplexity="0" nPathComplexity="0" sequenceCoverage="100.0" branchCoverage="0" crapScore="0" isConstructor="false" isStatic="false" isGetter="false" isSetter="false">
              <Summary numSequencePoints="3" visitedSequencePoints="3" numBranchPoints="0" visitedBranchPoints="0" sequenceCoverage="100.0" branchCoverage="0" maxCyclomaticComplexity="0" minCyclomaticComplexity="0" maxCrapScore="0" minCrapScore="0" visitedClasses="0" numClasses="0" visitedMethods="1" numMethods="1" />
              <MetadataToken>100663352</MetadataToken>
              <Name>System.Int32 game_state::getWellness()</Name>
              <FileRef uid="10" />
              <SequencePoints>
                <SequencePoint vc="5" uspid="2962" ordinal="0" offset="0" sl="116" sc="30" el="116" ec="30" bec="0" bev="0" fileid="10" />
                <SequencePoint vc="5" uspid="2963" ordinal="0" offset="1" sl="116" sc="32" el="116" ec="32" bec="0" bev="0" fileid="10" />
                <SequencePoint vc="5" uspid="2964" ordinal="0" offset="10" sl="116" sc="49" el="116" ec="49" bec="0" bev="0" fileid="10" />
              </SequencePoints>
              <BranchPoints />
            </Method>
            <Method visited="true" cyclomaticComplexity="0" nPathComplexity="0" sequenceCoverage="100.0" branchCoverage="0" crapScore="0" isConstructor="false" isStatic="false" isGetter="false" isSetter="false">
              <Summary numSequencePoints="3" visitedSequencePoints="3" numBranchPoints="0" visitedBranchPoints="0" sequenceCoverage="100.0" branchCoverage="0" maxCyclomaticComplexity="0" minCyclomaticComplexity="0" maxCrapScore="0" minCrapScore="0" visitedClasses="0" numClasses="0" visitedMethods="1" numMethods="1" />
              <MetadataToken>100663353</MetadataToken>
              <Name>System.Int32 game_state::getDay()</Name>
              <FileRef uid="10" />
              <SequencePoints>
                <SequencePoint vc="5" uspid="2965" ordinal="0" offset="0" sl="118" sc="25" el="118" ec="25" bec="0" bev="0" fileid="10" />
                <SequencePoint vc="5" uspid="2966" ordinal="0" offset="1" sl="118" sc="27" el="118" ec="27" bec="0" bev="0" fileid="10" />
                <SequencePoint vc="5" uspid="2967" ordinal="0" offset="10" sl="118" sc="39" el="118" ec="39" bec="0" bev="0" fileid="10" />
              </SequencePoints>
              <BranchPoints />
            </Method>
            <Method visited="true" cyclomaticComplexity="0" nPathComplexity="0" sequenceCoverage="100.0" branchCoverage="0" crapScore="0" isConstructor="false" isStatic="false" isGetter="false" isSetter="false">
              <Summary numSequencePoints="3" visitedSequencePoints="3" numBranchPoints="0" visitedBranchPoints="0" sequenceCoverage="100.0" branchCoverage="0" maxCyclomaticComplexity="0" minCyclomaticComplexity="0" maxCrapScore="0" minCrapScore="0" visitedClasses="0" numClasses="0" visitedMethods="1" numMethods="1" />
              <MetadataToken>100663354</MetadataToken>
              <Name>System.Int32 game_state::getTime()</Name>
              <FileRef uid="10" />
              <SequencePoints>
                <SequencePoint vc="10" uspid="2968" ordinal="0" offset="0" sl="120" sc="26" el="120" ec="26" bec="0" bev="0" fileid="10" />
                <SequencePoint vc="10" uspid="2969" ordinal="0" offset="1" sl="120" sc="28" el="120" ec="28" bec="0" bev="0" fileid="10" />
                <SequencePoint vc="10" uspid="2970" ordinal="0" offset="10" sl="120" sc="41" el="120" ec="41" bec="0" bev="0" fileid="10" />
              </SequencePoints>
              <BranchPoints />
            </Method>
            <Method visited="true" cyclomaticComplexity="0" nPathComplexity="0" sequenceCoverage="100.0" branchCoverage="0" crapScore="0" isConstructor="false" isStatic="false" isGetter="false" isSetter="false">
              <Summary numSequencePoints="3" visitedSequencePoints="3" numBranchPoints="0" visitedBranchPoints="0" sequenceCoverage="100.0" branchCoverage="0" maxCyclomaticComplexity="0" minCyclomaticComplexity="0" maxCrapScore="0" minCrapScore="0" visitedClasses="0" numClasses="0" visitedMethods="1" numMethods="1" />
              <MetadataToken>100663356</MetadataToken>
              <Name>System.Int32 game_state::getSubscribers()</Name>
              <FileRef uid="10" />
              <SequencePoints>
                <SequencePoint vc="1" uspid="2974" ordinal="0" offset="0" sl="124" sc="33" el="124" ec="33" bec="0" bev="0" fileid="10" />
                <SequencePoint vc="1" uspid="2975" ordinal="0" offset="1" sl="124" sc="35" el="124" ec="35" bec="0" bev="0" fileid="10" />
                <SequencePoint vc="1" uspid="2976" ordinal="0" offset="10" sl="124" sc="55" el="124" ec="55" bec="0" bev="0" fileid="10" />
              </SequencePoints>
              <BranchPoints />
            </Method>
            <Method visited="true" cyclomaticComplexity="0" nPathComplexity="0" sequenceCoverage="100.0" branchCoverage="0" crapScore="0" isConstructor="false" isStatic="false" isGetter="false" isSetter="false">
              <Summary numSequencePoints="3" visitedSequencePoints="3" numBranchPoints="0" visitedBranchPoints="0" sequenceCoverage="100.0" branchCoverage="0" maxCyclomaticComplexity="0" minCyclomaticComplexity="0" maxCrapScore="0" minCrapScore="0" visitedClasses="0" numClasses="0" visitedMethods="1" numMethods="1" />
              <MetadataToken>100663358</MetadataToken>
              <Name>System.Double game_state::getMoney()</Name>
              <FileRef uid="10" />
              <SequencePoints>
                <SequencePoint vc="3" uspid="2980" ordinal="0" offset="0" sl="128" sc="30" el="128" ec="30" bec="0" bev="0" fileid="10" />
                <SequencePoint vc="3" uspid="2981" ordinal="0" offset="1" sl="128" sc="32" el="128" ec="32" bec="0" bev="0" fileid="10" />
                <SequencePoint vc="3" uspid="2982" ordinal="0" offset="10" sl="128" sc="46" el="128" ec="46" bec="0" bev="0" fileid="10" />
              </SequencePoints>
              <BranchPoints />
            </Method>
            <Method visited="true" cyclomaticComplexity="0" nPathComplexity="0" sequenceCoverage="100.0" branchCoverage="0" crapScore="0" isConstructor="false" isStatic="false" isGetter="false" isSetter="false">
              <Summary numSequencePoints="3" visitedSequencePoints="3" numBranchPoints="0" visitedBranchPoints="0" sequenceCoverage="100.0" branchCoverage="0" maxCyclomaticComplexity="0" minCyclomaticComplexity="0" maxCrapScore="0" minCrapScore="0" visitedClasses="0" numClasses="0" visitedMethods="1" numMethods="1" />
              <MetadataToken>100663362</MetadataToken>
              <Name>System.Boolean game_state::hungry()</Name>
              <FileRef uid="10" />
              <SequencePoints>
                <SequencePoint vc="1" uspid="2992" ordinal="0" offset="0" sl="136" sc="26" el="136" ec="26" bec="0" bev="0" fileid="10" />
                <SequencePoint vc="1" uspid="2993" ordinal="0" offset="1" sl="136" sc="28" el="136" ec="28" bec="0" bev="0" fileid="10" />
                <SequencePoint vc="1" uspid="2994" ordinal="0" offset="17" sl="136" sc="51" el="136" ec="51" bec="0" bev="0" fileid="10" />
              </SequencePoints>
              <BranchPoints />
            </Method>
            <Method visited="true" cyclomaticComplexity="0" nPathComplexity="0" sequenceCoverage="100.0" branchCoverage="0" crapScore="0" isConstructor="false" isStatic="false" isGetter="false" isSetter="false">
              <Summary numSequencePoints="3" visitedSequencePoints="3" numBranchPoints="0" visitedBranchPoints="0" sequenceCoverage="100.0" branchCoverage="0" maxCyclomaticComplexity="0" minCyclomaticComplexity="0" maxCrapScore="0" minCrapScore="0" visitedClasses="0" numClasses="0" visitedMethods="1" numMethods="1" />
              <MetadataToken>100663363</MetadataToken>
              <Name>System.Boolean game_state::needsShower()</Name>
              <FileRef uid="10" />
              <SequencePoints>
                <SequencePoint vc="1" uspid="2995" ordinal="0" offset="0" sl="138" sc="31" el="138" ec="31" bec="0" bev="0" fileid="10" />
                <SequencePoint vc="1" uspid="2996" ordinal="0" offset="1" sl="138" sc="33" el="138" ec="33" bec="0" bev="0" fileid="10" />
                <SequencePoint vc="1" uspid="2997" ordinal="0" offset="17" sl="138" sc="58" el="138" ec="58" bec="0" bev="0" fileid="10" />
              </SequencePoints>
              <BranchPoints />
            </Method>
            <Method visited="true" cyclomaticComplexity="0" nPathComplexity="0" sequenceCoverage="100.0" branchCoverage="0" crapScore="0" isConstructor="false" isStatic="false" isGetter="false" isSetter="false">
              <Summary numSequencePoints="3" visitedSequencePoints="3" numBranchPoints="0" visitedBranchPoints="0" sequenceCoverage="100.0" branchCoverage="0" maxCyclomaticComplexity="0" minCyclomaticComplexity="0" maxCrapScore="0" minCrapScore="0" visitedClasses="0" numClasses="0" visitedMethods="1" numMethods="1" />
              <MetadataToken>100663364</MetadataToken>
              <Name>System.Boolean game_state::tired()</Name>
              <FileRef uid="10" />
              <SequencePoints>
                <SequencePoint vc="2" uspid="2998" ordinal="0" offset="0" sl="140" sc="25" el="140" ec="25" bec="0" bev="0" fileid="10" />
                <SequencePoint vc="2" uspid="2999" ordinal="0" offset="1" sl="140" sc="27" el="140" ec="27" bec="0" bev="0" fileid="10" />
                <SequencePoint vc="2" uspid="3000" ordinal="0" offset="17" sl="140" sc="51" el="140" ec="51" bec="0" bev="0" fileid="10" />
              </SequencePoints>
              <BranchPoints />
            </Method>
            <Method visited="true" cyclomaticComplexity="0" nPathComplexity="0" sequenceCoverage="50.00" branchCoverage="0" crapScore="0" isConstructor="false" isStatic="false" isGetter="false" isSetter="false">
              <Summary numSequencePoints="6" visitedSequencePoints="3" numBranchPoints="0" visitedBranchPoints="0" sequenceCoverage="50.00" branchCoverage="0" maxCyclomaticComplexity="0" minCyclomaticComplexity="0" maxCrapScore="0" minCrapScore="0" visitedClasses="0" numClasses="0" visitedMethods="1" numMethods="1" />
              <MetadataToken>100663385</MetadataToken>
              <Name>System.Void game_state::Update()</Name>
              <FileRef uid="10" />
              <SequencePoints>
                <SequencePoint vc="2" uspid="3270" ordinal="0" offset="0" sl="535" sc="5" el="535" ec="5" bec="0" bev="0" fileid="10" />
                <SequencePoint vc="2" uspid="3271" ordinal="0" offset="1" sl="537" sc="9" el="537" ec="9" bec="0" bev="0" fileid="10" />
                <SequencePoint vc="0" uspid="3272" ordinal="0" offset="12" sl="538" sc="9" el="538" ec="9" bec="0" bev="0" fileid="10" />
                <SequencePoint vc="0" uspid="3273" ordinal="0" offset="13" sl="539" sc="13" el="539" ec="13" bec="0" bev="0" fileid="10" />
                <SequencePoint vc="0" uspid="3274" ordinal="0" offset="25" sl="540" sc="9" el="540" ec="9" bec="0" bev="0" fileid="10" />
                <SequencePoint vc="2" uspid="3275" ordinal="0" offset="26" sl="541" sc="5" el="541" ec="5" bec="0" bev="0" fileid="10" />
              </SequencePoints>
              <BranchPoints />
            </Method>
            <Method visited="true" cyclomaticComplexity="0" nPathComplexity="0" sequenceCoverage="100.0" branchCoverage="0" crapScore="0" isConstructor="false" isStatic="false" isGetter="false" isSetter="false">
              <Summary numSequencePoints="3" visitedSequencePoints="3" numBranchPoints="0" visitedBranchPoints="0" sequenceCoverage="100.0" branchCoverage="0" maxCyclomaticComplexity="0" minCyclomaticComplexity="0" maxCrapScore="0" minCrapScore="0" visitedClasses="0" numClasses="0" visitedMethods="1" numMethods="1" />
              <MetadataToken>100663386</MetadataToken>
[...]
                <SequencePoint vc="1" uspid="3913" ordinal="0" offset="25" sl="110" sc="5" el="110" ec="5" bec="0" bev="0" fileid="16" />
                <SequencePoint vc="1" uspid="3914" ordinal="0" offset="36" sl="112" sc="5" el="112" ec="5" bec="0" bev="0" fileid="16" />
                <SequencePoint vc="1" uspid="3915" ordinal="0" offset="47" sl="113" sc="5" el="113" ec="5" bec="0" bev="0" fileid="16" />
                <SequencePoint vc="1" uspid="3916" ordinal="0" offset="58" sl="114" sc="5" el="114" ec="5" bec="0" bev="0" fileid="16" />
                <SequencePoint vc="1" uspid="3917" ordinal="0" offset="69" sl="117" sc="5" el="117" ec="5" bec="0" bev="0" fileid="16" />
                <SequencePoint vc="1" uspid="3918" ordinal="0" offset="76" sl="118" sc="5" el="118" ec="5" bec="0" bev="0" fileid="16" />
              </SequencePoints>
              <BranchPoints />
            </Method>
          </Methods>
        </Class>
        <Class>
          <Summary numSequencePoints="11" visitedSequencePoints="11" numBranchPoints="0" visitedBranchPoints="0" sequenceCoverage="100.0" branchCoverage="0.0" maxCyclomaticComplexity="0" minCyclomaticComplexity="0" maxCrapScore="0" minCrapScore="0" visitedClasses="1" numClasses="1" visitedMethods="1" numMethods="1" />
          <FullName>statistic_slider</FullName>
          <Methods>
            <Method visited="true" cyclomaticComplexity="0" nPathComplexity="0" sequenceCoverage="100.0" branchCoverage="0" crapScore="0" isConstructor="false" isStatic="false" isGetter="false" isSetter="false">
              <Summary numSequencePoints="11" visitedSequencePoints="11" numBranchPoints="0" visitedBranchPoints="0" sequenceCoverage="100.0" branchCoverage="0" maxCyclomaticComplexity="0" minCyclomaticComplexity="0" maxCrapScore="0" minCrapScore="0" visitedClasses="0" numClasses="0" visitedMethods="1" numMethods="1" />
              <MetadataToken>100663484</MetadataToken>
              <Name>System.Void statistic_slider::Start()</Name>
              <FileRef uid="17" />
              <SequencePoints>
                <SequencePoint vc="2" uspid="3919" ordinal="0" offset="0" sl="14" sc="5" el="14" ec="5" bec="0" bev="0" fileid="17" />
                <SequencePoint vc="2" uspid="3920" ordinal="0" offset="1" sl="16" sc="9" el="16" ec="9" bec="0" bev="0" fileid="17" />
                <SequencePoint vc="2" uspid="3921" ordinal="0" offset="13" sl="17" sc="9" el="17" ec="9" bec="0" bev="0" fileid="17" />
                <SequencePoint vc="2" uspid="3922" ordinal="0" offset="29" sl="21" sc="9" el="21" ec="9" bec="0" bev="0" fileid="17" />
                <SequencePoint vc="1" uspid="3923" ordinal="0" offset="49" sl="22" sc="9" el="22" ec="9" bec="0" bev="0" fileid="17" />
                <SequencePoint vc="1" uspid="3924" ordinal="0" offset="50" sl="23" sc="13" el="23" ec="13" bec="0" bev="0" fileid="17" />
                <SequencePoint vc="1" uspid="3925" ordinal="0" offset="69" sl="24" sc="9" el="24" ec="9" bec="0" bev="0" fileid="17" />
                <SequencePoint vc="1" uspid="3926" ordinal="0" offset="72" sl="26" sc="9" el="26" ec="9" bec="0" bev="0" fileid="17" />
                <SequencePoint vc="1" uspid="3927" ordinal="0" offset="73" sl="27" sc="13" el="27" ec="13" bec="0" bev="0" fileid="17" />
                <SequencePoint vc="1" uspid="3928" ordinal="0" offset="92" sl="28" sc="9" el="28" ec="9" bec="0" bev="0" fileid="17" />
                <SequencePoint vc="2" uspid="3929" ordinal="0" offset="93" sl="29" sc="5" el="29" ec="5" bec="0" bev="0" fileid="17" />
              </SequencePoints>
              <BranchPoints />
            </Method>
          </Methods>
        </Class>
        <Class>
          <Summary numSequencePoints="5" visitedSequencePoints="5" numBranchPoints="0" visitedBranchPoints="0" sequenceCoverage="100.0" branchCoverage="0.0" maxCyclomaticComplexity="0" minCyclomaticComplexity="0" maxCrapScore="0" minCrapScore="0" visitedClasses="1" numClasses="1" visitedMethods="1" numMethods="1" />
          <FullName>swap_assets</FullName>
          <Methods>
            <Method visited="true" cyclomaticComplexity="0" nPathComplexity="0" sequenceCoverage="100.0" branchCoverage="0" crapScore="0" isConstructor="false" isStatic="false" isGetter="false" isSetter="false">
              <Summary numSequencePoints="5" visitedSequencePoints="5" numBranchPoints="0" visitedBranchPoints="0" sequenceCoverage="100.0" branchCoverage="0" maxCyclomaticComplexity="0" minCyclomaticComplexity="0" maxCrapScore="0" minCrapScore="0" visitedClasses="0" numClasses="0" visitedMethods="1" numMethods="1" />
              <MetadataToken>100663487</MetadataToken>
              <Name>System.Void swap_assets::Start()</Name>
              <FileRef uid="18" />
              <SequencePoints>
                <SequencePoint vc="5" uspid="3933" ordinal="0" offset="0" sl="14" sc="5" el="14" ec="5" bec="0" bev="0" fileid="18" />
                <SequencePoint vc="5" uspid="3934" ordinal="0" offset="1" sl="16" sc="9" el="16" ec="9" bec="0" bev="0" fileid="18" />
                <SequencePoint vc="5" uspid="3935" ordinal="0" offset="15" sl="17" sc="9" el="17" ec="9" bec="0" bev="0" fileid="18" />
                <SequencePoint vc="5" uspid="3936" ordinal="0" offset="27" sl="18" sc="9" el="18" ec="9" bec="0" bev="0" fileid="18" />
                <SequencePoint vc="5" uspid="3937" ordinal="0" offset="39" sl="19" sc="5" el="19" ec="5" bec="0" bev="0" fileid="18" />
              </SequencePoints>
              <BranchPoints />
            </Method>
          </Methods>
        </Class>
        <Class>
          <Summary numSequencePoints="5" visitedSequencePoints="5" numBranchPoints="0" visitedBranchPoints="0" sequenceCoverage="100.0" branchCoverage="0.0" maxCyclomaticComplexity="0" minCyclomaticComplexity="0" maxCrapScore="0" minCrapScore="0" visitedClasses="1" numClasses="1" visitedMethods="1" numMethods="1" />
          <FullName>toggle_menu</FullName>
          <Methods>
            <Method visited="true" cyclomaticComplexity="0" nPathComplexity="0" sequenceCoverage="100.0" branchCoverage="0" crapScore="0" isConstructor="false" isStatic="false" isGetter="false" isSetter="false">
              <Summary numSequencePoints="5" visitedSequencePoints="5" numBranchPoints="0" visitedBranchPoints="0" sequenceCoverage="100.0" branchCoverage="0" maxCyclomaticComplexity="0" minCyclomaticComplexity="0" maxCrapScore="0" minCrapScore="0" visitedClasses="0" numClasses="0" visitedMethods="1" numMethods="1" />
              <MetadataToken>100663491</MetadataToken>
              <Name>System.Void toggle_menu::Awake()</Name>
              <FileRef uid="19" />
              <SequencePoints>
                <SequencePoint vc="9" uspid="3955" ordinal="0" offset="0" sl="22" sc="5" el="22" ec="5" bec="0" bev="0" fileid="19" />
                <SequencePoint vc="9" uspid="3956" ordinal="0" offset="1" sl="23" sc="9" el="23" ec="9" bec="0" bev="0" fileid="19" />
                <SequencePoint vc="9" uspid="3957" ordinal="0" offset="22" sl="24" sc="9" el="24" ec="9" bec="0" bev="0" fileid="19" />
                <SequencePoint vc="9" uspid="3958" ordinal="0" offset="43" sl="25" sc="9" el="25" ec="9" bec="0" bev="0" fileid="19" />
                <SequencePoint vc="9" uspid="3959" ordinal="0" offset="63" sl="26" sc="5" el="26" ec="5" bec="0" bev="0" fileid="19" />
              </SequencePoints>
              <BranchPoints />
            </Method>
          </Methods>
        </Class>
        <Class>
          <Summary numSequencePoints="3" visitedSequencePoints="3" numBranchPoints="0" visitedBranchPoints="0" sequenceCoverage="100.0" branchCoverage="0.0" maxCyclomaticComplexity="0" minCyclomaticComplexity="0" maxCrapScore="0" minCrapScore="0" visitedClasses="1" numClasses="1" visitedMethods="1" numMethods="1" />
          <FullName>video_making</FullName>
          <Methods>
            <Method visited="true" cyclomaticComplexity="0" nPathComplexity="0" sequenceCoverage="100.0" branchCoverage="0" crapScore="0" isConstructor="false" isStatic="false" isGetter="false" isSetter="false">
              <Summary numSequencePoints="3" visitedSequencePoints="3" numBranchPoints="0" visitedBranchPoints="0" sequenceCoverage="100.0" branchCoverage="0" maxCyclomaticComplexity="0" minCyclomaticComplexity="0" maxCrapScore="0" minCrapScore="0" visitedClasses="0" numClasses="0" visitedMethods="1" numMethods="1" />
              <MetadataToken>100663497</MetadataToken>
              <Name>System.Void video_making::Awake()</Name>
              <FileRef uid="20" />
              <SequencePoints>
                <SequencePoint vc="1" uspid="3989" ordinal="0" offset="0" sl="15" sc="5" el="15" ec="5" bec="0" bev="0" fileid="20" />
                <SequencePoint vc="1" uspid="3990" ordinal="0" offset="1" sl="16" sc="9" el="16" ec="9" bec="0" bev="0" fileid="20" />
                <SequencePoint vc="1" uspid="3991" ordinal="0" offset="22" sl="17" sc="5" el="17" ec="5" bec="0" bev="0" fileid="20" />
              </SequencePoints>
              <BranchPoints />
            </Method>
          </Methods>
        </Class>
        <Class>
          <Summary numSequencePoints="15" visitedSequencePoints="11" numBranchPoints="0" visitedBranchPoints="0" sequenceCoverage="73.33" branchCoverage="0.0" maxCyclomaticComplexity="0" minCyclomaticComplexity="0" maxCrapScore="0" minCrapScore="0" visitedClasses="1" numClasses="1" visitedMethods="3" numMethods="3" />
          <FullName>wake_up_notification</FullName>
          <Methods>
            <Method visited="true" cyclomaticComplexity="0" nPathComplexity="0" sequenceCoverage="100.0" branchCoverage="0" crapScore="0" isConstructor="false" isStatic="false" isGetter="false" isSetter="false">
              <Summary numSequencePoints="5" visitedSequencePoints="5" numBranchPoints="0" visitedBranchPoints="0" sequenceCoverage="100.0" branchCoverage="0" maxCyclomaticComplexity="0" minCyclomaticComplexity="0" maxCrapScore="0" minCrapScore="0" visitedClasses="0" numClasses="0" visitedMethods="1" numMethods="1" />
              <MetadataToken>100663500</MetadataToken>
              <Name>System.Void wake_up_notification::Start()</Name>
              <FileRef uid="21" />
              <SequencePoints>
                <SequencePoint vc="1" uspid="4006" ordinal="0" offset="0" sl="15" sc="5" el="15" ec="5" bec="0" bev="0" fileid="21" />
                <SequencePoint vc="1" uspid="4007" ordinal="0" offset="1" sl="16" sc="9" el="16" ec="9" bec="0" bev="0" fileid="21" />
                <SequencePoint vc="1" uspid="4008" ordinal="0" offset="17" sl="17" sc="9" el="17" ec="9" bec="0" bev="0" fileid="21" />
                <SequencePoint vc="1" uspid="4009" ordinal="0" offset="39" sl="18" sc="9" el="18" ec="9" bec="0" bev="0" fileid="21" />
                <SequencePoint vc="1" uspid="4010" ordinal="0" offset="61" sl="19" sc="5" el="19" ec="5" bec="0" bev="0" fileid="21" />
              </SequencePoints>
              <BranchPoints />
            </Method>
            <Method visited="true" cyclomaticComplexity="0" nPathComplexity="0" sequenceCoverage="55.56" branchCoverage="0" crapScore="0" isConstructor="false" isStatic="false" isGetter="false" isSetter="false">
              <Summary numSequencePoints="9" visitedSequencePoints="5" numBranchPoints="0" visitedBranchPoints="0" sequenceCoverage="55.56" branchCoverage="0" maxCyclomaticComplexity="0" minCyclomaticComplexity="0" maxCrapScore="0" minCrapScore="0" visitedClasses="0" numClasses="0" visitedMethods="1" numMethods="1" />
              <MetadataToken>100663502</MetadataToken>
              <Name>System.Void wake_up_notification::Update()</Name>
              <FileRef uid="21" />
              <SequencePoints>
                <SequencePoint vc="2" uspid="4054" ordinal="0" offset="0" sl="73" sc="5" el="73" ec="5" bec="0" bev="0" fileid="21" />
                <SequencePoint vc="2" uspid="4055" ordinal="0" offset="1" sl="74" sc="9" el="74" ec="9" bec="0" bev="0" fileid="21" />
                <SequencePoint vc="2" uspid="4056" ordinal="0" offset="18" sl="75" sc="9" el="75" ec="9" bec="0" bev="0" fileid="21" />
                <SequencePoint vc="2" uspid="4057" ordinal="0" offset="35" sl="76" sc="9" el="76" ec="9" bec="0" bev="0" fileid="21" />
                <SequencePoint vc="0" uspid="4058" ordinal="0" offset="68" sl="77" sc="9" el="77" ec="9" bec="0" bev="0" fileid="21" />
                <SequencePoint vc="0" uspid="4059" ordinal="0" offset="69" sl="78" sc="13" el="78" ec="13" bec="0" bev="0" fileid="21" />
                <SequencePoint vc="0" uspid="4060" ordinal="0" offset="76" sl="79" sc="13" el="79" ec="13" bec="0" bev="0" fileid="21" />
                <SequencePoint vc="0" uspid="4061" ordinal="0" offset="83" sl="80" sc="9" el="80" ec="9" bec="0" bev="0" fileid="21" />
                <SequencePoint vc="2" uspid="4062" ordinal="0" offset="84" sl="81" sc="5" el="81" ec="5" bec="0" bev="0" fileid="21" />
              </SequencePoints>
              <BranchPoints />
            </Method>
            <Method visited="true" cyclomaticComplexity="0" nPathComplexity="0" sequenceCoverage="100.0" branchCoverage="0" crapScore="0" isConstructor="true" isStatic="false" isGetter="false" isSetter="false">
              <Summary numSequencePoints="1" visitedSequencePoints="1" numBranchPoints="0" visitedBranchPoints="0" sequenceCoverage="100.0" branchCoverage="0" maxCyclomaticComplexity="0" minCyclomaticComplexity="0" maxCrapScore="0" minCrapScore="0" visitedClasses="0" numClasses="0" visitedMethods="1" numMethods="1" />
              <MetadataToken>100663503</MetadataToken>
              <Name>wake_up_notification::wake_up_notification()</Name>
              <FileRef uid="21" />
              <SequencePoints>
                <SequencePoint vc="1" uspid="4063" ordinal="0" offset="0" sl="10" sc="5" el="10" ec="5" bec="0" bev="0" fileid="21" />
              </SequencePoints>
              <BranchPoints />
            </Method>
          </Methods>
        </Class>
      </Classes>
    </Module>
    <Module>
      <Summary numSequencePoints="15" visitedSequencePoints="13" numBranchPoints="0" visitedBranchPoints="0" sequenceCoverage="86.67" branchCoverage="0.0" maxCyclomaticComplexity="0" minCyclomaticComplexity="0" maxCrapScore="0" minCrapScore="0" visitedClasses="2" numClasses="2" visitedMethods="2" numMethods="2" />
      <ModuleTime>0001-01-01T00:00:00</ModuleTime>
      <ModuleName>Tests</ModuleName>
      <Files>
        <File uid="22" fullPath="C:/Users/mitchelld7373/Documents/GitHub/AtObsession/Assets/Tests/DailyActionTesting.cs" />
        <File uid="23" fullPath="C:/Users/mitchelld7373/Documents/GitHub/AtObsession/Assets/Tests/GameStateTesting.cs" />
        <File uid="24" fullPath="C:/Users/mitchelld7373/Documents/GitHub/AtObsession/Assets/Tests/MoveLocationTest.cs" />
        <File uid="25" fullPath="C:/Users/mitchelld7373/Documents/GitHub/AtObsession/Assets/Tests/ShopTesting.cs" />
        <File uid="26" fullPath="C:/Users/mitchelld7373/Documents/GitHub/AtObsession/Assets/Tests/StalkerTest.cs" />
        <File uid="27" fullPath="C:/Users/mitchelld7373/Documents/GitHub/AtObsession/Assets/Tests/VideoMakingTests.cs" />
      </Files>
      <Classes>
        <Class>
          <Summary numSequencePoints="3" visitedSequencePoints="3" numBranchPoints="0" visitedBranchPoints="0" sequenceCoverage="100.0" branchCoverage="0.0" maxCyclomaticComplexity="0" minCyclomaticComplexity="0" maxCrapScore="0" minCrapScore="0" visitedClasses="1" numClasses="1" visitedMethods="1" numMethods="1" />
          <FullName>DailyActionTesting</FullName>
          <Methods>
            <Method visited="true" cyclomaticComplexity="0" nPathComplexity="0" sequenceCoverage="100.0" branchCoverage="0" crapScore="0" isConstructor="false" isStatic="false" isGetter="false" isSetter="false">
              <Summary numSequencePoints="3" visitedSequencePoints="3" numBranchPoints="0" visitedBranchPoints="0" sequenceCoverage="100.0" branchCoverage="0" maxCyclomaticComplexity="0" minCyclomaticComplexity="0" maxCrapScore="0" minCrapScore="0" visitedClasses="0" numClasses="0" visitedMethods="1" numMethods="1" />
              <MetadataToken>100663297</MetadataToken>
              <Name>System.Void DailyActionTesting::SetUp()</Name>
              <FileRef uid="22" />
              <SequencePoints>
                <SequencePoint vc="1" uspid="4067" ordinal="0" offset="0" sl="19" sc="5" el="19" ec="5" bec="0" bev="0" fileid="22" />
                <SequencePoint vc="1" uspid="4068" ordinal="0" offset="1" sl="20" sc="9" el="20" ec="9" bec="0" bev="0" fileid="22" />
                <SequencePoint vc="1" uspid="4069" ordinal="0" offset="12" sl="22" sc="5" el="22" ec="5" bec="0" bev="0" fileid="22" />
              </SequencePoints>
              <BranchPoints />
            </Method>
          </Methods>
        </Class>
        <Class>
          <Summary numSequencePoints="12" visitedSequencePoints="10" numBranchPoints="0" visitedBranchPoints="0" sequenceCoverage="83.33" branchCoverage="0.0" maxCyclomaticComplexity="0" minCyclomaticComplexity="0" maxCrapScore="0" minCrapScore="0" visitedClasses="1" numClasses="1" visitedMethods="1" numMethods="1" />
          <FullName>DailyActionTesting/&lt;DailyActionTestingWithEnumeratorPasses&gt;d__5</FullName>
          <Methods>
            <Method visited="true" cyclomaticComplexity="0" nPathComplexity="0" sequenceCoverage="83.33" branchCoverage="0" crapScore="0" isConstructor="false" isStatic="false" isGetter="false" isSetter="false">
              <Summary numSequencePoints="12" visitedSequencePoints="10" numBranchPoints="0" visitedBranchPoints="0" sequenceCoverage="83.33" branchCoverage="0" maxCyclomaticComplexity="0" minCyclomaticComplexity="0" maxCrapScore="0" minCrapScore="0" visitedClasses="0" numClasses="0" visitedMethods="1" numMethods="1" />
              <MetadataToken>100663326</MetadataToken>
              <Name>System.Boolean DailyActionTesting/&lt;DailyActionTestingWithEnumeratorPasses&gt;d__5::MoveNext()</Name>
              <FileRef uid="22" />
              <SequencePoints>
                <SequencePoint vc="1" uspid="4085" ordinal="0" offset="34" sl="26" sc="5" el="26" ec="5" bec="0" bev="0" fileid="22" />
                <SequencePoint vc="1" uspid="4086" ordinal="0" offset="35" sl="28" sc="9" el="28" ec="9" bec="0" bev="0" fileid="22" />
                <SequencePoint vc="1" uspid="4087" ordinal="0" offset="56" sl="29" sc="9" el="29" ec="9" bec="0" bev="0" fileid="22" />
                <SequencePoint vc="1" uspid="4088" ordinal="0" offset="77" sl="30" sc="9" el="30" ec="9" bec="0" bev="0" fileid="22" />
                <SequencePoint vc="1" uspid="4089" ordinal="0" offset="104" sl="31" sc="9" el="31" ec="9" bec="0" bev="0" fileid="22" />
                <SequencePoint vc="1" uspid="4090" ordinal="0" offset="131" sl="33" sc="9" el="33" ec="9" bec="0" bev="0" fileid="22" />
                <SequencePoint vc="1" uspid="4091" ordinal="0" offset="148" sl="34" sc="9" el="34" ec="9" bec="0" bev="0" fileid="22" />
                <SequencePoint vc="1" uspid="4092" ordinal="0" offset="165" sl="35" sc="9" el="35" ec="9" bec="0" bev="0" fileid="22" />
                <SequencePoint vc="1" uspid="4093" ordinal="0" offset="182" sl="36" sc="9" el="36" ec="9" bec="0" bev="0" fileid="22" />
                <SequencePoint vc="1" uspid="4094" ordinal="0" offset="199" sl="38" sc="9" el="38" ec="9" bec="0" bev="0" fileid="22" />
                <SequencePoint vc="0" uspid="4095" ordinal="0" offset="241" sl="41" sc="9" el="41" ec="9" bec="0" bev="0" fileid="22" />
                <SequencePoint vc="0" uspid="4096" ordinal="0" offset="264" sl="42" sc="5" el="42" ec="5" bec="0" bev="0" fileid="22" />
              </SequencePoints>
              <BranchPoints />
            </Method>
          </Methods>
        </Class>
      </Classes>
    </Module>
  </Modules>
</CoverageSession>