<?xml version="1.0" encoding="utf-8"?>
<CoverageSession xmlns:xsd="http://www.w3.org/2001/XMLSchema" xmlns:xsi="http://www.w3.org/2001/XMLSchema-instance" Version="0.0.0.0">
  <Summary numSequencePoints="1631" visitedSequencePoints="1511" numBranchPoints="0" visitedBranchPoints="0" sequenceCoverage="92.64" branchCoverage="0.0" maxCyclomaticComplexity="0" minCyclomaticComplexity="0" maxCrapScore="0" minCrapScore="0" visitedClasses="39" numClasses="39" visitedMethods="153" numMethods="153" />
  <Modules>
    <Module>
      <Summary numSequencePoints="1045" visitedSequencePoints="925" numBranchPoints="0" visitedBranchPoints="0" sequenceCoverage="88.52" branchCoverage="0.0" maxCyclomaticComplexity="0" minCyclomaticComplexity="0" maxCrapScore="0" minCrapScore="0" visitedClasses="24" numClasses="24" visitedMethods="138" numMethods="138" />
      <ModuleTime>0001-01-01T00:00:00</ModuleTime>
      <ModuleName>NewAssembly</ModuleName>
      <Files>
        <File uid="1" fullPath="C:/Users/mitchelld7373/Documents/GitHub/AtObsession/Assets/Scripts/asset_highlighter.cs" />
        <File uid="2" fullPath="C:/Users/mitchelld7373/Documents/GitHub/AtObsession/Assets/Scripts/background_scares.cs" />
        <File uid="3" fullPath="C:/Users/mitchelld7373/Documents/GitHub/AtObsession/Assets/Scripts/change_dying_filter.cs" />
        <File uid="4" fullPath="C:/Users/mitchelld7373/Documents/GitHub/AtObsession/Assets/Scripts/change_wellness_filter.cs" />
        <File uid="5" fullPath="C:/Users/mitchelld7373/Documents/GitHub/AtObsession/Assets/Scripts/daily_action_storage.cs" />
        <File uid="6" fullPath="C:/Users/mitchelld7373/Documents/GitHub/AtObsession/Assets/Scripts/day_night_manager.cs" />
        <File uid="7" fullPath="C:/Users/mitchelld7373/Documents/GitHub/AtObsession/Assets/Scripts/developer_options.cs" />
        <File uid="8" fullPath="C:/Users/mitchelld7373/Documents/GitHub/AtObsession/Assets/Scripts/do_an_action.cs" />
        <File uid="9" fullPath="C:/Users/mitchelld7373/Documents/GitHub/AtObsession/Assets/Scripts/exit_game.cs" />
        <File uid="10" fullPath="C:/Users/mitchelld7373/Documents/GitHub/AtObsession/Assets/Scripts/game_state.cs" />
        <File uid="11" fullPath="C:/Users/mitchelld7373/Documents/GitHub/AtObsession/Assets/Scripts/HUD_text_manager.cs" />
        <File uid="12" fullPath="C:/Users/mitchelld7373/Documents/GitHub/AtObsession/Assets/Scripts/move_location.cs" />
        <File uid="13" fullPath="C:/Users/mitchelld7373/Documents/GitHub/AtObsession/Assets/Scripts/notification_manager.cs" />
        <File uid="14" fullPath="C:/Users/mitchelld7373/Documents/GitHub/AtObsession/Assets/Scripts/shop.cs" />
        <File uid="15" fullPath="C:/Users/mitchelld7373/Documents/GitHub/AtObsession/Assets/Scripts/splash_screen_manager.cs" />
        <File uid="16" fullPath="C:/Users/mitchelld7373/Documents/GitHub/AtObsession/Assets/Scripts/stalker_prototype_script.cs" />
        <File uid="17" fullPath="C:/Users/mitchelld7373/Documents/GitHub/AtObsession/Assets/Scripts/statistic_slider.cs" />
        <File uid="18" fullPath="C:/Users/mitchelld7373/Documents/GitHub/AtObsession/Assets/Scripts/swap_assets.cs" />
        <File uid="19" fullPath="C:/Users/mitchelld7373/Documents/GitHub/AtObsession/Assets/Scripts/toggle_menu.cs" />
        <File uid="20" fullPath="C:/Users/mitchelld7373/Documents/GitHub/AtObsession/Assets/Scripts/video_making.cs" />
        <File uid="21" fullPath="C:/Users/mitchelld7373/Documents/GitHub/AtObsession/Assets/Scripts/wake_up_notification.cs" />
      </Files>
      <Classes>
        <Class>
          <Summary numSequencePoints="22" visitedSequencePoints="22" numBranchPoints="0" visitedBranchPoints="0" sequenceCoverage="100.0" branchCoverage="0.0" maxCyclomaticComplexity="0" minCyclomaticComplexity="0" maxCrapScore="0" minCrapScore="0" visitedClasses="1" numClasses="1" visitedMethods="3" numMethods="3" />
          <FullName>asset_highlighter</FullName>
          <Methods>
            <Method visited="true" cyclomaticComplexity="0" nPathComplexity="0" sequenceCoverage="100.0" branchCoverage="0" crapScore="0" isConstructor="false" isStatic="false" isGetter="false" isSetter="false">
              <Summary numSequencePoints="10" visitedSequencePoints="10" numBranchPoints="0" visitedBranchPoints="0" sequenceCoverage="100.0" branchCoverage="0" maxCyclomaticComplexity="0" minCyclomaticComplexity="0" maxCrapScore="0" minCrapScore="0" visitedClasses="0" numClasses="0" visitedMethods="1" numMethods="1" />
              <MetadataToken>100663297</MetadataToken>
              <Name>System.Void asset_highlighter::Start()</Name>
              <FileRef uid="1" />
              <SequencePoints>
                <SequencePoint vc="220" uspid="2044" ordinal="0" offset="0" sl="15" sc="5" el="15" ec="5" bec="0" bev="0" fileid="1" />
                <SequencePoint vc="220" uspid="2045" ordinal="0" offset="1" sl="16" sc="9" el="16" ec="9" bec="0" bev="0" fileid="1" />
                <SequencePoint vc="220" uspid="2046" ordinal="0" offset="16" sl="17" sc="9" el="17" ec="9" bec="0" bev="0" fileid="1" />
                <SequencePoint vc="220" uspid="2047" ordinal="0" offset="17" sl="18" sc="13" el="18" ec="13" bec="0" bev="0" fileid="1" />
                <SequencePoint vc="220" uspid="2048" ordinal="0" offset="31" sl="19" sc="9" el="19" ec="9" bec="0" bev="0" fileid="1" />
                <SequencePoint vc="220" uspid="2049" ordinal="0" offset="32" sl="22" sc="9" el="22" ec="9" bec="0" bev="0" fileid="1" />
                <SequencePoint vc="10" uspid="2050" ordinal="0" offset="47" sl="23" sc="9" el="23" ec="9" bec="0" bev="0" fileid="1" />
                <SequencePoint vc="10" uspid="2051" ordinal="0" offset="48" sl="24" sc="13" el="24" ec="13" bec="0" bev="0" fileid="1" />
                <SequencePoint vc="10" uspid="2052" ordinal="0" offset="62" sl="25" sc="9" el="25" ec="9" bec="0" bev="0" fileid="1" />
                <SequencePoint vc="220" uspid="2053" ordinal="0" offset="63" sl="26" sc="5" el="26" ec="5" bec="0" bev="0" fileid="1" />
              </SequencePoints>
              <BranchPoints />
            </Method>
            <Method visited="true" cyclomaticComplexity="0" nPathComplexity="0" sequenceCoverage="100.0" branchCoverage="0" crapScore="0" isConstructor="false" isStatic="false" isGetter="false" isSetter="false">
              <Summary numSequencePoints="10" visitedSequencePoints="10" numBranchPoints="0" visitedBranchPoints="0" sequenceCoverage="100.0" branchCoverage="0" maxCyclomaticComplexity="0" minCyclomaticComplexity="0" maxCrapScore="0" minCrapScore="0" visitedClasses="0" numClasses="0" visitedMethods="1" numMethods="1" />
              <MetadataToken>100663300</MetadataToken>
              <Name>System.Void asset_highlighter::swapHighlight()</Name>
              <FileRef uid="1" />
              <SequencePoints>
                <SequencePoint vc="49" uspid="2060" ordinal="0" offset="0" sl="39" sc="5" el="39" ec="5" bec="0" bev="0" fileid="1" />
                <SequencePoint vc="49" uspid="2061" ordinal="0" offset="1" sl="41" sc="9" el="41" ec="9" bec="0" bev="0" fileid="1" />
                <SequencePoint vc="12" uspid="2062" ordinal="0" offset="17" sl="42" sc="9" el="42" ec="9" bec="0" bev="0" fileid="1" />
                <SequencePoint vc="12" uspid="2063" ordinal="0" offset="18" sl="43" sc="13" el="43" ec="13" bec="0" bev="0" fileid="1" />
                <SequencePoint vc="12" uspid="2064" ordinal="0" offset="31" sl="44" sc="13" el="44" ec="13" bec="0" bev="0" fileid="1" />
                <SequencePoint vc="12" uspid="2065" ordinal="0" offset="38" sl="45" sc="13" el="45" ec="13" bec="0" bev="0" fileid="1" />
                <SequencePoint vc="12" uspid="2066" ordinal="0" offset="50" sl="46" sc="13" el="46" ec="13" bec="0" bev="0" fileid="1" />
                <SequencePoint vc="12" uspid="2067" ordinal="0" offset="57" sl="47" sc="13" el="47" ec="13" bec="0" bev="0" fileid="1" />
                <SequencePoint vc="12" uspid="2068" ordinal="0" offset="70" sl="48" sc="9" el="48" ec="9" bec="0" bev="0" fileid="1" />
                <SequencePoint vc="49" uspid="2069" ordinal="0" offset="71" sl="49" sc="5" el="49" ec="5" bec="0" bev="0" fileid="1" />
              </SequencePoints>
              <BranchPoints />
            </Method>
            <Method visited="true" cyclomaticComplexity="0" nPathComplexity="0" sequenceCoverage="100.0" branchCoverage="0" crapScore="0" isConstructor="true" isStatic="false" isGetter="false" isSetter="false">
              <Summary numSequencePoints="2" visitedSequencePoints="2" numBranchPoints="0" visitedBranchPoints="0" sequenceCoverage="100.0" branchCoverage="0" maxCyclomaticComplexity="0" minCyclomaticComplexity="0" maxCrapScore="0" minCrapScore="0" visitedClasses="0" numClasses="0" visitedMethods="1" numMethods="1" />
              <MetadataToken>100663301</MetadataToken>
              <Name>asset_highlighter::asset_highlighter()</Name>
              <FileRef uid="1" />
              <SequencePoints>
                <SequencePoint vc="220" uspid="2070" ordinal="0" offset="0" sl="10" sc="5" el="10" ec="5" bec="0" bev="0" fileid="1" />
                <SequencePoint vc="220" uspid="2071" ordinal="0" offset="7" sl="11" sc="5" el="11" ec="5" bec="0" bev="0" fileid="1" />
              </SequencePoints>
              <BranchPoints />
            </Method>
          </Methods>
        </Class>
        <Class>
          <Summary numSequencePoints="48" visitedSequencePoints="37" numBranchPoints="0" visitedBranchPoints="0" sequenceCoverage="77.08" branchCoverage="0.0" maxCyclomaticComplexity="0" minCyclomaticComplexity="0" maxCrapScore="0" minCrapScore="0" visitedClasses="1" numClasses="1" visitedMethods="5" numMethods="5" />
          <FullName>background_scares</FullName>
          <Methods>
            <Method visited="true" cyclomaticComplexity="0" nPathComplexity="0" sequenceCoverage="100.0" branchCoverage="0" crapScore="0" isConstructor="false" isStatic="false" isGetter="false" isSetter="false">
              <Summary numSequencePoints="5" visitedSequencePoints="5" numBranchPoints="0" visitedBranchPoints="0" sequenceCoverage="100.0" branchCoverage="0" maxCyclomaticComplexity="0" minCyclomaticComplexity="0" maxCrapScore="0" minCrapScore="0" visitedClasses="0" numClasses="0" visitedMethods="1" numMethods="1" />
              <MetadataToken>100663302</MetadataToken>
              <Name>System.Void background_scares::Start()</Name>
              <FileRef uid="2" />
              <SequencePoints>
                <SequencePoint vc="10" uspid="2072" ordinal="0" offset="0" sl="16" sc="5" el="16" ec="5" bec="0" bev="0" fileid="2" />
                <SequencePoint vc="10" uspid="2073" ordinal="0" offset="1" sl="17" sc="9" el="17" ec="9" bec="0" bev="0" fileid="2" />
                <SequencePoint vc="10" uspid="2074" ordinal="0" offset="22" sl="18" sc="9" el="18" ec="9" bec="0" bev="0" fileid="2" />
                <SequencePoint vc="10" uspid="2075" ordinal="0" offset="38" sl="20" sc="9" el="20" ec="9" bec="0" bev="0" fileid="2" />
                <SequencePoint vc="10" uspid="2076" ordinal="0" offset="62" sl="21" sc="5" el="21" ec="5" bec="0" bev="0" fileid="2" />
              </SequencePoints>
              <BranchPoints />
            </Method>
            <Method visited="true" cyclomaticComplexity="0" nPathComplexity="0" sequenceCoverage="83.33" branchCoverage="0" crapScore="0" isConstructor="false" isStatic="false" isGetter="false" isSetter="false">
              <Summary numSequencePoints="18" visitedSequencePoints="15" numBranchPoints="0" visitedBranchPoints="0" sequenceCoverage="83.33" branchCoverage="0" maxCyclomaticComplexity="0" minCyclomaticComplexity="0" maxCrapScore="0" minCrapScore="0" visitedClasses="0" numClasses="0" visitedMethods="1" numMethods="1" />
              <MetadataToken>100663303</MetadataToken>
              <Name>System.Void background_scares::OnTimeChanged(System.Int32, System.Int32)</Name>
              <FileRef uid="2" />
              <SequencePoints>
                <SequencePoint vc="209" uspid="2077" ordinal="0" offset="0" sl="24" sc="5" el="24" ec="5" bec="0" bev="0" fileid="2" />
                <SequencePoint vc="209" uspid="2078" ordinal="0" offset="1" sl="25" sc="9" el="25" ec="9" bec="0" bev="0" fileid="2" />
                <SequencePoint vc="209" uspid="2079" ordinal="0" offset="5" sl="26" sc="9" el="26" ec="9" bec="0" bev="0" fileid="2" />
                <SequencePoint vc="209" uspid="2080" ordinal="0" offset="19" sl="27" sc="9" el="27" ec="9" bec="0" bev="0" fileid="2" />
                <SequencePoint vc="209" uspid="2081" ordinal="0" offset="31" sl="28" sc="9" el="28" ec="9" bec="0" bev="0" fileid="2" />
                <SequencePoint vc="209" uspid="2082" ordinal="0" offset="43" sl="30" sc="9" el="30" ec="9" bec="0" bev="0" fileid="2" />
                <SequencePoint vc="49" uspid="2083" ordinal="0" offset="75" sl="31" sc="9" el="31" ec="9" bec="0" bev="0" fileid="2" />
                <SequencePoint vc="49" uspid="2084" ordinal="0" offset="76" sl="32" sc="13" el="32" ec="13" bec="0" bev="0" fileid="2" />
                <SequencePoint vc="49" uspid="2085" ordinal="0" offset="92" sl="33" sc="13" el="33" ec="13" bec="0" bev="0" fileid="2" />
                <SequencePoint vc="49" uspid="2086" ordinal="0" offset="93" sl="34" sc="17" el="34" ec="17" bec="0" bev="0" fileid="2" />
                <SequencePoint vc="49" uspid="2087" ordinal="0" offset="109" sl="35" sc="17" el="35" ec="17" bec="0" bev="0" fileid="2" />
                <SequencePoint vc="49" uspid="2088" ordinal="0" offset="118" sl="36" sc="13" el="36" ec="13" bec="0" bev="0" fileid="2" />
                <SequencePoint vc="0" uspid="2089" ordinal="0" offset="121" sl="38" sc="13" el="38" ec="13" bec="0" bev="0" fileid="2" />
                <SequencePoint vc="0" uspid="2090" ordinal="0" offset="122" sl="39" sc="17" el="39" ec="17" bec="0" bev="0" fileid="2" />
                <SequencePoint vc="0" uspid="2091" ordinal="0" offset="133" sl="40" sc="13" el="40" ec="13" bec="0" bev="0" fileid="2" />
                <SequencePoint vc="49" uspid="2092" ordinal="0" offset="134" sl="41" sc="13" el="41" ec="13" bec="0" bev="0" fileid="2" />
                <SequencePoint vc="49" uspid="2093" ordinal="0" offset="153" sl="42" sc="9" el="42" ec="9" bec="0" bev="0" fileid="2" />
                <SequencePoint vc="209" uspid="2094" ordinal="0" offset="154" sl="43" sc="5" el="43" ec="5" bec="0" bev="0" fileid="2" />
              </SequencePoints>
              <BranchPoints />
            </Method>
            <Method visited="true" cyclomaticComplexity="0" nPathComplexity="0" sequenceCoverage="100.0" branchCoverage="0" crapScore="0" isConstructor="false" isStatic="false" isGetter="false" isSetter="false">
              <Summary numSequencePoints="2" visitedSequencePoints="2" numBranchPoints="0" visitedBranchPoints="0" sequenceCoverage="100.0" branchCoverage="0" maxCyclomaticComplexity="0" minCyclomaticComplexity="0" maxCrapScore="0" minCrapScore="0" visitedClasses="0" numClasses="0" visitedMethods="1" numMethods="1" />
              <MetadataToken>100663304</MetadataToken>
              <Name>System.Void background_scares::Update()</Name>
              <FileRef uid="2" />
              <SequencePoints>
                <SequencePoint vc="34" uspid="2095" ordinal="0" offset="0" sl="47" sc="5" el="47" ec="5" bec="0" bev="0" fileid="2" />
                <SequencePoint vc="34" uspid="2096" ordinal="0" offset="1" sl="49" sc="5" el="49" ec="5" bec="0" bev="0" fileid="2" />
              </SequencePoints>
              <BranchPoints />
            </Method>
            <Method visited="true" cyclomaticComplexity="0" nPathComplexity="0" sequenceCoverage="63.64" branchCoverage="0" crapScore="0" isConstructor="false" isStatic="false" isGetter="false" isSetter="false">
              <Summary numSequencePoints="22" visitedSequencePoints="14" numBranchPoints="0" visitedBranchPoints="0" sequenceCoverage="63.64" branchCoverage="0" maxCyclomaticComplexity="0" minCyclomaticComplexity="0" maxCrapScore="0" minCrapScore="0" visitedClasses="0" numClasses="0" visitedMethods="1" numMethods="1" />
              <MetadataToken>100663305</MetadataToken>
              <Name>System.Void background_scares::TriggerScare(System.Int32)</Name>
              <FileRef uid="2" />
              <SequencePoints>
                <SequencePoint vc="49" uspid="2097" ordinal="0" offset="0" sl="52" sc="5" el="52" ec="5" bec="0" bev="0" fileid="2" />
                <SequencePoint vc="49" uspid="2098" ordinal="0" offset="1" sl="53" sc="9" el="53" ec="9" bec="0" bev="0" fileid="2" />
                <SequencePoint vc="49" uspid="2099" ordinal="0" offset="7" sl="54" sc="9" el="54" ec="9" bec="0" bev="0" fileid="2" />
                <SequencePoint vc="49" uspid="2100" ordinal="0" offset="36" sl="55" sc="9" el="55" ec="9" bec="0" bev="0" fileid="2" />
                <SequencePoint vc="0" uspid="2101" ordinal="0" offset="67" sl="56" sc="9" el="56" ec="9" bec="0" bev="0" fileid="2" />
                <SequencePoint vc="0" uspid="2102" ordinal="0" offset="68" sl="57" sc="13" el="57" ec="13" bec="0" bev="0" fileid="2" />
                <SequencePoint vc="0" uspid="2103" ordinal="0" offset="70" sl="59" sc="13" el="59" ec="13" bec="0" bev="0" fileid="2" />
                <SequencePoint vc="0" uspid="2104" ordinal="0" offset="88" sl="63" sc="13" el="63" ec="13" bec="0" bev="0" fileid="2" />
                <SequencePoint vc="0" uspid="2105" ordinal="0" offset="89" sl="64" sc="17" el="64" ec="17" bec="0" bev="0" fileid="2" />
                <SequencePoint vc="0" uspid="2106" ordinal="0" offset="105" sl="65" sc="13" el="65" ec="13" bec="0" bev="0" fileid="2" />
                <SequencePoint vc="0" uspid="2107" ordinal="0" offset="106" sl="62" sc="13" el="62" ec="13" bec="0" bev="0" fileid="2" />
                <SequencePoint vc="0" uspid="2108" ordinal="0" offset="116" sl="66" sc="9" el="66" ec="9" bec="0" bev="0" fileid="2" />
                <SequencePoint vc="49" uspid="2109" ordinal="0" offset="117" sl="68" sc="9" el="68" ec="9" bec="0" bev="0" fileid="2" />
                <SequencePoint vc="49" uspid="2110" ordinal="0" offset="136" sl="70" sc="9" el="70" ec="9" bec="0" bev="0" fileid="2" />
                <SequencePoint vc="49" uspid="2111" ordinal="0" offset="154" sl="71" sc="9" el="71" ec="9" bec="0" bev="0" fileid="2" />
                <SequencePoint vc="49" uspid="2112" ordinal="0" offset="155" sl="72" sc="13" el="72" ec="13" bec="0" bev="0" fileid="2" />
                <SequencePoint vc="49" uspid="2113" ordinal="0" offset="167" sl="73" sc="13" el="73" ec="13" bec="0" bev="0" fileid="2" />
                <SequencePoint vc="49" uspid="2114" ordinal="0" offset="185" sl="74" sc="13" el="74" ec="13" bec="0" bev="0" fileid="2" />
                <SequencePoint vc="49" uspid="2115" ordinal="0" offset="186" sl="75" sc="17" el="75" ec="17" bec="0" bev="0" fileid="2" />
                <SequencePoint vc="49" uspid="2116" ordinal="0" offset="199" sl="76" sc="13" el="76" ec="13" bec="0" bev="0" fileid="2" />
                <SequencePoint vc="49" uspid="2117" ordinal="0" offset="200" sl="77" sc="9" el="77" ec="9" bec="0" bev="0" fileid="2" />
                <SequencePoint vc="49" uspid="2118" ordinal="0" offset="201" sl="78" sc="5" el="78" ec="5" bec="0" bev="0" fileid="2" />
              </SequencePoints>
              <BranchPoints />
            </Method>
            <Method visited="true" cyclomaticComplexity="0" nPathComplexity="0" sequenceCoverage="100.0" branchCoverage="0" crapScore="0" isConstructor="true" isStatic="false" isGetter="false" isSetter="false">
              <Summary numSequencePoints="1" visitedSequencePoints="1" numBranchPoints="0" visitedBranchPoints="0" sequenceCoverage="100.0" branchCoverage="0" maxCyclomaticComplexity="0" minCyclomaticComplexity="0" maxCrapScore="0" minCrapScore="0" visitedClasses="0" numClasses="0" visitedMethods="1" numMethods="1" />
              <MetadataToken>100663306</MetadataToken>
              <Name>background_scares::background_scares()</Name>
              <FileRef uid="2" />
              <SequencePoints>
                <SequencePoint vc="10" uspid="2119" ordinal="0" offset="0" sl="12" sc="5" el="12" ec="5" bec="0" bev="0" fileid="2" />
              </SequencePoints>
              <BranchPoints />
            </Method>
          </Methods>
        </Class>
        <Class>
          <Summary numSequencePoints="15" visitedSequencePoints="15" numBranchPoints="0" visitedBranchPoints="0" sequenceCoverage="100.0" branchCoverage="0.0" maxCyclomaticComplexity="0" minCyclomaticComplexity="0" maxCrapScore="0" minCrapScore="0" visitedClasses="1" numClasses="1" visitedMethods="2" numMethods="2" />
          <FullName>change_dying_filter</FullName>
          <Methods>
            <Method visited="true" cyclomaticComplexity="0" nPathComplexity="0" sequenceCoverage="100.0" branchCoverage="0" crapScore="0" isConstructor="false" isStatic="false" isGetter="false" isSetter="false">
              <Summary numSequencePoints="5" visitedSequencePoints="5" numBranchPoints="0" visitedBranchPoints="0" sequenceCoverage="100.0" branchCoverage="0" maxCyclomaticComplexity="0" minCyclomaticComplexity="0" maxCrapScore="0" minCrapScore="0" visitedClasses="0" numClasses="0" visitedMethods="1" numMethods="1" />
              <MetadataToken>100663307</MetadataToken>
              <Name>System.Void change_dying_filter::Start()</Name>
              <FileRef uid="3" />
              <SequencePoints>
                <SequencePoint vc="10" uspid="2120" ordinal="0" offset="0" sl="13" sc="5" el="13" ec="5" bec="0" bev="0" fileid="3" />
                <SequencePoint vc="10" uspid="2121" ordinal="0" offset="1" sl="15" sc="9" el="15" ec="9" bec="0" bev="0" fileid="3" />
                <SequencePoint vc="10" uspid="2122" ordinal="0" offset="17" sl="16" sc="9" el="16" ec="9" bec="0" bev="0" fileid="3" />
                <SequencePoint vc="10" uspid="2123" ordinal="0" offset="36" sl="19" sc="9" el="19" ec="9" bec="0" bev="0" fileid="3" />
                <SequencePoint vc="10" uspid="2124" ordinal="0" offset="55" sl="22" sc="5" el="22" ec="5" bec="0" bev="0" fileid="3" />
              </SequencePoints>
              <BranchPoints />
            </Method>
            <Method visited="true" cyclomaticComplexity="0" nPathComplexity="0" sequenceCoverage="100.0" branchCoverage="0" crapScore="0" isConstructor="false" isStatic="false" isGetter="false" isSetter="false">
              <Summary numSequencePoints="10" visitedSequencePoints="10" numBranchPoints="0" visitedBranchPoints="0" sequenceCoverage="100.0" branchCoverage="0" maxCyclomaticComplexity="0" minCyclomaticComplexity="0" maxCrapScore="0" minCrapScore="0" visitedClasses="0" numClasses="0" visitedMethods="1" numMethods="1" />
              <MetadataToken>100663308</MetadataToken>
              <Name>System.Void change_dying_filter::changeFilterOpacity(System.Int32, System.Int32)</Name>
              <FileRef uid="3" />
              <SequencePoints>
                <SequencePoint vc="691" uspid="2125" ordinal="0" offset="0" sl="27" sc="5" el="27" ec="5" bec="0" bev="0" fileid="3" />
                <SequencePoint vc="691" uspid="2126" ordinal="0" offset="1" sl="28" sc="9" el="28" ec="9" bec="0" bev="0" fileid="3" />
                <SequencePoint vc="691" uspid="2127" ordinal="0" offset="8" sl="30" sc="9" el="30" ec="9" bec="0" bev="0" fileid="3" />
                <SequencePoint vc="691" uspid="2128" ordinal="0" offset="20" sl="31" sc="9" el="31" ec="9" bec="0" bev="0" fileid="3" />
                <SequencePoint vc="691" uspid="2129" ordinal="0" offset="32" sl="33" sc="9" el="33" ec="9" bec="0" bev="0" fileid="3" />
                <SequencePoint vc="68" uspid="2130" ordinal="0" offset="44" sl="34" sc="9" el="34" ec="9" bec="0" bev="0" fileid="3" />
                <SequencePoint vc="68" uspid="2131" ordinal="0" offset="45" sl="36" sc="13" el="36" ec="13" bec="0" bev="0" fileid="3" />
                <SequencePoint vc="68" uspid="2132" ordinal="0" offset="65" sl="37" sc="9" el="37" ec="9" bec="0" bev="0" fileid="3" />
                <SequencePoint vc="691" uspid="2133" ordinal="0" offset="66" sl="40" sc="9" el="40" ec="9" bec="0" bev="0" fileid="3" />
                <SequencePoint vc="691" uspid="2134" ordinal="0" offset="79" sl="41" sc="5" el="41" ec="5" bec="0" bev="0" fileid="3" />
              </SequencePoints>
              <BranchPoints />
            </Method>
          </Methods>
        </Class>
        <Class>
          <Summary numSequencePoints="10" visitedSequencePoints="10" numBranchPoints="0" visitedBranchPoints="0" sequenceCoverage="100.0" branchCoverage="0.0" maxCyclomaticComplexity="0" minCyclomaticComplexity="0" maxCrapScore="0" minCrapScore="0" visitedClasses="1" numClasses="1" visitedMethods="2" numMethods="2" />
          <FullName>change_wellness_filter</FullName>
          <Methods>
            <Method visited="true" cyclomaticComplexity="0" nPathComplexity="0" sequenceCoverage="100.0" branchCoverage="0" crapScore="0" isConstructor="false" isStatic="false" isGetter="false" isSetter="false">
              <Summary numSequencePoints="5" visitedSequencePoints="5" numBranchPoints="0" visitedBranchPoints="0" sequenceCoverage="100.0" branchCoverage="0" maxCyclomaticComplexity="0" minCyclomaticComplexity="0" maxCrapScore="0" minCrapScore="0" visitedClasses="0" numClasses="0" visitedMethods="1" numMethods="1" />
              <MetadataToken>100663311</MetadataToken>
              <Name>System.Void change_wellness_filter::Start()</Name>
              <FileRef uid="4" />
              <SequencePoints>
                <SequencePoint vc="10" uspid="2138" ordinal="0" offset="0" sl="11" sc="5" el="11" ec="5" bec="0" bev="0" fileid="4" />
                <SequencePoint vc="10" uspid="2139" ordinal="0" offset="1" sl="13" sc="9" el="13" ec="9" bec="0" bev="0" fileid="4" />
                <SequencePoint vc="10" uspid="2140" ordinal="0" offset="17" sl="14" sc="9" el="14" ec="9" bec="0" bev="0" fileid="4" />
                <SequencePoint vc="10" uspid="2141" ordinal="0" offset="36" sl="17" sc="9" el="17" ec="9" bec="0" bev="0" fileid="4" />
                <SequencePoint vc="10" uspid="2142" ordinal="0" offset="55" sl="19" sc="5" el="19" ec="5" bec="0" bev="0" fileid="4" />
              </SequencePoints>
              <BranchPoints />
            </Method>
            <Method visited="true" cyclomaticComplexity="0" nPathComplexity="0" sequenceCoverage="100.0" branchCoverage="0" crapScore="0" isConstructor="false" isStatic="false" isGetter="false" isSetter="false">
              <Summary numSequencePoints="5" visitedSequencePoints="5" numBranchPoints="0" visitedBranchPoints="0" sequenceCoverage="100.0" branchCoverage="0" maxCyclomaticComplexity="0" minCyclomaticComplexity="0" maxCrapScore="0" minCrapScore="0" visitedClasses="0" numClasses="0" visitedMethods="1" numMethods="1" />
              <MetadataToken>100663312</MetadataToken>
              <Name>System.Void change_wellness_filter::changeFilterOpacity(System.Int32, System.Int32)</Name>
              <FileRef uid="4" />
              <SequencePoints>
                <SequencePoint vc="691" uspid="2143" ordinal="0" offset="0" sl="24" sc="5" el="24" ec="5" bec="0" bev="0" fileid="4" />
                <SequencePoint vc="691" uspid="2144" ordinal="0" offset="1" sl="26" sc="9" el="26" ec="9" bec="0" bev="0" fileid="4" />
                <SequencePoint vc="691" uspid="2145" ordinal="0" offset="13" sl="27" sc="9" el="27" ec="9" bec="0" bev="0" fileid="4" />
                <SequencePoint vc="691" uspid="2146" ordinal="0" offset="33" sl="28" sc="9" el="28" ec="9" bec="0" bev="0" fileid="4" />
                <SequencePoint vc="691" uspid="2147" ordinal="0" offset="46" sl="29" sc="5" el="29" ec="5" bec="0" bev="0" fileid="4" />
              </SequencePoints>
              <BranchPoints />
            </Method>
          </Methods>
        </Class>
        <Class>
          <Summary numSequencePoints="10" visitedSequencePoints="10" numBranchPoints="0" visitedBranchPoints="0" sequenceCoverage="100.0" branchCoverage="0.0" maxCyclomaticComplexity="0" minCyclomaticComplexity="0" maxCrapScore="0" minCrapScore="0" visitedClasses="1" numClasses="1" visitedMethods="1" numMethods="1" />
          <FullName>ActionVariable</FullName>
          <Methods>
            <Method visited="true" cyclomaticComplexity="0" nPathComplexity="0" sequenceCoverage="100.0" branchCoverage="0" crapScore="0" isConstructor="true" isStatic="false" isGetter="false" isSetter="false">
              <Summary numSequencePoints="10" visitedSequencePoints="10" numBranchPoints="0" visitedBranchPoints="0" sequenceCoverage="100.0" branchCoverage="0" maxCyclomaticComplexity="0" minCyclomaticComplexity="0" maxCrapScore="0" minCrapScore="0" visitedClasses="0" numClasses="0" visitedMethods="1" numMethods="1" />
              <MetadataToken>100663314</MetadataToken>
              <Name>ActionVariable::ActionVariable(System.Int32, System.Int32, System.Double, System.String)</Name>
              <FileRef uid="5" />
              <SequencePoints>
                <SequencePoint vc="160" uspid="2163" ordinal="0" offset="0" sl="9" sc="5" el="9" ec="5" bec="0" bev="0" fileid="5" />
                <SequencePoint vc="160" uspid="2164" ordinal="0" offset="7" sl="10" sc="5" el="10" ec="5" bec="0" bev="0" fileid="5" />
                <SequencePoint vc="160" uspid="2165" ordinal="0" offset="14" sl="11" sc="5" el="11" ec="5" bec="0" bev="0" fileid="5" />
                <SequencePoint vc="160" uspid="2166" ordinal="0" offset="29" sl="14" sc="5" el="14" ec="5" bec="0" bev="0" fileid="5" />
                <SequencePoint vc="160" uspid="2167" ordinal="0" offset="36" sl="15" sc="5" el="15" ec="5" bec="0" bev="0" fileid="5" />
                <SequencePoint vc="160" uspid="2168" ordinal="0" offset="37" sl="16" sc="9" el="16" ec="9" bec="0" bev="0" fileid="5" />
                <SequencePoint vc="160" uspid="2169" ordinal="0" offset="44" sl="17" sc="9" el="17" ec="9" bec="0" bev="0" fileid="5" />
                <SequencePoint vc="160" uspid="2170" ordinal="0" offset="51" sl="18" sc="9" el="18" ec="9" bec="0" bev="0" fileid="5" />
                <SequencePoint vc="160" uspid="2171" ordinal="0" offset="58" sl="19" sc="9" el="19" ec="9" bec="0" bev="0" fileid="5" />
                <SequencePoint vc="160" uspid="2172" ordinal="0" offset="66" sl="21" sc="5" el="21" ec="5" bec="0" bev="0" fileid="5" />
              </SequencePoints>
              <BranchPoints />
            </Method>
          </Methods>
        </Class>
        <Class>
          <Summary numSequencePoints="76" visitedSequencePoints="72" numBranchPoints="0" visitedBranchPoints="0" sequenceCoverage="94.74" branchCoverage="0.0" maxCyclomaticComplexity="0" minCyclomaticComplexity="0" maxCrapScore="0" minCrapScore="0" visitedClasses="1" numClasses="1" visitedMethods="7" numMethods="7" />
          <FullName>daily_action_storage</FullName>
          <Methods>
            <Method visited="true" cyclomaticComplexity="0" nPathComplexity="0" sequenceCoverage="100.0" branchCoverage="0" crapScore="0" isConstructor="false" isStatic="false" isGetter="false" isSetter="false">
              <Summary numSequencePoints="15" visitedSequencePoints="15" numBranchPoints="0" visitedBranchPoints="0" sequenceCoverage="100.0" branchCoverage="0" maxCyclomaticComplexity="0" minCyclomaticComplexity="0" maxCrapScore="0" minCrapScore="0" visitedClasses="0" numClasses="0" visitedMethods="1" numMethods="1" />
              <MetadataToken>100663320</MetadataToken>
              <Name>System.Void daily_action_storage::Awake()</Name>
              <FileRef uid="5" />
              <SequencePoints>
                <SequencePoint vc="10" uspid="2173" ordinal="0" offset="0" sl="70" sc="5" el="70" ec="5" bec="0" bev="0" fileid="5" />
                <SequencePoint vc="10" uspid="2174" ordinal="0" offset="1" sl="72" sc="9" el="72" ec="9" bec="0" bev="0" fileid="5" />
                <SequencePoint vc="10" uspid="2175" ordinal="0" offset="13" sl="73" sc="9" el="73" ec="9" bec="0" bev="0" fileid="5" />
                <SequencePoint vc="10" uspid="2176" ordinal="0" offset="20" sl="74" sc="9" el="74" ec="9" bec="0" bev="0" fileid="5" />
                <SequencePoint vc="10" uspid="2177" ordinal="0" offset="44" sl="77" sc="9" el="77" ec="9" bec="0" bev="0" fileid="5" />
                <SequencePoint vc="10" uspid="2178" ordinal="0" offset="55" sl="80" sc="9" el="80" ec="9" bec="0" bev="0" fileid="5" />
                <SequencePoint vc="10" uspid="2179" ordinal="0" offset="76" sl="81" sc="9" el="81" ec="9" bec="0" bev="0" fileid="5" />
                <SequencePoint vc="10" uspid="2180" ordinal="0" offset="97" sl="82" sc="9" el="82" ec="9" bec="0" bev="0" fileid="5" />
                <SequencePoint vc="10" uspid="2181" ordinal="0" offset="118" sl="83" sc="9" el="83" ec="9" bec="0" bev="0" fileid="5" />
                <SequencePoint vc="10" uspid="2182" ordinal="0" offset="139" sl="84" sc="9" el="84" ec="9" bec="0" bev="0" fileid="5" />
                <SequencePoint vc="10" uspid="2183" ordinal="0" offset="160" sl="85" sc="9" el="85" ec="9" bec="0" bev="0" fileid="5" />
                <SequencePoint vc="10" uspid="2184" ordinal="0" offset="181" sl="87" sc="9" el="87" ec="9" bec="0" bev="0" fileid="5" />
                <SequencePoint vc="10" uspid="2185" ordinal="0" offset="202" sl="88" sc="9" el="88" ec="9" bec="0" bev="0" fileid="5" />
                <SequencePoint vc="10" uspid="2186" ordinal="0" offset="223" sl="89" sc="9" el="89" ec="9" bec="0" bev="0" fileid="5" />
                <SequencePoint vc="10" uspid="2187" ordinal="0" offset="244" sl="92" sc="5" el="92" ec="5" bec="0" bev="0" fileid="5" />
              </SequencePoints>
              <BranchPoints />
            </Method>
            <Method visited="true" cyclomaticComplexity="0" nPathComplexity="0" sequenceCoverage="100.0" branchCoverage="0" crapScore="0" isConstructor="false" isStatic="false" isGetter="false" isSetter="false">
              <Summary numSequencePoints="6" visitedSequencePoints="6" numBranchPoints="0" visitedBranchPoints="0" sequenceCoverage="100.0" branchCoverage="0" maxCyclomaticComplexity="0" minCyclomaticComplexity="0" maxCrapScore="0" minCrapScore="0" visitedClasses="0" numClasses="0" visitedMethods="1" numMethods="1" />
              <MetadataToken>100663321</MetadataToken>
              <Name>System.Void daily_action_storage::Start()</Name>
              <FileRef uid="5" />
              <SequencePoints>
                <SequencePoint vc="10" uspid="2188" ordinal="0" offset="0" sl="96" sc="5" el="96" ec="5" bec="0" bev="0" fileid="5" />
                <SequencePoint vc="10" uspid="2189" ordinal="0" offset="1" sl="97" sc="9" el="97" ec="9" bec="0" bev="0" fileid="5" />
                <SequencePoint vc="10" uspid="2190" ordinal="0" offset="595" sl="127" sc="9" el="127" ec="9" bec="0" bev="0" fileid="5" />
                <SequencePoint vc="10" uspid="2191" ordinal="0" offset="606" sl="129" sc="9" el="129" ec="9" bec="0" bev="0" fileid="5" />
                <SequencePoint vc="10" uspid="2192" ordinal="0" offset="785" sl="151" sc="9" el="151" ec="9" bec="0" bev="0" fileid="5" />
                <SequencePoint vc="10" uspid="2193" ordinal="0" offset="794" sl="152" sc="5" el="152" ec="5" bec="0" bev="0" fileid="5" />
              </SequencePoints>
              <BranchPoints />
            </Method>
            <Method visited="true" cyclomaticComplexity="0" nPathComplexity="0" sequenceCoverage="100.0" branchCoverage="0" crapScore="0" isConstructor="false" isStatic="false" isGetter="false" isSetter="false">
              <Summary numSequencePoints="5" visitedSequencePoints="5" numBranchPoints="0" visitedBranchPoints="0" sequenceCoverage="100.0" branchCoverage="0" maxCyclomaticComplexity="0" minCyclomaticComplexity="0" maxCrapScore="0" minCrapScore="0" visitedClasses="0" numClasses="0" visitedMethods="1" numMethods="1" />
              <MetadataToken>100663322</MetadataToken>
              <Name>System.Int32 daily_action_storage::RandomTimeBig()</Name>
              <FileRef uid="5" />
              <SequencePoints>
                <SequencePoint vc="20" uspid="2194" ordinal="0" offset="0" sl="155" sc="5" el="155" ec="5" bec="0" bev="0" fileid="5" />
                <SequencePoint vc="20" uspid="2195" ordinal="0" offset="1" sl="158" sc="9" el="158" ec="9" bec="0" bev="0" fileid="5" />
                <SequencePoint vc="20" uspid="2196" ordinal="0" offset="17" sl="159" sc="9" el="159" ec="9" bec="0" bev="0" fileid="5" />
                <SequencePoint vc="20" uspid="2197" ordinal="0" offset="21" sl="160" sc="9" el="160" ec="9" bec="0" bev="0" fileid="5" />
                <SequencePoint vc="20" uspid="2198" ordinal="0" offset="25" sl="161" sc="5" el="161" ec="5" bec="0" bev="0" fileid="5" />
              </SequencePoints>
              <BranchPoints />
            </Method>
            <Method visited="true" cyclomaticComplexity="0" nPathComplexity="0" sequenceCoverage="100.0" branchCoverage="0" crapScore="0" isConstructor="false" isStatic="false" isGetter="false" isSetter="false">
              <Summary numSequencePoints="5" visitedSequencePoints="5" numBranchPoints="0" visitedBranchPoints="0" sequenceCoverage="100.0" branchCoverage="0" maxCyclomaticComplexity="0" minCyclomaticComplexity="0" maxCrapScore="0" minCrapScore="0" visitedClasses="0" numClasses="0" visitedMethods="1" numMethods="1" />
              <MetadataToken>100663323</MetadataToken>
              <Name>System.Int32 daily_action_storage::RandomTimeSmall()</Name>
              <FileRef uid="5" />
              <SequencePoints>
                <SequencePoint vc="10" uspid="2199" ordinal="0" offset="0" sl="164" sc="5" el="164" ec="5" bec="0" bev="0" fileid="5" />
                <SequencePoint vc="10" uspid="2200" ordinal="0" offset="1" sl="167" sc="9" el="167" ec="9" bec="0" bev="0" fileid="5" />
                <SequencePoint vc="10" uspid="2201" ordinal="0" offset="16" sl="168" sc="9" el="168" ec="9" bec="0" bev="0" fileid="5" />
                <SequencePoint vc="10" uspid="2202" ordinal="0" offset="20" sl="169" sc="9" el="169" ec="9" bec="0" bev="0" fileid="5" />
                <SequencePoint vc="10" uspid="2203" ordinal="0" offset="24" sl="170" sc="5" el="170" ec="5" bec="0" bev="0" fileid="5" />
              </SequencePoints>
              <BranchPoints />
            </Method>
            <Method visited="true" cyclomaticComplexity="0" nPathComplexity="0" sequenceCoverage="60.00" branchCoverage="0" crapScore="0" isConstructor="false" isStatic="false" isGetter="false" isSetter="false">
              <Summary numSequencePoints="10" visitedSequencePoints="6" numBranchPoints="0" visitedBranchPoints="0" sequenceCoverage="60.00" branchCoverage="0" maxCyclomaticComplexity="0" minCyclomaticComplexity="0" maxCrapScore="0" minCrapScore="0" visitedClasses="0" numClasses="0" visitedMethods="1" numMethods="1" />
              <MetadataToken>100663324</MetadataToken>
              <Name>System.Int32 daily_action_storage::RandomWellness()</Name>
              <FileRef uid="5" />
              <SequencePoints>
                <SequencePoint vc="10" uspid="2204" ordinal="0" offset="0" sl="173" sc="5" el="173" ec="5" bec="0" bev="0" fileid="5" />
                <SequencePoint vc="10" uspid="2205" ordinal="0" offset="1" sl="176" sc="9" el="176" ec="9" bec="0" bev="0" fileid="5" />
                <SequencePoint vc="10" uspid="2206" ordinal="0" offset="15" sl="177" sc="9" el="177" ec="9" bec="0" bev="0" fileid="5" />
                <SequencePoint vc="10" uspid="2207" ordinal="0" offset="23" sl="178" sc="9" el="178" ec="9" bec="0" bev="0" fileid="5" />
                <SequencePoint vc="10" uspid="2208" ordinal="0" offset="24" sl="179" sc="13" el="179" ec="13" bec="0" bev="0" fileid="5" />
                <SequencePoint vc="0" uspid="2209" ordinal="0" offset="29" sl="181" sc="9" el="181" ec="9" bec="0" bev="0" fileid="5" />
                <SequencePoint vc="0" uspid="2210" ordinal="0" offset="37" sl="181" sc="32" el="181" ec="32" bec="0" bev="0" fileid="5" />
                <SequencePoint vc="0" uspid="2211" ordinal="0" offset="38" sl="182" sc="13" el="182" ec="13" bec="0" bev="0" fileid="5" />
                <SequencePoint vc="0" uspid="2212" ordinal="0" offset="43" sl="184" sc="9" el="184" ec="9" bec="0" bev="0" fileid="5" />
                <SequencePoint vc="10" uspid="2213" ordinal="0" offset="47" sl="185" sc="5" el="185" ec="5" bec="0" bev="0" fileid="5" />
              </SequencePoints>
              <BranchPoints />
            </Method>
            <Method visited="true" cyclomaticComplexity="0" nPathComplexity="0" sequenceCoverage="100.0" branchCoverage="0" crapScore="0" isConstructor="false" isStatic="false" isGetter="false" isSetter="false">
              <Summary numSequencePoints="34" visitedSequencePoints="34" numBranchPoints="0" visitedBranchPoints="0" sequenceCoverage="100.0" branchCoverage="0" maxCyclomaticComplexity="0" minCyclomaticComplexity="0" maxCrapScore="0" minCrapScore="0" visitedClasses="0" numClasses="0" visitedMethods="1" numMethods="1" />
              <MetadataToken>100663330</MetadataToken>
              <Name>System.Void daily_action_storage::toggleButtons(System.Int32, System.Int32)</Name>
              <FileRef uid="5" />
              <SequencePoints>
                <SequencePoint vc="219" uspid="2271" ordinal="0" offset="0" sl="262" sc="5" el="262" ec="5" bec="0" bev="0" fileid="5" />
                <SequencePoint vc="219" uspid="2272" ordinal="0" offset="1" sl="263" sc="9" el="263" ec="9" bec="0" bev="0" fileid="5" />
                <SequencePoint vc="113" uspid="2273" ordinal="0" offset="16" sl="264" sc="9" el="264" ec="9" bec="0" bev="0" fileid="5" />
                <SequencePoint vc="113" uspid="2274" ordinal="0" offset="17" sl="265" sc="13" el="265" ec="13" bec="0" bev="0" fileid="5" />
                <SequencePoint vc="113" uspid="2275" ordinal="0" offset="30" sl="266" sc="13" el="266" ec="13" bec="0" bev="0" fileid="5" />
                <SequencePoint vc="113" uspid="2276" ordinal="0" offset="43" sl="268" sc="9" el="268" ec="9" bec="0" bev="0" fileid="5" />
                <SequencePoint vc="106" uspid="2277" ordinal="0" offset="46" sl="270" sc="9" el="270" ec="9" bec="0" bev="0" fileid="5" />
                <SequencePoint vc="106" uspid="2278" ordinal="0" offset="47" sl="271" sc="13" el="271" ec="13" bec="0" bev="0" fileid="5" />
                <SequencePoint vc="106" uspid="2279" ordinal="0" offset="60" sl="272" sc="13" el="272" ec="13" bec="0" bev="0" fileid="5" />
                <SequencePoint vc="106" uspid="2280" ordinal="0" offset="73" sl="273" sc="9" el="273" ec="9" bec="0" bev="0" fileid="5" />
                <SequencePoint vc="219" uspid="2281" ordinal="0" offset="74" sl="275" sc="9" el="275" ec="9" bec="0" bev="0" fileid="5" />
                <SequencePoint vc="98" uspid="2282" ordinal="0" offset="89" sl="276" sc="9" el="276" ec="9" bec="0" bev="0" fileid="5" />
                <SequencePoint vc="98" uspid="2283" ordinal="0" offset="90" sl="277" sc="13" el="277" ec="13" bec="0" bev="0" fileid="5" />
                <SequencePoint vc="98" uspid="2284" ordinal="0" offset="103" sl="278" sc="13" el="278" ec="13" bec="0" bev="0" fileid="5" />
                <SequencePoint vc="98" uspid="2285" ordinal="0" offset="116" sl="279" sc="9" el="279" ec="9" bec="0" bev="0" fileid="5" />
                <SequencePoint vc="121" uspid="2286" ordinal="0" offset="119" sl="281" sc="9" el="281" ec="9" bec="0" bev="0" fileid="5" />
                <SequencePoint vc="121" uspid="2287" ordinal="0" offset="120" sl="282" sc="13" el="282" ec="13" bec="0" bev="0" fileid="5" />
                <SequencePoint vc="121" uspid="2288" ordinal="0" offset="133" sl="283" sc="13" el="283" ec="13" bec="0" bev="0" fileid="5" />
                <SequencePoint vc="121" uspid="2289" ordinal="0" offset="146" sl="284" sc="9" el="284" ec="9" bec="0" bev="0" fileid="5" />
                <SequencePoint vc="219" uspid="2290" ordinal="0" offset="147" sl="286" sc="9" el="286" ec="9" bec="0" bev="0" fileid="5" />
                <SequencePoint vc="42" uspid="2291" ordinal="0" offset="185" sl="287" sc="9" el="287" ec="9" bec="0" bev="0" fileid="5" />
                <SequencePoint vc="42" uspid="2292" ordinal="0" offset="186" sl="288" sc="13" el="288" ec="13" bec="0" bev="0" fileid="5" />
                <SequencePoint vc="42" uspid="2293" ordinal="0" offset="199" sl="289" sc="9" el="289" ec="9" bec="0" bev="0" fileid="5" />
                <SequencePoint vc="177" uspid="2294" ordinal="0" offset="202" sl="291" sc="9" el="291" ec="9" bec="0" bev="0" fileid="5" />
                <SequencePoint vc="177" uspid="2295" ordinal="0" offset="203" sl="292" sc="13" el="292" ec="13" bec="0" bev="0" fileid="5" />
                <SequencePoint vc="177" uspid="2296" ordinal="0" offset="216" sl="293" sc="9" el="293" ec="9" bec="0" bev="0" fileid="5" />
                <SequencePoint vc="219" uspid="2297" ordinal="0" offset="217" sl="295" sc="9" el="295" ec="9" bec="0" bev="0" fileid="5" />
                <SequencePoint vc="5" uspid="2298" ordinal="0" offset="255" sl="296" sc="9" el="296" ec="9" bec="0" bev="0" fileid="5" />
                <SequencePoint vc="5" uspid="2299" ordinal="0" offset="256" sl="297" sc="13" el="297" ec="13" bec="0" bev="0" fileid="5" />
                <SequencePoint vc="5" uspid="2300" ordinal="0" offset="269" sl="298" sc="9" el="298" ec="9" bec="0" bev="0" fileid="5" />
                <SequencePoint vc="214" uspid="2301" ordinal="0" offset="272" sl="300" sc="9" el="300" ec="9" bec="0" bev="0" fileid="5" />
                <SequencePoint vc="214" uspid="2302" ordinal="0" offset="273" sl="301" sc="13" el="301" ec="13" bec="0" bev="0" fileid="5" />
                <SequencePoint vc="214" uspid="2303" ordinal="0" offset="286" sl="302" sc="9" el="302" ec="9" bec="0" bev="0" fileid="5" />
                <SequencePoint vc="219" uspid="2304" ordinal="0" offset="287" sl="304" sc="5" el="304" ec="5" bec="0" bev="0" fileid="5" />
              </SequencePoints>
              <BranchPoints />
            </Method>
            <Method visited="true" cyclomaticComplexity="0" nPathComplexity="0" sequenceCoverage="100.0" branchCoverage="0" crapScore="0" isConstructor="true" isStatic="false" isGetter="false" isSetter="false">
              <Summary numSequencePoints="1" visitedSequencePoints="1" numBranchPoints="0" visitedBranchPoints="0" sequenceCoverage="100.0" branchCoverage="0" maxCyclomaticComplexity="0" minCyclomaticComplexity="0" maxCrapScore="0" minCrapScore="0" visitedClasses="0" numClasses="0" visitedMethods="1" numMethods="1" />
              <MetadataToken>100663333</MetadataToken>
              <Name>daily_action_storage::daily_action_storage()</Name>
              <FileRef uid="5" />
              <SequencePoints>
                <SequencePoint vc="10" uspid="2357" ordinal="0" offset="0" sl="55" sc="5" el="55" ec="5" bec="0" bev="0" fileid="5" />
              </SequencePoints>
              <BranchPoints />
            </Method>
          </Methods>
        </Class>
        <Class>
          <Summary numSequencePoints="22" visitedSequencePoints="22" numBranchPoints="0" visitedBranchPoints="0" sequenceCoverage="100.0" branchCoverage="0.0" maxCyclomaticComplexity="0" minCyclomaticComplexity="0" maxCrapScore="0" minCrapScore="0" visitedClasses="1" numClasses="1" visitedMethods="2" numMethods="2" />
          <FullName>day_night_manager</FullName>
          <Methods>
            <Method visited="true" cyclomaticComplexity="0" nPathComplexity="0" sequenceCoverage="100.0" branchCoverage="0" crapScore="0" isConstructor="false" isStatic="false" isGetter="false" isSetter="false">
              <Summary numSequencePoints="5" visitedSequencePoints="5" numBranchPoints="0" visitedBranchPoints="0" sequenceCoverage="100.0" branchCoverage="0" maxCyclomaticComplexity="0" minCyclomaticComplexity="0" maxCrapScore="0" minCrapScore="0" visitedClasses="0" numClasses="0" visitedMethods="1" numMethods="1" />
              <MetadataToken>100663334</MetadataToken>
              <Name>System.Void day_night_manager::Start()</Name>
              <FileRef uid="6" />
              <SequencePoints>
                <SequencePoint vc="10" uspid="2358" ordinal="0" offset="0" sl="11" sc="5" el="11" ec="5" bec="0" bev="0" fileid="6" />
                <SequencePoint vc="10" uspid="2359" ordinal="0" offset="1" sl="12" sc="9" el="12" ec="9" bec="0" bev="0" fileid="6" />
                <SequencePoint vc="10" uspid="2360" ordinal="0" offset="22" sl="13" sc="9" el="13" ec="9" bec="0" bev="0" fileid="6" />
                <SequencePoint vc="10" uspid="2361" ordinal="0" offset="46" sl="15" sc="9" el="15" ec="9" bec="0" bev="0" fileid="6" />
                <SequencePoint vc="10" uspid="2362" ordinal="0" offset="75" sl="16" sc="5" el="16" ec="5" bec="0" bev="0" fileid="6" />
              </SequencePoints>
              <BranchPoints />
            </Method>
            <Method visited="true" cyclomaticComplexity="0" nPathComplexity="0" sequenceCoverage="100.0" branchCoverage="0" crapScore="0" isConstructor="false" isStatic="false" isGetter="false" isSetter="false">
              <Summary numSequencePoints="17" visitedSequencePoints="17" numBranchPoints="0" visitedBranchPoints="0" sequenceCoverage="100.0" branchCoverage="0" maxCyclomaticComplexity="0" minCyclomaticComplexity="0" maxCrapScore="0" minCrapScore="0" visitedClasses="0" numClasses="0" visitedMethods="1" numMethods="1" />
              <MetadataToken>100663335</MetadataToken>
              <Name>System.Void day_night_manager::updateFilter(System.Int32, System.Int32)</Name>
              <FileRef uid="6" />
              <SequencePoints>
                <SequencePoint vc="219" uspid="2363" ordinal="0" offset="0" sl="19" sc="5" el="19" ec="5" bec="0" bev="0" fileid="6" />
                <SequencePoint vc="219" uspid="2364" ordinal="0" offset="1" sl="20" sc="9" el="20" ec="9" bec="0" bev="0" fileid="6" />
                <SequencePoint vc="219" uspid="2365" ordinal="0" offset="13" sl="22" sc="9" el="22" ec="9" bec="0" bev="0" fileid="6" />
                <SequencePoint vc="70" uspid="2366" ordinal="0" offset="36" sl="23" sc="9" el="23" ec="9" bec="0" bev="0" fileid="6" />
                <SequencePoint vc="70" uspid="2367" ordinal="0" offset="37" sl="25" sc="13" el="25" ec="13" bec="0" bev="0" fileid="6" />
                <SequencePoint vc="70" uspid="2368" ordinal="0" offset="49" sl="26" sc="13" el="26" ec="13" bec="0" bev="0" fileid="6" />
                <SequencePoint vc="70" uspid="2369" ordinal="0" offset="66" sl="27" sc="9" el="27" ec="9" bec="0" bev="0" fileid="6" />
                <SequencePoint vc="149" uspid="2370" ordinal="0" offset="69" sl="28" sc="14" el="28" ec="14" bec="0" bev="0" fileid="6" />
                <SequencePoint vc="7" uspid="2371" ordinal="0" offset="81" sl="29" sc="9" el="29" ec="9" bec="0" bev="0" fileid="6" />
                <SequencePoint vc="7" uspid="2372" ordinal="0" offset="82" sl="30" sc="13" el="30" ec="13" bec="0" bev="0" fileid="6" />
                <SequencePoint vc="7" uspid="2373" ordinal="0" offset="104" sl="31" sc="13" el="31" ec="13" bec="0" bev="0" fileid="6" />
                <SequencePoint vc="7" uspid="2374" ordinal="0" offset="121" sl="32" sc="9" el="32" ec="9" bec="0" bev="0" fileid="6" />
                <SequencePoint vc="142" uspid="2375" ordinal="0" offset="124" sl="34" sc="9" el="34" ec="9" bec="0" bev="0" fileid="6" />
                <SequencePoint vc="142" uspid="2376" ordinal="0" offset="125" sl="35" sc="13" el="35" ec="13" bec="0" bev="0" fileid="6" />
                <SequencePoint vc="142" uspid="2377" ordinal="0" offset="137" sl="36" sc="9" el="36" ec="9" bec="0" bev="0" fileid="6" />
                <SequencePoint vc="219" uspid="2378" ordinal="0" offset="138" sl="38" sc="9" el="38" ec="9" bec="0" bev="0" fileid="6" />
                <SequencePoint vc="219" uspid="2379" ordinal="0" offset="151" sl="39" sc="5" el="39" ec="5" bec="0" bev="0" fileid="6" />
              </SequencePoints>
              <BranchPoints />
            </Method>
          </Methods>
        </Class>
        <Class>
          <Summary numSequencePoints="3" visitedSequencePoints="3" numBranchPoints="0" visitedBranchPoints="0" sequenceCoverage="100.0" branchCoverage="0.0" maxCyclomaticComplexity="0" minCyclomaticComplexity="0" maxCrapScore="0" minCrapScore="0" visitedClasses="1" numClasses="1" visitedMethods="1" numMethods="1" />
          <FullName>do_an_action</FullName>
          <Methods>
            <Method visited="true" cyclomaticComplexity="0" nPathComplexity="0" sequenceCoverage="100.0" branchCoverage="0" crapScore="0" isConstructor="false" isStatic="false" isGetter="false" isSetter="false">
              <Summary numSequencePoints="3" visitedSequencePoints="3" numBranchPoints="0" visitedBranchPoints="0" sequenceCoverage="100.0" branchCoverage="0" maxCyclomaticComplexity="0" minCyclomaticComplexity="0" maxCrapScore="0" minCrapScore="0" visitedClasses="0" numClasses="0" visitedMethods="1" numMethods="1" />
              <MetadataToken>100663341</MetadataToken>
              <Name>System.Void do_an_action::Awake()</Name>
              <FileRef uid="8" />
              <SequencePoints>
                <SequencePoint vc="30" uspid="2420" ordinal="0" offset="0" sl="26" sc="5" el="26" ec="5" bec="0" bev="0" fileid="8" />
                <SequencePoint vc="30" uspid="2421" ordinal="0" offset="1" sl="28" sc="9" el="28" ec="9" bec="0" bev="0" fileid="8" />
                <SequencePoint vc="30" uspid="2422" ordinal="0" offset="22" sl="29" sc="5" el="29" ec="5" bec="0" bev="0" fileid="8" />
              </SequencePoints>
              <BranchPoints />
            </Method>
          </Methods>
        </Class>
        <Class>
          <Summary numSequencePoints="4" visitedSequencePoints="4" numBranchPoints="0" visitedBranchPoints="0" sequenceCoverage="100.0" branchCoverage="0.0" maxCyclomaticComplexity="0" minCyclomaticComplexity="0" maxCrapScore="0" minCrapScore="0" visitedClasses="1" numClasses="1" visitedMethods="2" numMethods="2" />
          <FullName>exit_game</FullName>
          <Methods>
            <Method visited="true" cyclomaticComplexity="0" nPathComplexity="0" sequenceCoverage="100.0" branchCoverage="0" crapScore="0" isConstructor="false" isStatic="false" isGetter="false" isSetter="false">
              <Summary numSequencePoints="2" visitedSequencePoints="2" numBranchPoints="0" visitedBranchPoints="0" sequenceCoverage="100.0" branchCoverage="0" maxCyclomaticComplexity="0" minCyclomaticComplexity="0" maxCrapScore="0" minCrapScore="0" visitedClasses="0" numClasses="0" visitedMethods="1" numMethods="1" />
              <MetadataToken>100663345</MetadataToken>
              <Name>System.Void exit_game::Start()</Name>
              <FileRef uid="9" />
              <SequencePoints>
                <SequencePoint vc="20" uspid="2436" ordinal="0" offset="0" sl="18" sc="5" el="18" ec="5" bec="0" bev="0" fileid="9" />
                <SequencePoint vc="20" uspid="2437" ordinal="0" offset="1" sl="20" sc="5" el="20" ec="5" bec="0" bev="0" fileid="9" />
              </SequencePoints>
              <BranchPoints />
            </Method>
            <Method visited="true" cyclomaticComplexity="0" nPathComplexity="0" sequenceCoverage="100.0" branchCoverage="0" crapScore="0" isConstructor="false" isStatic="false" isGetter="false" isSetter="false">
              <Summary numSequencePoints="2" visitedSequencePoints="2" numBranchPoints="0" visitedBranchPoints="0" sequenceCoverage="100.0" branchCoverage="0" maxCyclomaticComplexity="0" minCyclomaticComplexity="0" maxCrapScore="0" minCrapScore="0" visitedClasses="0" numClasses="0" visitedMethods="1" numMethods="1" />
              <MetadataToken>100663346</MetadataToken>
              <Name>System.Void exit_game::Update()</Name>
              <FileRef uid="9" />
              <SequencePoints>
                <SequencePoint vc="68" uspid="2438" ordinal="0" offset="0" sl="24" sc="5" el="24" ec="5" bec="0" bev="0" fileid="9" />
                <SequencePoint vc="68" uspid="2439" ordinal="0" offset="1" sl="26" sc="5" el="26" ec="5" bec="0" bev="0" fileid="9" />
              </SequencePoints>
              <BranchPoints />
            </Method>
          </Methods>
        </Class>
        <Class>
          <Summary numSequencePoints="295" visitedSequencePoints="282" numBranchPoints="0" visitedBranchPoints="0" sequenceCoverage="95.59" branchCoverage="0.0" maxCyclomaticComplexity="0" minCyclomaticComplexity="0" maxCrapScore="0" minCrapScore="0" visitedClasses="1" numClasses="1" visitedMethods="39" numMethods="39" />
          <FullName>game_state</FullName>
          <Methods>
            <Method visited="true" cyclomaticComplexity="0" nPathComplexity="0" sequenceCoverage="100.0" branchCoverage="0" crapScore="0" isConstructor="false" isStatic="false" isGetter="false" isSetter="false">
              <Summary numSequencePoints="27" visitedSequencePoints="27" numBranchPoints="0" visitedBranchPoints="0" sequenceCoverage="100.0" branchCoverage="0" maxCyclomaticComplexity="0" minCyclomaticComplexity="0" maxCrapScore="0" minCrapScore="0" visitedClasses="0" numClasses="0" visitedMethods="1" numMethods="1" />
              <MetadataToken>100663348</MetadataToken>
              <Name>System.Void game_state::Awake()</Name>
              <FileRef uid="10" />
              <SequencePoints>
                <SequencePoint vc="10" uspid="2440" ordinal="0" offset="0" sl="77" sc="5" el="77" ec="5" bec="0" bev="0" fileid="10" />
                <SequencePoint vc="10" uspid="2441" ordinal="0" offset="1" sl="78" sc="9" el="78" ec="9" bec="0" bev="0" fileid="10" />
                <SequencePoint vc="10" uspid="2442" ordinal="0" offset="22" sl="79" sc="9" el="79" ec="9" bec="0" bev="0" fileid="10" />
                <SequencePoint vc="10" uspid="2443" ordinal="0" offset="38" sl="80" sc="9" el="80" ec="9" bec="0" bev="0" fileid="10" />
                <SequencePoint vc="10" uspid="2444" ordinal="0" offset="59" sl="81" sc="9" el="81" ec="9" bec="0" bev="0" fileid="10" />
                <SequencePoint vc="10" uspid="2445" ordinal="0" offset="80" sl="82" sc="9" el="82" ec="9" bec="0" bev="0" fileid="10" />
                <SequencePoint vc="10" uspid="2446" ordinal="0" offset="101" sl="84" sc="9" el="84" ec="9" bec="0" bev="0" fileid="10" />
                <SequencePoint vc="10" uspid="2447" ordinal="0" offset="122" sl="85" sc="9" el="85" ec="9" bec="0" bev="0" fileid="10" />
                <SequencePoint vc="10" uspid="2448" ordinal="0" offset="134" sl="86" sc="9" el="86" ec="9" bec="0" bev="0" fileid="10" />
                <SequencePoint vc="10" uspid="2449" ordinal="0" offset="146" sl="88" sc="9" el="88" ec="9" bec="0" bev="0" fileid="10" />
                <SequencePoint vc="10" uspid="2450" ordinal="0" offset="154" sl="89" sc="9" el="89" ec="9" bec="0" bev="0" fileid="10" />
                <SequencePoint vc="10" uspid="2451" ordinal="0" offset="162" sl="91" sc="9" el="91" ec="9" bec="0" bev="0" fileid="10" />
                <SequencePoint vc="10" uspid="2452" ordinal="0" offset="169" sl="92" sc="9" el="92" ec="9" bec="0" bev="0" fileid="10" />
                <SequencePoint vc="10" uspid="2453" ordinal="0" offset="176" sl="94" sc="9" el="94" ec="9" bec="0" bev="0" fileid="10" />
                <SequencePoint vc="10" uspid="2454" ordinal="0" offset="187" sl="96" sc="9" el="96" ec="9" bec="0" bev="0" fileid="10" />
                <SequencePoint vc="10" uspid="2455" ordinal="0" offset="198" sl="97" sc="9" el="97" ec="9" bec="0" bev="0" fileid="10" />
                <SequencePoint vc="10" uspid="2456" ordinal="0" offset="209" sl="99" sc="9" el="99" ec="9" bec="0" bev="0" fileid="10" />
                <SequencePoint vc="10" uspid="2457" ordinal="0" offset="217" sl="100" sc="9" el="100" ec="9" bec="0" bev="0" fileid="10" />
                <SequencePoint vc="10" uspid="2458" ordinal="0" offset="225" sl="102" sc="9" el="102" ec="9" bec="0" bev="0" fileid="10" />
                <SequencePoint vc="10" uspid="2459" ordinal="0" offset="236" sl="103" sc="9" el="103" ec="9" bec="0" bev="0" fileid="10" />
                <SequencePoint vc="10" uspid="2460" ordinal="0" offset="247" sl="105" sc="9" el="105" ec="9" bec="0" bev="0" fileid="10" />
                <SequencePoint vc="10" uspid="2461" ordinal="0" offset="254" sl="106" sc="9" el="106" ec="9" bec="0" bev="0" fileid="10" />
                <SequencePoint vc="10" uspid="2462" ordinal="0" offset="261" sl="108" sc="9" el="108" ec="9" bec="0" bev="0" fileid="10" />
                <SequencePoint vc="10" uspid="2463" ordinal="0" offset="276" sl="109" sc="9" el="109" ec="9" bec="0" bev="0" fileid="10" />
                <SequencePoint vc="10" uspid="2464" ordinal="0" offset="291" sl="111" sc="9" el="111" ec="9" bec="0" bev="0" fileid="10" />
                <SequencePoint vc="10" uspid="2465" ordinal="0" offset="298" sl="112" sc="9" el="112" ec="9" bec="0" bev="0" fileid="10" />
                <SequencePoint vc="10" uspid="2466" ordinal="0" offset="305" sl="113" sc="5" el="113" ec="5" bec="0" bev="0" fileid="10" />
              </SequencePoints>
              <BranchPoints />
            </Method>
            <Method visited="true" cyclomaticComplexity="0" nPathComplexity="0" sequenceCoverage="100.0" branchCoverage="0" crapScore="0" isConstructor="false" isStatic="false" isGetter="false" isSetter="false">
              <Summary numSequencePoints="3" visitedSequencePoints="3" numBranchPoints="0" visitedBranchPoints="0" sequenceCoverage="100.0" branchCoverage="0" maxCyclomaticComplexity="0" minCyclomaticComplexity="0" maxCrapScore="0" minCrapScore="0" visitedClasses="0" numClasses="0" visitedMethods="1" numMethods="1" />
              <MetadataToken>100663349</MetadataToken>
              <Name>System.Int32 game_state::getWellness()</Name>
              <FileRef uid="10" />
              <SequencePoints>
                <SequencePoint vc="348" uspid="2467" ordinal="0" offset="0" sl="116" sc="30" el="116" ec="30" bec="0" bev="0" fileid="10" />
                <SequencePoint vc="348" uspid="2468" ordinal="0" offset="1" sl="116" sc="32" el="116" ec="32" bec="0" bev="0" fileid="10" />
                <SequencePoint vc="348" uspid="2469" ordinal="0" offset="10" sl="116" sc="49" el="116" ec="49" bec="0" bev="0" fileid="10" />
              </SequencePoints>
              <BranchPoints />
            </Method>
            <Method visited="true" cyclomaticComplexity="0" nPathComplexity="0" sequenceCoverage="100.0" branchCoverage="0" crapScore="0" isConstructor="false" isStatic="false" isGetter="false" isSetter="false">
              <Summary numSequencePoints="3" visitedSequencePoints="3" numBranchPoints="0" visitedBranchPoints="0" sequenceCoverage="100.0" branchCoverage="0" maxCyclomaticComplexity="0" minCyclomaticComplexity="0" maxCrapScore="0" minCrapScore="0" visitedClasses="0" numClasses="0" visitedMethods="1" numMethods="1" />
              <MetadataToken>100663350</MetadataToken>
              <Name>System.Int32 game_state::getDay()</Name>
              <FileRef uid="10" />
              <SequencePoints>
                <SequencePoint vc="503" uspid="2470" ordinal="0" offset="0" sl="118" sc="25" el="118" ec="25" bec="0" bev="0" fileid="10" />
                <SequencePoint vc="503" uspid="2471" ordinal="0" offset="1" sl="118" sc="27" el="118" ec="27" bec="0" bev="0" fileid="10" />
                <SequencePoint vc="503" uspid="2472" ordinal="0" offset="10" sl="118" sc="39" el="118" ec="39" bec="0" bev="0" fileid="10" />
              </SequencePoints>
              <BranchPoints />
            </Method>
            <Method visited="true" cyclomaticComplexity="0" nPathComplexity="0" sequenceCoverage="100.0" branchCoverage="0" crapScore="0" isConstructor="false" isStatic="false" isGetter="false" isSetter="false">
              <Summary numSequencePoints="3" visitedSequencePoints="3" numBranchPoints="0" visitedBranchPoints="0" sequenceCoverage="100.0" branchCoverage="0" maxCyclomaticComplexity="0" minCyclomaticComplexity="0" maxCrapScore="0" minCrapScore="0" visitedClasses="0" numClasses="0" visitedMethods="1" numMethods="1" />
              <MetadataToken>100663351</MetadataToken>
              <Name>System.Int32 game_state::getTime()</Name>
              <FileRef uid="10" />
              <SequencePoints>
                <SequencePoint vc="338" uspid="2473" ordinal="0" offset="0" sl="120" sc="26" el="120" ec="26" bec="0" bev="0" fileid="10" />
                <SequencePoint vc="338" uspid="2474" ordinal="0" offset="1" sl="120" sc="28" el="120" ec="28" bec="0" bev="0" fileid="10" />
                <SequencePoint vc="338" uspid="2475" ordinal="0" offset="10" sl="120" sc="41" el="120" ec="41" bec="0" bev="0" fileid="10" />
              </SequencePoints>
              <BranchPoints />
            </Method>
            <Method visited="true" cyclomaticComplexity="0" nPathComplexity="0" sequenceCoverage="100.0" branchCoverage="0" crapScore="0" isConstructor="false" isStatic="false" isGetter="false" isSetter="false">
              <Summary numSequencePoints="3" visitedSequencePoints="3" numBranchPoints="0" visitedBranchPoints="0" sequenceCoverage="100.0" branchCoverage="0" maxCyclomaticComplexity="0" minCyclomaticComplexity="0" maxCrapScore="0" minCrapScore="0" visitedClasses="0" numClasses="0" visitedMethods="1" numMethods="1" />
              <MetadataToken>100663352</MetadataToken>
              <Name>System.Int32 game_state::getReputation()</Name>
              <FileRef uid="10" />
              <SequencePoints>
                <SequencePoint vc="281" uspid="2476" ordinal="0" offset="0" sl="122" sc="32" el="122" ec="32" bec="0" bev="0" fileid="10" />
                <SequencePoint vc="281" uspid="2477" ordinal="0" offset="1" sl="122" sc="34" el="122" ec="34" bec="0" bev="0" fileid="10" />
                <SequencePoint vc="281" uspid="2478" ordinal="0" offset="10" sl="122" sc="53" el="122" ec="53" bec="0" bev="0" fileid="10" />
              </SequencePoints>
              <BranchPoints />
            </Method>
            <Method visited="true" cyclomaticComplexity="0" nPathComplexity="0" sequenceCoverage="100.0" branchCoverage="0" crapScore="0" isConstructor="false" isStatic="false" isGetter="false" isSetter="false">
              <Summary numSequencePoints="3" visitedSequencePoints="3" numBranchPoints="0" visitedBranchPoints="0" sequenceCoverage="100.0" branchCoverage="0" maxCyclomaticComplexity="0" minCyclomaticComplexity="0" maxCrapScore="0" minCrapScore="0" visitedClasses="0" numClasses="0" visitedMethods="1" numMethods="1" />
              <MetadataToken>100663353</MetadataToken>
              <Name>System.Int32 game_state::getSubscribers()</Name>
              <FileRef uid="10" />
              <SequencePoints>
                <SequencePoint vc="358" uspid="2479" ordinal="0" offset="0" sl="124" sc="33" el="124" ec="33" bec="0" bev="0" fileid="10" />
                <SequencePoint vc="358" uspid="2480" ordinal="0" offset="1" sl="124" sc="35" el="124" ec="35" bec="0" bev="0" fileid="10" />
                <SequencePoint vc="358" uspid="2481" ordinal="0" offset="10" sl="124" sc="55" el="124" ec="55" bec="0" bev="0" fileid="10" />
              </SequencePoints>
              <BranchPoints />
            </Method>
            <Method visited="true" cyclomaticComplexity="0" nPathComplexity="0" sequenceCoverage="100.0" branchCoverage="0" crapScore="0" isConstructor="false" isStatic="false" isGetter="false" isSetter="false">
              <Summary numSequencePoints="3" visitedSequencePoints="3" numBranchPoints="0" visitedBranchPoints="0" sequenceCoverage="100.0" branchCoverage="0" maxCyclomaticComplexity="0" minCyclomaticComplexity="0" maxCrapScore="0" minCrapScore="0" visitedClasses="0" numClasses="0" visitedMethods="1" numMethods="1" />
              <MetadataToken>100663354</MetadataToken>
              <Name>System.Int32 game_state::getEnding()</Name>
              <FileRef uid="10" />
              <SequencePoints>
                <SequencePoint vc="1" uspid="2482" ordinal="0" offset="0" sl="126" sc="28" el="126" ec="28" bec="0" bev="0" fileid="10" />
                <SequencePoint vc="1" uspid="2483" ordinal="0" offset="1" sl="126" sc="30" el="126" ec="30" bec="0" bev="0" fileid="10" />
                <SequencePoint vc="1" uspid="2484" ordinal="0" offset="10" sl="126" sc="45" el="126" ec="45" bec="0" bev="0" fileid="10" />
              </SequencePoints>
              <BranchPoints />
            </Method>
            <Method visited="true" cyclomaticComplexity="0" nPathComplexity="0" sequenceCoverage="100.0" branchCoverage="0" crapScore="0" isConstructor="false" isStatic="false" isGetter="false" isSetter="false">
              <Summary numSequencePoints="3" visitedSequencePoints="3" numBranchPoints="0" visitedBranchPoints="0" sequenceCoverage="100.0" branchCoverage="0" maxCyclomaticComplexity="0" minCyclomaticComplexity="0" maxCrapScore="0" minCrapScore="0" visitedClasses="0" numClasses="0" visitedMethods="1" numMethods="1" />
              <MetadataToken>100663355</MetadataToken>
              <Name>System.Double game_state::getMoney()</Name>
              <FileRef uid="10" />
              <SequencePoints>
                <SequencePoint vc="362" uspid="2485" ordinal="0" offset="0" sl="128" sc="30" el="128" ec="30" bec="0" bev="0" fileid="10" />
                <SequencePoint vc="362" uspid="2486" ordinal="0" offset="1" sl="128" sc="32" el="128" ec="32" bec="0" bev="0" fileid="10" />
                <SequencePoint vc="362" uspid="2487" ordinal="0" offset="10" sl="128" sc="46" el="128" ec="46" bec="0" bev="0" fileid="10" />
              </SequencePoints>
              <BranchPoints />
            </Method>
            <Method visited="true" cyclomaticComplexity="0" nPathComplexity="0" sequenceCoverage="100.0" branchCoverage="0" crapScore="0" isConstructor="false" isStatic="false" isGetter="false" isSetter="false">
              <Summary numSequencePoints="3" visitedSequencePoints="3" numBranchPoints="0" visitedBranchPoints="0" sequenceCoverage="100.0" branchCoverage="0" maxCyclomaticComplexity="0" minCyclomaticComplexity="0" maxCrapScore="0" minCrapScore="0" visitedClasses="0" numClasses="0" visitedMethods="1" numMethods="1" />
              <MetadataToken>100663356</MetadataToken>
              <Name>UnityEngine.GameObject game_state::getLocation()</Name>
              <FileRef uid="10" />
              <SequencePoints>
                <SequencePoint vc="111" uspid="2488" ordinal="0" offset="0" sl="130" sc="37" el="130" ec="37" bec="0" bev="0" fileid="10" />
                <SequencePoint vc="111" uspid="2489" ordinal="0" offset="1" sl="130" sc="39" el="130" ec="39" bec="0" bev="0" fileid="10" />
                <SequencePoint vc="111" uspid="2490" ordinal="0" offset="10" sl="130" sc="56" el="130" ec="56" bec="0" bev="0" fileid="10" />
              </SequencePoints>
              <BranchPoints />
            </Method>
            <Method visited="true" cyclomaticComplexity="0" nPathComplexity="0" sequenceCoverage="100.0" branchCoverage="0" crapScore="0" isConstructor="false" isStatic="false" isGetter="false" isSetter="false">
              <Summary numSequencePoints="3" visitedSequencePoints="3" numBranchPoints="0" visitedBranchPoints="0" sequenceCoverage="100.0" branchCoverage="0" maxCyclomaticComplexity="0" minCyclomaticComplexity="0" maxCrapScore="0" minCrapScore="0" visitedClasses="0" numClasses="0" visitedMethods="1" numMethods="1" />
              <MetadataToken>100663357</MetadataToken>
              <Name>UnityEngine.GameObject game_state::getLocationCanvas()</Name>
              <FileRef uid="10" />
              <SequencePoints>
                <SequencePoint vc="48" uspid="2491" ordinal="0" offset="0" sl="132" sc="43" el="132" ec="43" bec="0" bev="0" fileid="10" />
                <SequencePoint vc="48" uspid="2492" ordinal="0" offset="1" sl="132" sc="45" el="132" ec="45" bec="0" bev="0" fileid="10" />
                <SequencePoint vc="48" uspid="2493" ordinal="0" offset="10" sl="132" sc="68" el="132" ec="68" bec="0" bev="0" fileid="10" />
              </SequencePoints>
              <BranchPoints />
            </Method>
            <Method visited="true" cyclomaticComplexity="0" nPathComplexity="0" sequenceCoverage="100.0" branchCoverage="0" crapScore="0" isConstructor="false" isStatic="false" isGetter="false" isSetter="false">
              <Summary numSequencePoints="3" visitedSequencePoints="3" numBranchPoints="0" visitedBranchPoints="0" sequenceCoverage="100.0" branchCoverage="0" maxCyclomaticComplexity="0" minCyclomaticComplexity="0" maxCrapScore="0" minCrapScore="0" visitedClasses="0" numClasses="0" visitedMethods="1" numMethods="1" />
              <MetadataToken>100663358</MetadataToken>
              <Name>System.Single game_state::getHunger()</Name>
              <FileRef uid="10" />
              <SequencePoints>
                <SequencePoint vc="1" uspid="2494" ordinal="0" offset="0" sl="134" sc="30" el="134" ec="30" bec="0" bev="0" fileid="10" />
                <SequencePoint vc="1" uspid="2495" ordinal="0" offset="1" sl="134" sc="32" el="134" ec="32" bec="0" bev="0" fileid="10" />
                <SequencePoint vc="1" uspid="2496" ordinal="0" offset="10" sl="134" sc="47" el="134" ec="47" bec="0" bev="0" fileid="10" />
              </SequencePoints>
              <BranchPoints />
            </Method>
            <Method visited="true" cyclomaticComplexity="0" nPathComplexity="0" sequenceCoverage="100.0" branchCoverage="0" crapScore="0" isConstructor="false" isStatic="false" isGetter="false" isSetter="false">
              <Summary numSequencePoints="3" visitedSequencePoints="3" numBranchPoints="0" visitedBranchPoints="0" sequenceCoverage="100.0" branchCoverage="0" maxCyclomaticComplexity="0" minCyclomaticComplexity="0" maxCrapScore="0" minCrapScore="0" visitedClasses="0" numClasses="0" visitedMethods="1" numMethods="1" />
              <MetadataToken>100663359</MetadataToken>
              <Name>System.Boolean game_state::hungry()</Name>
              <FileRef uid="10" />
              <SequencePoints>
                <SequencePoint vc="333" uspid="2497" ordinal="0" offset="0" sl="136" sc="26" el="136" ec="26" bec="0" bev="0" fileid="10" />
                <SequencePoint vc="333" uspid="2498" ordinal="0" offset="1" sl="136" sc="28" el="136" ec="28" bec="0" bev="0" fileid="10" />
                <SequencePoint vc="333" uspid="2499" ordinal="0" offset="17" sl="136" sc="51" el="136" ec="51" bec="0" bev="0" fileid="10" />
              </SequencePoints>
              <BranchPoints />
            </Method>
            <Method visited="true" cyclomaticComplexity="0" nPathComplexity="0" sequenceCoverage="100.0" branchCoverage="0" crapScore="0" isConstructor="false" isStatic="false" isGetter="false" isSetter="false">
              <Summary numSequencePoints="3" visitedSequencePoints="3" numBranchPoints="0" visitedBranchPoints="0" sequenceCoverage="100.0" branchCoverage="0" maxCyclomaticComplexity="0" minCyclomaticComplexity="0" maxCrapScore="0" minCrapScore="0" visitedClasses="0" numClasses="0" visitedMethods="1" numMethods="1" />
              <MetadataToken>100663360</MetadataToken>
              <Name>System.Boolean game_state::needsShower()</Name>
              <FileRef uid="10" />
              <SequencePoints>
                <SequencePoint vc="333" uspid="2500" ordinal="0" offset="0" sl="138" sc="31" el="138" ec="31" bec="0" bev="0" fileid="10" />
                <SequencePoint vc="333" uspid="2501" ordinal="0" offset="1" sl="138" sc="33" el="138" ec="33" bec="0" bev="0" fileid="10" />
                <SequencePoint vc="333" uspid="2502" ordinal="0" offset="17" sl="138" sc="58" el="138" ec="58" bec="0" bev="0" fileid="10" />
              </SequencePoints>
              <BranchPoints />
            </Method>
            <Method visited="true" cyclomaticComplexity="0" nPathComplexity="0" sequenceCoverage="100.0" branchCoverage="0" crapScore="0" isConstructor="false" isStatic="false" isGetter="false" isSetter="false">
              <Summary numSequencePoints="3" visitedSequencePoints="3" numBranchPoints="0" visitedBranchPoints="0" sequenceCoverage="100.0" branchCoverage="0" maxCyclomaticComplexity="0" minCyclomaticComplexity="0" maxCrapScore="0" minCrapScore="0" visitedClasses="0" numClasses="0" visitedMethods="1" numMethods="1" />
              <MetadataToken>100663361</MetadataToken>
              <Name>System.Boolean game_state::tired()</Name>
              <FileRef uid="10" />
              <SequencePoints>
                <SequencePoint vc="552" uspid="2503" ordinal="0" offset="0" sl="140" sc="25" el="140" ec="25" bec="0" bev="0" fileid="10" />
                <SequencePoint vc="552" uspid="2504" ordinal="0" offset="1" sl="140" sc="27" el="140" ec="27" bec="0" bev="0" fileid="10" />
                <SequencePoint vc="552" uspid="2505" ordinal="0" offset="17" sl="140" sc="51" el="140" ec="51" bec="0" bev="0" fileid="10" />
              </SequencePoints>
              <BranchPoints />
            </Method>
            <Method visited="true" cyclomaticComplexity="0" nPathComplexity="0" sequenceCoverage="100.0" branchCoverage="0" crapScore="0" isConstructor="false" isStatic="false" isGetter="false" isSetter="false">
              <Summary numSequencePoints="3" visitedSequencePoints="3" numBranchPoints="0" visitedBranchPoints="0" sequenceCoverage="100.0" branchCoverage="0" maxCyclomaticComplexity="0" minCyclomaticComplexity="0" maxCrapScore="0" minCrapScore="0" visitedClasses="0" numClasses="0" visitedMethods="1" numMethods="1" />
              <MetadataToken>100663362</MetadataToken>
              <Name>System.Boolean game_state::getHasDied()</Name>
              <FileRef uid="10" />
              <SequencePoints>
                <SequencePoint vc="1" uspid="2506" ordinal="0" offset="0" sl="142" sc="30" el="142" ec="30" bec="0" bev="0" fileid="10" />
                <SequencePoint vc="1" uspid="2507" ordinal="0" offset="1" sl="142" sc="33" el="142" ec="33" bec="0" bev="0" fileid="10" />
                <SequencePoint vc="1" uspid="2508" ordinal="0" offset="10" sl="142" sc="49" el="142" ec="49" bec="0" bev="0" fileid="10" />
              </SequencePoints>
              <BranchPoints />
            </Method>
            <Method visited="true" cyclomaticComplexity="0" nPathComplexity="0" sequenceCoverage="100.0" branchCoverage="0" crapScore="0" isConstructor="false" isStatic="false" isGetter="false" isSetter="false">
              <Summary numSequencePoints="19" visitedSequencePoints="19" numBranchPoints="0" visitedBranchPoints="0" sequenceCoverage="100.0" branchCoverage="0" maxCyclomaticComplexity="0" minCyclomaticComplexity="0" maxCrapScore="0" minCrapScore="0" visitedClasses="0" numClasses="0" visitedMethods="1" numMethods="1" />
              <MetadataToken>100663366</MetadataToken>
              <Name>System.Void game_state::updateWellness(System.Int32)</Name>
              <FileRef uid="10" />
              <SequencePoints>
                <SequencePoint vc="666" uspid="2518" ordinal="0" offset="0" sl="152" sc="5" el="152" ec="5" bec="0" bev="0" fileid="10" />
                <SequencePoint vc="666" uspid="2519" ordinal="0" offset="1" sl="153" sc="9" el="153" ec="9" bec="0" bev="0" fileid="10" />
[...]
          <FullName>VideoMakingTests/&lt;VideoMakingTimeTest&gt;d__8</FullName>
          <Methods>
            <Method visited="true" cyclomaticComplexity="0" nPathComplexity="0" sequenceCoverage="100.0" branchCoverage="0" crapScore="0" isConstructor="false" isStatic="false" isGetter="false" isSetter="false">
              <Summary numSequencePoints="67" visitedSequencePoints="67" numBranchPoints="0" visitedBranchPoints="0" sequenceCoverage="100.0" branchCoverage="0" maxCyclomaticComplexity="0" minCyclomaticComplexity="0" maxCrapScore="0" minCrapScore="0" visitedClasses="0" numClasses="0" visitedMethods="1" numMethods="1" />
              <MetadataToken>100663369</MetadataToken>
              <Name>System.Boolean VideoMakingTests/&lt;VideoMakingTimeTest&gt;d__8::MoveNext()</Name>
              <FileRef uid="26" />
              <SequencePoints>
                <SequencePoint vc="1" uspid="3962" ordinal="0" offset="34" sl="317" sc="5" el="317" ec="5" bec="0" bev="0" fileid="26" />
                <SequencePoint vc="1" uspid="3963" ordinal="0" offset="35" sl="319" sc="9" el="319" ec="9" bec="0" bev="0" fileid="26" />
                <SequencePoint vc="1" uspid="3964" ordinal="0" offset="56" sl="320" sc="9" el="320" ec="9" bec="0" bev="0" fileid="26" />
                <SequencePoint vc="1" uspid="3965" ordinal="0" offset="77" sl="321" sc="9" el="321" ec="9" bec="0" bev="0" fileid="26" />
                <SequencePoint vc="1" uspid="3966" ordinal="0" offset="104" sl="322" sc="9" el="322" ec="9" bec="0" bev="0" fileid="26" />
                <SequencePoint vc="1" uspid="3967" ordinal="0" offset="126" sl="323" sc="9" el="323" ec="9" bec="0" bev="0" fileid="26" />
                <SequencePoint vc="1" uspid="3968" ordinal="0" offset="149" sl="324" sc="9" el="324" ec="9" bec="0" bev="0" fileid="26" />
                <SequencePoint vc="1" uspid="3969" ordinal="0" offset="161" sl="328" sc="9" el="328" ec="9" bec="0" bev="0" fileid="26" />
                <SequencePoint vc="1" uspid="3970" ordinal="0" offset="178" sl="329" sc="9" el="329" ec="9" bec="0" bev="0" fileid="26" />
                <SequencePoint vc="1" uspid="3971" ordinal="0" offset="195" sl="330" sc="9" el="330" ec="9" bec="0" bev="0" fileid="26" />
                <SequencePoint vc="1" uspid="3972" ordinal="0" offset="212" sl="332" sc="14" el="332" ec="14" bec="0" bev="0" fileid="26" />
                <SequencePoint vc="3" uspid="3973" ordinal="0" offset="221" sl="333" sc="9" el="333" ec="9" bec="0" bev="0" fileid="26" />
                <SequencePoint vc="3" uspid="3974" ordinal="0" offset="222" sl="334" sc="13" el="334" ec="13" bec="0" bev="0" fileid="26" />
                <SequencePoint vc="3" uspid="3975" ordinal="0" offset="234" sl="335" sc="13" el="335" ec="13" bec="0" bev="0" fileid="26" />
                <SequencePoint vc="3" uspid="3976" ordinal="0" offset="248" sl="336" sc="13" el="336" ec="13" bec="0" bev="0" fileid="26" />
                <SequencePoint vc="3" uspid="3977" ordinal="0" offset="265" sl="338" sc="13" el="338" ec="13" bec="0" bev="0" fileid="26" />
                <SequencePoint vc="3" uspid="3978" ordinal="0" offset="283" sl="340" sc="13" el="340" ec="13" bec="0" bev="0" fileid="26" />
                <SequencePoint vc="3" uspid="3979" ordinal="0" offset="300" sl="341" sc="13" el="341" ec="13" bec="0" bev="0" fileid="26" />
                <SequencePoint vc="3" uspid="3980" ordinal="0" offset="331" sl="342" sc="9" el="342" ec="9" bec="0" bev="0" fileid="26" />
                <SequencePoint vc="3" uspid="3981" ordinal="0" offset="332" sl="332" sc="32" el="332" ec="32" bec="0" bev="0" fileid="26" />
                <SequencePoint vc="4" uspid="3982" ordinal="0" offset="348" sl="332" sc="25" el="332" ec="25" bec="0" bev="0" fileid="26" />
                <SequencePoint vc="1" uspid="3983" ordinal="0" offset="364" sl="344" sc="14" el="344" ec="14" bec="0" bev="0" fileid="26" />
                <SequencePoint vc="3" uspid="3984" ordinal="0" offset="373" sl="345" sc="9" el="345" ec="9" bec="0" bev="0" fileid="26" />
                <SequencePoint vc="3" uspid="3985" ordinal="0" offset="374" sl="346" sc="13" el="346" ec="13" bec="0" bev="0" fileid="26" />
                <SequencePoint vc="3" uspid="3986" ordinal="0" offset="386" sl="347" sc="13" el="347" ec="13" bec="0" bev="0" fileid="26" />
                <SequencePoint vc="3" uspid="3987" ordinal="0" offset="400" sl="348" sc="13" el="348" ec="13" bec="0" bev="0" fileid="26" />
                <SequencePoint vc="3" uspid="3988" ordinal="0" offset="417" sl="350" sc="13" el="350" ec="13" bec="0" bev="0" fileid="26" />
                <SequencePoint vc="3" uspid="3989" ordinal="0" offset="435" sl="352" sc="13" el="352" ec="13" bec="0" bev="0" fileid="26" />
                <SequencePoint vc="3" uspid="3990" ordinal="0" offset="452" sl="353" sc="13" el="353" ec="13" bec="0" bev="0" fileid="26" />
                <SequencePoint vc="3" uspid="3991" ordinal="0" offset="483" sl="354" sc="9" el="354" ec="9" bec="0" bev="0" fileid="26" />
                <SequencePoint vc="3" uspid="3992" ordinal="0" offset="484" sl="344" sc="32" el="344" ec="32" bec="0" bev="0" fileid="26" />
                <SequencePoint vc="4" uspid="3993" ordinal="0" offset="500" sl="344" sc="25" el="344" ec="25" bec="0" bev="0" fileid="26" />
                <SequencePoint vc="1" uspid="3994" ordinal="0" offset="516" sl="356" sc="14" el="356" ec="14" bec="0" bev="0" fileid="26" />
                <SequencePoint vc="3" uspid="3995" ordinal="0" offset="528" sl="357" sc="9" el="357" ec="9" bec="0" bev="0" fileid="26" />
                <SequencePoint vc="3" uspid="3996" ordinal="0" offset="529" sl="358" sc="13" el="358" ec="13" bec="0" bev="0" fileid="26" />
                <SequencePoint vc="3" uspid="3997" ordinal="0" offset="541" sl="359" sc="13" el="359" ec="13" bec="0" bev="0" fileid="26" />
                <SequencePoint vc="3" uspid="3998" ordinal="0" offset="555" sl="360" sc="13" el="360" ec="13" bec="0" bev="0" fileid="26" />
                <SequencePoint vc="3" uspid="3999" ordinal="0" offset="572" sl="362" sc="13" el="362" ec="13" bec="0" bev="0" fileid="26" />
                <SequencePoint vc="3" uspid="4000" ordinal="0" offset="590" sl="364" sc="13" el="364" ec="13" bec="0" bev="0" fileid="26" />
                <SequencePoint vc="3" uspid="4001" ordinal="0" offset="607" sl="365" sc="13" el="365" ec="13" bec="0" bev="0" fileid="26" />
                <SequencePoint vc="3" uspid="4002" ordinal="0" offset="641" sl="366" sc="9" el="366" ec="9" bec="0" bev="0" fileid="26" />
                <SequencePoint vc="3" uspid="4003" ordinal="0" offset="642" sl="356" sc="32" el="356" ec="32" bec="0" bev="0" fileid="26" />
                <SequencePoint vc="4" uspid="4004" ordinal="0" offset="658" sl="356" sc="25" el="356" ec="25" bec="0" bev="0" fileid="26" />
                <SequencePoint vc="1" uspid="4005" ordinal="0" offset="676" sl="368" sc="14" el="368" ec="14" bec="0" bev="0" fileid="26" />
                <SequencePoint vc="3" uspid="4006" ordinal="0" offset="688" sl="369" sc="9" el="369" ec="9" bec="0" bev="0" fileid="26" />
                <SequencePoint vc="3" uspid="4007" ordinal="0" offset="689" sl="370" sc="13" el="370" ec="13" bec="0" bev="0" fileid="26" />
                <SequencePoint vc="3" uspid="4008" ordinal="0" offset="701" sl="371" sc="13" el="371" ec="13" bec="0" bev="0" fileid="26" />
                <SequencePoint vc="3" uspid="4009" ordinal="0" offset="715" sl="372" sc="13" el="372" ec="13" bec="0" bev="0" fileid="26" />
                <SequencePoint vc="3" uspid="4010" ordinal="0" offset="732" sl="374" sc="13" el="374" ec="13" bec="0" bev="0" fileid="26" />
                <SequencePoint vc="3" uspid="4011" ordinal="0" offset="750" sl="376" sc="13" el="376" ec="13" bec="0" bev="0" fileid="26" />
                <SequencePoint vc="3" uspid="4012" ordinal="0" offset="767" sl="377" sc="13" el="377" ec="13" bec="0" bev="0" fileid="26" />
                <SequencePoint vc="3" uspid="4013" ordinal="0" offset="801" sl="378" sc="9" el="378" ec="9" bec="0" bev="0" fileid="26" />
                <SequencePoint vc="3" uspid="4014" ordinal="0" offset="802" sl="368" sc="32" el="368" ec="32" bec="0" bev="0" fileid="26" />
                <SequencePoint vc="4" uspid="4015" ordinal="0" offset="818" sl="368" sc="25" el="368" ec="25" bec="0" bev="0" fileid="26" />
                <SequencePoint vc="1" uspid="4016" ordinal="0" offset="836" sl="380" sc="14" el="380" ec="14" bec="0" bev="0" fileid="26" />
                <SequencePoint vc="3" uspid="4017" ordinal="0" offset="848" sl="381" sc="9" el="381" ec="9" bec="0" bev="0" fileid="26" />
                <SequencePoint vc="3" uspid="4018" ordinal="0" offset="849" sl="382" sc="13" el="382" ec="13" bec="0" bev="0" fileid="26" />
                <SequencePoint vc="3" uspid="4019" ordinal="0" offset="861" sl="383" sc="13" el="383" ec="13" bec="0" bev="0" fileid="26" />
                <SequencePoint vc="3" uspid="4020" ordinal="0" offset="875" sl="384" sc="13" el="384" ec="13" bec="0" bev="0" fileid="26" />
                <SequencePoint vc="3" uspid="4021" ordinal="0" offset="892" sl="386" sc="13" el="386" ec="13" bec="0" bev="0" fileid="26" />
                <SequencePoint vc="3" uspid="4022" ordinal="0" offset="910" sl="388" sc="13" el="388" ec="13" bec="0" bev="0" fileid="26" />
                <SequencePoint vc="3" uspid="4023" ordinal="0" offset="927" sl="389" sc="13" el="389" ec="13" bec="0" bev="0" fileid="26" />
                <SequencePoint vc="3" uspid="4024" ordinal="0" offset="961" sl="390" sc="9" el="390" ec="9" bec="0" bev="0" fileid="26" />
                <SequencePoint vc="3" uspid="4025" ordinal="0" offset="962" sl="380" sc="32" el="380" ec="32" bec="0" bev="0" fileid="26" />
                <SequencePoint vc="4" uspid="4026" ordinal="0" offset="978" sl="380" sc="25" el="380" ec="25" bec="0" bev="0" fileid="26" />
                <SequencePoint vc="1" uspid="4027" ordinal="0" offset="996" sl="392" sc="9" el="392" ec="9" bec="0" bev="0" fileid="26" />
                <SequencePoint vc="1" uspid="4028" ordinal="0" offset="1019" sl="393" sc="5" el="393" ec="5" bec="0" bev="0" fileid="26" />
              </SequencePoints>
              <BranchPoints />
            </Method>
          </Methods>
        </Class>
        <Class>
          <Summary numSequencePoints="58" visitedSequencePoints="58" numBranchPoints="0" visitedBranchPoints="0" sequenceCoverage="100.0" branchCoverage="0.0" maxCyclomaticComplexity="0" minCyclomaticComplexity="0" maxCrapScore="0" minCrapScore="0" visitedClasses="1" numClasses="1" visitedMethods="1" numMethods="1" />
          <FullName>VideoMakingTests/&lt;VideoMakingWellnessLossTest&gt;d__7</FullName>
          <Methods>
            <Method visited="true" cyclomaticComplexity="0" nPathComplexity="0" sequenceCoverage="100.0" branchCoverage="0" crapScore="0" isConstructor="false" isStatic="false" isGetter="false" isSetter="false">
              <Summary numSequencePoints="58" visitedSequencePoints="58" numBranchPoints="0" visitedBranchPoints="0" sequenceCoverage="100.0" branchCoverage="0" maxCyclomaticComplexity="0" minCyclomaticComplexity="0" maxCrapScore="0" minCrapScore="0" visitedClasses="0" numClasses="0" visitedMethods="1" numMethods="1" />
              <MetadataToken>100663375</MetadataToken>
              <Name>System.Boolean VideoMakingTests/&lt;VideoMakingWellnessLossTest&gt;d__7::MoveNext()</Name>
              <FileRef uid="26" />
              <SequencePoints>
                <SequencePoint vc="1" uspid="4029" ordinal="0" offset="34" sl="256" sc="5" el="256" ec="5" bec="0" bev="0" fileid="26" />
                <SequencePoint vc="1" uspid="4030" ordinal="0" offset="35" sl="258" sc="9" el="258" ec="9" bec="0" bev="0" fileid="26" />
                <SequencePoint vc="1" uspid="4031" ordinal="0" offset="56" sl="259" sc="9" el="259" ec="9" bec="0" bev="0" fileid="26" />
                <SequencePoint vc="1" uspid="4032" ordinal="0" offset="77" sl="260" sc="9" el="260" ec="9" bec="0" bev="0" fileid="26" />
                <SequencePoint vc="1" uspid="4033" ordinal="0" offset="104" sl="261" sc="9" el="261" ec="9" bec="0" bev="0" fileid="26" />
                <SequencePoint vc="1" uspid="4034" ordinal="0" offset="126" sl="262" sc="9" el="262" ec="9" bec="0" bev="0" fileid="26" />
                <SequencePoint vc="1" uspid="4035" ordinal="0" offset="149" sl="263" sc="9" el="263" ec="9" bec="0" bev="0" fileid="26" />
                <SequencePoint vc="1" uspid="4036" ordinal="0" offset="161" sl="264" sc="9" el="264" ec="9" bec="0" bev="0" fileid="26" />
                <SequencePoint vc="1" uspid="4037" ordinal="0" offset="178" sl="267" sc="9" el="267" ec="9" bec="0" bev="0" fileid="26" />
                <SequencePoint vc="1" uspid="4038" ordinal="0" offset="195" sl="268" sc="9" el="268" ec="9" bec="0" bev="0" fileid="26" />
                <SequencePoint vc="1" uspid="4039" ordinal="0" offset="212" sl="269" sc="9" el="269" ec="9" bec="0" bev="0" fileid="26" />
                <SequencePoint vc="1" uspid="4040" ordinal="0" offset="229" sl="271" sc="13" el="271" ec="13" bec="0" bev="0" fileid="26" />
                <SequencePoint vc="10" uspid="4041" ordinal="0" offset="238" sl="272" sc="9" el="272" ec="9" bec="0" bev="0" fileid="26" />
                <SequencePoint vc="10" uspid="4042" ordinal="0" offset="239" sl="273" sc="13" el="273" ec="13" bec="0" bev="0" fileid="26" />
                <SequencePoint vc="10" uspid="4043" ordinal="0" offset="253" sl="275" sc="13" el="275" ec="13" bec="0" bev="0" fileid="26" />
                <SequencePoint vc="10" uspid="4044" ordinal="0" offset="271" sl="276" sc="14" el="276" ec="14" bec="0" bev="0" fileid="26" />
                <SequencePoint vc="10" uspid="4045" ordinal="0" offset="288" sl="277" sc="13" el="277" ec="13" bec="0" bev="0" fileid="26" />
                <SequencePoint vc="10" uspid="4046" ordinal="0" offset="312" sl="278" sc="9" el="278" ec="9" bec="0" bev="0" fileid="26" />
                <SequencePoint vc="10" uspid="4047" ordinal="0" offset="313" sl="271" sc="30" el="271" ec="30" bec="0" bev="0" fileid="26" />
                <SequencePoint vc="11" uspid="4048" ordinal="0" offset="329" sl="271" sc="24" el="271" ec="24" bec="0" bev="0" fileid="26" />
                <SequencePoint vc="1" uspid="4049" ordinal="0" offset="343" sl="279" sc="14" el="279" ec="14" bec="0" bev="0" fileid="26" />
                <SequencePoint vc="10" uspid="4050" ordinal="0" offset="352" sl="280" sc="9" el="280" ec="9" bec="0" bev="0" fileid="26" />
                <SequencePoint vc="10" uspid="4051" ordinal="0" offset="353" sl="281" sc="13" el="281" ec="13" bec="0" bev="0" fileid="26" />
                <SequencePoint vc="10" uspid="4052" ordinal="0" offset="367" sl="282" sc="13" el="282" ec="13" bec="0" bev="0" fileid="26" />
                <SequencePoint vc="10" uspid="4053" ordinal="0" offset="385" sl="284" sc="13" el="284" ec="13" bec="0" bev="0" fileid="26" />
                <SequencePoint vc="10" uspid="4054" ordinal="0" offset="402" sl="285" sc="13" el="285" ec="13" bec="0" bev="0" fileid="26" />
                <SequencePoint vc="10" uspid="4055" ordinal="0" offset="426" sl="286" sc="9" el="286" ec="9" bec="0" bev="0" fileid="26" />
                <SequencePoint vc="10" uspid="4056" ordinal="0" offset="427" sl="279" sc="33" el="279" ec="33" bec="0" bev="0" fileid="26" />
                <SequencePoint vc="11" uspid="4057" ordinal="0" offset="443" sl="279" sc="25" el="279" ec="25" bec="0" bev="0" fileid="26" />
                <SequencePoint vc="1" uspid="4058" ordinal="0" offset="457" sl="287" sc="14" el="287" ec="14" bec="0" bev="0" fileid="26" />
                <SequencePoint vc="10" uspid="4059" ordinal="0" offset="466" sl="288" sc="9" el="288" ec="9" bec="0" bev="0" fileid="26" />
                <SequencePoint vc="10" uspid="4060" ordinal="0" offset="467" sl="289" sc="13" el="289" ec="13" bec="0" bev="0" fileid="26" />
                <SequencePoint vc="10" uspid="4061" ordinal="0" offset="481" sl="290" sc="13" el="290" ec="13" bec="0" bev="0" fileid="26" />
                <SequencePoint vc="10" uspid="4062" ordinal="0" offset="499" sl="292" sc="13" el="292" ec="13" bec="0" bev="0" fileid="26" />
                <SequencePoint vc="10" uspid="4063" ordinal="0" offset="516" sl="293" sc="13" el="293" ec="13" bec="0" bev="0" fileid="26" />
                <SequencePoint vc="10" uspid="4064" ordinal="0" offset="540" sl="294" sc="9" el="294" ec="9" bec="0" bev="0" fileid="26" />
                <SequencePoint vc="10" uspid="4065" ordinal="0" offset="541" sl="287" sc="33" el="287" ec="33" bec="0" bev="0" fileid="26" />
                <SequencePoint vc="11" uspid="4066" ordinal="0" offset="557" sl="287" sc="25" el="287" ec="25" bec="0" bev="0" fileid="26" />
                <SequencePoint vc="1" uspid="4067" ordinal="0" offset="573" sl="295" sc="14" el="295" ec="14" bec="0" bev="0" fileid="26" />
                <SequencePoint vc="10" uspid="4068" ordinal="0" offset="582" sl="296" sc="9" el="296" ec="9" bec="0" bev="0" fileid="26" />
                <SequencePoint vc="10" uspid="4069" ordinal="0" offset="583" sl="297" sc="13" el="297" ec="13" bec="0" bev="0" fileid="26" />
                <SequencePoint vc="10" uspid="4070" ordinal="0" offset="597" sl="298" sc="13" el="298" ec="13" bec="0" bev="0" fileid="26" />
                <SequencePoint vc="10" uspid="4071" ordinal="0" offset="615" sl="300" sc="13" el="300" ec="13" bec="0" bev="0" fileid="26" />
                <SequencePoint vc="10" uspid="4072" ordinal="0" offset="632" sl="301" sc="13" el="301" ec="13" bec="0" bev="0" fileid="26" />
                <SequencePoint vc="10" uspid="4073" ordinal="0" offset="656" sl="302" sc="9" el="302" ec="9" bec="0" bev="0" fileid="26" />
                <SequencePoint vc="10" uspid="4074" ordinal="0" offset="657" sl="295" sc="33" el="295" ec="33" bec="0" bev="0" fileid="26" />
                <SequencePoint vc="11" uspid="4075" ordinal="0" offset="673" sl="295" sc="25" el="295" ec="25" bec="0" bev="0" fileid="26" />
                <SequencePoint vc="1" uspid="4076" ordinal="0" offset="689" sl="303" sc="14" el="303" ec="14" bec="0" bev="0" fileid="26" />
                <SequencePoint vc="10" uspid="4077" ordinal="0" offset="698" sl="304" sc="9" el="304" ec="9" bec="0" bev="0" fileid="26" />
                <SequencePoint vc="10" uspid="4078" ordinal="0" offset="699" sl="305" sc="13" el="305" ec="13" bec="0" bev="0" fileid="26" />
                <SequencePoint vc="10" uspid="4079" ordinal="0" offset="713" sl="306" sc="13" el="306" ec="13" bec="0" bev="0" fileid="26" />
                <SequencePoint vc="10" uspid="4080" ordinal="0" offset="731" sl="308" sc="13" el="308" ec="13" bec="0" bev="0" fileid="26" />
                <SequencePoint vc="10" uspid="4081" ordinal="0" offset="748" sl="309" sc="13" el="309" ec="13" bec="0" bev="0" fileid="26" />
                <SequencePoint vc="10" uspid="4082" ordinal="0" offset="772" sl="310" sc="9" el="310" ec="9" bec="0" bev="0" fileid="26" />
                <SequencePoint vc="10" uspid="4083" ordinal="0" offset="773" sl="303" sc="33" el="303" ec="33" bec="0" bev="0" fileid="26" />
                <SequencePoint vc="11" uspid="4084" ordinal="0" offset="789" sl="303" sc="25" el="303" ec="25" bec="0" bev="0" fileid="26" />
                <SequencePoint vc="1" uspid="4085" ordinal="0" offset="805" sl="312" sc="9" el="312" ec="9" bec="0" bev="0" fileid="26" />
                <SequencePoint vc="1" uspid="4086" ordinal="0" offset="828" sl="313" sc="5" el="313" ec="5" bec="0" bev="0" fileid="26" />
              </SequencePoints>
              <BranchPoints />
            </Method>
          </Methods>
        </Class>
      </Classes>
    </Module>
  </Modules>
</CoverageSession>