<?xml version="1.0" encoding="utf-8"?>
<CoverageSession xmlns:xsd="http://www.w3.org/2001/XMLSchema" xmlns:xsi="http://www.w3.org/2001/XMLSchema-instance" Version="0.0.0.0">
  <Summary numSequencePoints="1264" visitedSequencePoints="1104" numBranchPoints="0" visitedBranchPoints="0" sequenceCoverage="87.34" branchCoverage="0.0" maxCyclomaticComplexity="0" minCyclomaticComplexity="0" maxCrapScore="0" minCrapScore="0" visitedClasses="25" numClasses="25" visitedMethods="135" numMethods="135" />
  <Modules>
    <Module>
      <Summary numSequencePoints="1264" visitedSequencePoints="1104" numBranchPoints="0" visitedBranchPoints="0" sequenceCoverage="87.34" branchCoverage="0.0" maxCyclomaticComplexity="0" minCyclomaticComplexity="0" maxCrapScore="0" minCrapScore="0" visitedClasses="25" numClasses="25" visitedMethods="135" numMethods="135" />
      <ModuleTime>0001-01-01T00:00:00</ModuleTime>
      <ModuleName>NewAssembly</ModuleName>
      <Files>
        <File uid="1" fullPath="C:/Users/mitchelld7373/Documents/GitHub/AtObsession/Assets/Scripts/asset_highlighter.cs" />
        <File uid="2" fullPath="C:/Users/mitchelld7373/Documents/GitHub/AtObsession/Assets/Scripts/background_scares.cs" />
        <File uid="3" fullPath="C:/Users/mitchelld7373/Documents/GitHub/AtObsession/Assets/Scripts/change_dying_filter.cs" />
        <File uid="4" fullPath="C:/Users/mitchelld7373/Documents/GitHub/AtObsession/Assets/Scripts/change_wellness_filter.cs" />
        <File uid="5" fullPath="C:/Users/mitchelld7373/Documents/GitHub/AtObsession/Assets/Scripts/daily_action_storage.cs" />
        <File uid="6" fullPath="C:/Users/mitchelld7373/Documents/GitHub/AtObsession/Assets/Scripts/day_night_manager.cs" />
        <File uid="7" fullPath="C:/Users/mitchelld7373/Documents/GitHub/AtObsession/Assets/Scripts/developer_options.cs" />
        <File uid="8" fullPath="C:/Users/mitchelld7373/Documents/GitHub/AtObsession/Assets/Scripts/do_an_action.cs" />
        <File uid="9" fullPath="C:/Users/mitchelld7373/Documents/GitHub/AtObsession/Assets/Scripts/exit_game.cs" />
        <File uid="10" fullPath="C:/Users/mitchelld7373/Documents/GitHub/AtObsession/Assets/Scripts/game_state.cs" />
        <File uid="11" fullPath="C:/Users/mitchelld7373/Documents/GitHub/AtObsession/Assets/Scripts/HUD_text_manager.cs" />
        <File uid="12" fullPath="C:/Users/mitchelld7373/Documents/GitHub/AtObsession/Assets/Scripts/move_location.cs" />
        <File uid="13" fullPath="C:/Users/mitchelld7373/Documents/GitHub/AtObsession/Assets/Scripts/notification_manager.cs" />
        <File uid="14" fullPath="C:/Users/mitchelld7373/Documents/GitHub/AtObsession/Assets/Scripts/shop.cs" />
        <File uid="15" fullPath="C:/Users/mitchelld7373/Documents/GitHub/AtObsession/Assets/Scripts/splash_screen_manager.cs" />
        <File uid="16" fullPath="C:/Users/mitchelld7373/Documents/GitHub/AtObsession/Assets/Scripts/stalker_prototype_script.cs" />
        <File uid="17" fullPath="C:/Users/mitchelld7373/Documents/GitHub/AtObsession/Assets/Scripts/statistic_slider.cs" />
        <File uid="18" fullPath="C:/Users/mitchelld7373/Documents/GitHub/AtObsession/Assets/Scripts/swap_assets.cs" />
        <File uid="19" fullPath="C:/Users/mitchelld7373/Documents/GitHub/AtObsession/Assets/Scripts/toggle_menu.cs" />
        <File uid="20" fullPath="C:/Users/mitchelld7373/Documents/GitHub/AtObsession/Assets/Scripts/video_making.cs" />
        <File uid="21" fullPath="C:/Users/mitchelld7373/Documents/GitHub/AtObsession/Assets/Scripts/wake_up_notification.cs" />
      </Files>
      <Classes>
        <Class>
          <Summary numSequencePoints="28" visitedSequencePoints="28" numBranchPoints="0" visitedBranchPoints="0" sequenceCoverage="100.0" branchCoverage="0.0" maxCyclomaticComplexity="0" minCyclomaticComplexity="0" maxCrapScore="0" minCrapScore="0" visitedClasses="1" numClasses="1" visitedMethods="5" numMethods="5" />
          <FullName>asset_highlighter</FullName>
          <Methods>
            <Method visited="true" cyclomaticComplexity="0" nPathComplexity="0" sequenceCoverage="100.0" branchCoverage="0" crapScore="0" isConstructor="false" isStatic="false" isGetter="false" isSetter="false">
              <Summary numSequencePoints="10" visitedSequencePoints="10" numBranchPoints="0" visitedBranchPoints="0" sequenceCoverage="100.0" branchCoverage="0" maxCyclomaticComplexity="0" minCyclomaticComplexity="0" maxCrapScore="0" minCrapScore="0" visitedClasses="0" numClasses="0" visitedMethods="1" numMethods="1" />
              <MetadataToken>100663297</MetadataToken>
              <Name>System.Void asset_highlighter::Start()</Name>
              <FileRef uid="1" />
              <SequencePoints>
                <SequencePoint vc="23" uspid="1" ordinal="0" offset="0" sl="15" sc="5" el="15" ec="5" bec="0" bev="0" fileid="1" />
                <SequencePoint vc="23" uspid="2" ordinal="0" offset="1" sl="16" sc="9" el="16" ec="9" bec="0" bev="0" fileid="1" />
                <SequencePoint vc="23" uspid="3" ordinal="0" offset="16" sl="17" sc="9" el="17" ec="9" bec="0" bev="0" fileid="1" />
                <SequencePoint vc="23" uspid="4" ordinal="0" offset="17" sl="18" sc="13" el="18" ec="13" bec="0" bev="0" fileid="1" />
                <SequencePoint vc="23" uspid="5" ordinal="0" offset="31" sl="19" sc="9" el="19" ec="9" bec="0" bev="0" fileid="1" />
                <SequencePoint vc="23" uspid="6" ordinal="0" offset="32" sl="22" sc="9" el="22" ec="9" bec="0" bev="0" fileid="1" />
                <SequencePoint vc="1" uspid="7" ordinal="0" offset="47" sl="23" sc="9" el="23" ec="9" bec="0" bev="0" fileid="1" />
                <SequencePoint vc="1" uspid="8" ordinal="0" offset="48" sl="24" sc="13" el="24" ec="13" bec="0" bev="0" fileid="1" />
                <SequencePoint vc="1" uspid="9" ordinal="0" offset="62" sl="25" sc="9" el="25" ec="9" bec="0" bev="0" fileid="1" />
                <SequencePoint vc="23" uspid="10" ordinal="0" offset="63" sl="26" sc="5" el="26" ec="5" bec="0" bev="0" fileid="1" />
              </SequencePoints>
              <BranchPoints />
            </Method>
            <Method visited="true" cyclomaticComplexity="0" nPathComplexity="0" sequenceCoverage="100.0" branchCoverage="0" crapScore="0" isConstructor="false" isStatic="false" isGetter="false" isSetter="false">
              <Summary numSequencePoints="3" visitedSequencePoints="3" numBranchPoints="0" visitedBranchPoints="0" sequenceCoverage="100.0" branchCoverage="0" maxCyclomaticComplexity="0" minCyclomaticComplexity="0" maxCrapScore="0" minCrapScore="0" visitedClasses="0" numClasses="0" visitedMethods="1" numMethods="1" />
              <MetadataToken>100663298</MetadataToken>
              <Name>System.Void asset_highlighter::OnMouseEnter()</Name>
              <FileRef uid="1" />
              <SequencePoints>
                <SequencePoint vc="294" uspid="11" ordinal="0" offset="0" sl="29" sc="5" el="29" ec="5" bec="0" bev="0" fileid="1" />
                <SequencePoint vc="294" uspid="12" ordinal="0" offset="1" sl="30" sc="9" el="30" ec="9" bec="0" bev="0" fileid="1" />
                <SequencePoint vc="294" uspid="13" ordinal="0" offset="14" sl="31" sc="5" el="31" ec="5" bec="0" bev="0" fileid="1" />
              </SequencePoints>
              <BranchPoints />
            </Method>
            <Method visited="true" cyclomaticComplexity="0" nPathComplexity="0" sequenceCoverage="100.0" branchCoverage="0" crapScore="0" isConstructor="false" isStatic="false" isGetter="false" isSetter="false">
              <Summary numSequencePoints="3" visitedSequencePoints="3" numBranchPoints="0" visitedBranchPoints="0" sequenceCoverage="100.0" branchCoverage="0" maxCyclomaticComplexity="0" minCyclomaticComplexity="0" maxCrapScore="0" minCrapScore="0" visitedClasses="0" numClasses="0" visitedMethods="1" numMethods="1" />
              <MetadataToken>100663299</MetadataToken>
              <Name>System.Void asset_highlighter::OnMouseExit()</Name>
              <FileRef uid="1" />
              <SequencePoints>
                <SequencePoint vc="294" uspid="14" ordinal="0" offset="0" sl="34" sc="5" el="34" ec="5" bec="0" bev="0" fileid="1" />
                <SequencePoint vc="294" uspid="15" ordinal="0" offset="1" sl="35" sc="9" el="35" ec="9" bec="0" bev="0" fileid="1" />
                <SequencePoint vc="294" uspid="16" ordinal="0" offset="14" sl="36" sc="5" el="36" ec="5" bec="0" bev="0" fileid="1" />
              </SequencePoints>
              <BranchPoints />
            </Method>
            <Method visited="true" cyclomaticComplexity="0" nPathComplexity="0" sequenceCoverage="100.0" branchCoverage="0" crapScore="0" isConstructor="false" isStatic="false" isGetter="false" isSetter="false">
              <Summary numSequencePoints="10" visitedSequencePoints="10" numBranchPoints="0" visitedBranchPoints="0" sequenceCoverage="100.0" branchCoverage="0" maxCyclomaticComplexity="0" minCyclomaticComplexity="0" maxCrapScore="0" minCrapScore="0" visitedClasses="0" numClasses="0" visitedMethods="1" numMethods="1" />
              <MetadataToken>100663300</MetadataToken>
              <Name>System.Void asset_highlighter::swapHighlight()</Name>
              <FileRef uid="1" />
              <SequencePoints>
                <SequencePoint vc="11" uspid="17" ordinal="0" offset="0" sl="39" sc="5" el="39" ec="5" bec="0" bev="0" fileid="1" />
                <SequencePoint vc="11" uspid="18" ordinal="0" offset="1" sl="41" sc="9" el="41" ec="9" bec="0" bev="0" fileid="1" />
                <SequencePoint vc="2" uspid="19" ordinal="0" offset="17" sl="42" sc="9" el="42" ec="9" bec="0" bev="0" fileid="1" />
                <SequencePoint vc="2" uspid="20" ordinal="0" offset="18" sl="43" sc="13" el="43" ec="13" bec="0" bev="0" fileid="1" />
                <SequencePoint vc="2" uspid="21" ordinal="0" offset="31" sl="44" sc="13" el="44" ec="13" bec="0" bev="0" fileid="1" />
                <SequencePoint vc="2" uspid="22" ordinal="0" offset="38" sl="45" sc="13" el="45" ec="13" bec="0" bev="0" fileid="1" />
                <SequencePoint vc="2" uspid="23" ordinal="0" offset="50" sl="46" sc="13" el="46" ec="13" bec="0" bev="0" fileid="1" />
                <SequencePoint vc="2" uspid="24" ordinal="0" offset="57" sl="47" sc="13" el="47" ec="13" bec="0" bev="0" fileid="1" />
                <SequencePoint vc="2" uspid="25" ordinal="0" offset="70" sl="48" sc="9" el="48" ec="9" bec="0" bev="0" fileid="1" />
                <SequencePoint vc="11" uspid="26" ordinal="0" offset="71" sl="49" sc="5" el="49" ec="5" bec="0" bev="0" fileid="1" />
              </SequencePoints>
              <BranchPoints />
            </Method>
            <Method visited="true" cyclomaticComplexity="0" nPathComplexity="0" sequenceCoverage="100.0" branchCoverage="0" crapScore="0" isConstructor="true" isStatic="false" isGetter="false" isSetter="false">
              <Summary numSequencePoints="2" visitedSequencePoints="2" numBranchPoints="0" visitedBranchPoints="0" sequenceCoverage="100.0" branchCoverage="0" maxCyclomaticComplexity="0" minCyclomaticComplexity="0" maxCrapScore="0" minCrapScore="0" visitedClasses="0" numClasses="0" visitedMethods="1" numMethods="1" />
              <MetadataToken>100663301</MetadataToken>
              <Name>asset_highlighter::asset_highlighter()</Name>
              <FileRef uid="1" />
              <SequencePoints>
                <SequencePoint vc="46" uspid="27" ordinal="0" offset="0" sl="10" sc="5" el="10" ec="5" bec="0" bev="0" fileid="1" />
                <SequencePoint vc="46" uspid="28" ordinal="0" offset="7" sl="11" sc="5" el="11" ec="5" bec="0" bev="0" fileid="1" />
              </SequencePoints>
              <BranchPoints />
            </Method>
          </Methods>
        </Class>
        <Class>
          <Summary numSequencePoints="26" visitedSequencePoints="15" numBranchPoints="0" visitedBranchPoints="0" sequenceCoverage="57.69" branchCoverage="0.0" maxCyclomaticComplexity="0" minCyclomaticComplexity="0" maxCrapScore="0" minCrapScore="0" visitedClasses="1" numClasses="1" visitedMethods="4" numMethods="4" />
          <FullName>background_scares</FullName>
          <Methods>
            <Method visited="true" cyclomaticComplexity="0" nPathComplexity="0" sequenceCoverage="100.0" branchCoverage="0" crapScore="0" isConstructor="false" isStatic="false" isGetter="false" isSetter="false">
              <Summary numSequencePoints="5" visitedSequencePoints="5" numBranchPoints="0" visitedBranchPoints="0" sequenceCoverage="100.0" branchCoverage="0" maxCyclomaticComplexity="0" minCyclomaticComplexity="0" maxCrapScore="0" minCrapScore="0" visitedClasses="0" numClasses="0" visitedMethods="1" numMethods="1" />
              <MetadataToken>100663302</MetadataToken>
              <Name>System.Void background_scares::Start()</Name>
              <FileRef uid="2" />
              <SequencePoints>
                <SequencePoint vc="1" uspid="29" ordinal="0" offset="0" sl="16" sc="5" el="16" ec="5" bec="0" bev="0" fileid="2" />
                <SequencePoint vc="1" uspid="30" ordinal="0" offset="1" sl="17" sc="9" el="17" ec="9" bec="0" bev="0" fileid="2" />
                <SequencePoint vc="1" uspid="31" ordinal="0" offset="22" sl="18" sc="9" el="18" ec="9" bec="0" bev="0" fileid="2" />
                <SequencePoint vc="1" uspid="32" ordinal="0" offset="38" sl="20" sc="9" el="20" ec="9" bec="0" bev="0" fileid="2" />
                <SequencePoint vc="1" uspid="33" ordinal="0" offset="62" sl="21" sc="5" el="21" ec="5" bec="0" bev="0" fileid="2" />
              </SequencePoints>
              <BranchPoints />
            </Method>
            <Method visited="true" cyclomaticComplexity="0" nPathComplexity="0" sequenceCoverage="38.89" branchCoverage="0" crapScore="0" isConstructor="false" isStatic="false" isGetter="false" isSetter="false">
              <Summary numSequencePoints="18" visitedSequencePoints="7" numBranchPoints="0" visitedBranchPoints="0" sequenceCoverage="38.89" branchCoverage="0" maxCyclomaticComplexity="0" minCyclomaticComplexity="0" maxCrapScore="0" minCrapScore="0" visitedClasses="0" numClasses="0" visitedMethods="1" numMethods="1" />
              <MetadataToken>100663303</MetadataToken>
              <Name>System.Void background_scares::OnTimeChanged(System.Int32, System.Int32)</Name>
              <FileRef uid="2" />
              <SequencePoints>
                <SequencePoint vc="69" uspid="34" ordinal="0" offset="0" sl="24" sc="5" el="24" ec="5" bec="0" bev="0" fileid="2" />
                <SequencePoint vc="69" uspid="35" ordinal="0" offset="1" sl="25" sc="9" el="25" ec="9" bec="0" bev="0" fileid="2" />
                <SequencePoint vc="69" uspid="36" ordinal="0" offset="5" sl="26" sc="9" el="26" ec="9" bec="0" bev="0" fileid="2" />
                <SequencePoint vc="69" uspid="37" ordinal="0" offset="19" sl="27" sc="9" el="27" ec="9" bec="0" bev="0" fileid="2" />
                <SequencePoint vc="69" uspid="38" ordinal="0" offset="31" sl="28" sc="9" el="28" ec="9" bec="0" bev="0" fileid="2" />
                <SequencePoint vc="69" uspid="39" ordinal="0" offset="43" sl="30" sc="9" el="30" ec="9" bec="0" bev="0" fileid="2" />
                <SequencePoint vc="0" uspid="40" ordinal="0" offset="75" sl="31" sc="9" el="31" ec="9" bec="0" bev="0" fileid="2" />
                <SequencePoint vc="0" uspid="41" ordinal="0" offset="76" sl="32" sc="13" el="32" ec="13" bec="0" bev="0" fileid="2" />
                <SequencePoint vc="0" uspid="42" ordinal="0" offset="92" sl="33" sc="13" el="33" ec="13" bec="0" bev="0" fileid="2" />
                <SequencePoint vc="0" uspid="43" ordinal="0" offset="93" sl="34" sc="17" el="34" ec="17" bec="0" bev="0" fileid="2" />
                <SequencePoint vc="0" uspid="44" ordinal="0" offset="109" sl="35" sc="17" el="35" ec="17" bec="0" bev="0" fileid="2" />
                <SequencePoint vc="0" uspid="45" ordinal="0" offset="118" sl="36" sc="13" el="36" ec="13" bec="0" bev="0" fileid="2" />
                <SequencePoint vc="0" uspid="46" ordinal="0" offset="121" sl="38" sc="13" el="38" ec="13" bec="0" bev="0" fileid="2" />
                <SequencePoint vc="0" uspid="47" ordinal="0" offset="122" sl="39" sc="17" el="39" ec="17" bec="0" bev="0" fileid="2" />
                <SequencePoint vc="0" uspid="48" ordinal="0" offset="133" sl="40" sc="13" el="40" ec="13" bec="0" bev="0" fileid="2" />
                <SequencePoint vc="0" uspid="49" ordinal="0" offset="134" sl="41" sc="13" el="41" ec="13" bec="0" bev="0" fileid="2" />
                <SequencePoint vc="0" uspid="50" ordinal="0" offset="153" sl="42" sc="9" el="42" ec="9" bec="0" bev="0" fileid="2" />
                <SequencePoint vc="69" uspid="51" ordinal="0" offset="154" sl="43" sc="5" el="43" ec="5" bec="0" bev="0" fileid="2" />
              </SequencePoints>
              <BranchPoints />
            </Method>
            <Method visited="true" cyclomaticComplexity="0" nPathComplexity="0" sequenceCoverage="100.0" branchCoverage="0" crapScore="0" isConstructor="false" isStatic="false" isGetter="false" isSetter="false">
              <Summary numSequencePoints="2" visitedSequencePoints="2" numBranchPoints="0" visitedBranchPoints="0" sequenceCoverage="100.0" branchCoverage="0" maxCyclomaticComplexity="0" minCyclomaticComplexity="0" maxCrapScore="0" minCrapScore="0" visitedClasses="0" numClasses="0" visitedMethods="1" numMethods="1" />
              <MetadataToken>100663304</MetadataToken>
              <Name>System.Void background_scares::Update()</Name>
              <FileRef uid="2" />
              <SequencePoints>
                <SequencePoint vc="172132" uspid="52" ordinal="0" offset="0" sl="47" sc="5" el="47" ec="5" bec="0" bev="0" fileid="2" />
                <SequencePoint vc="172132" uspid="53" ordinal="0" offset="1" sl="49" sc="5" el="49" ec="5" bec="0" bev="0" fileid="2" />
              </SequencePoints>
              <BranchPoints />
            </Method>
            <Method visited="true" cyclomaticComplexity="0" nPathComplexity="0" sequenceCoverage="100.0" branchCoverage="0" crapScore="0" isConstructor="true" isStatic="false" isGetter="false" isSetter="false">
              <Summary numSequencePoints="1" visitedSequencePoints="1" numBranchPoints="0" visitedBranchPoints="0" sequenceCoverage="100.0" branchCoverage="0" maxCyclomaticComplexity="0" minCyclomaticComplexity="0" maxCrapScore="0" minCrapScore="0" visitedClasses="0" numClasses="0" visitedMethods="1" numMethods="1" />
              <MetadataToken>100663306</MetadataToken>
              <Name>background_scares::background_scares()</Name>
              <FileRef uid="2" />
              <SequencePoints>
                <SequencePoint vc="2" uspid="76" ordinal="0" offset="0" sl="12" sc="5" el="12" ec="5" bec="0" bev="0" fileid="2" />
              </SequencePoints>
              <BranchPoints />
            </Method>
          </Methods>
        </Class>
        <Class>
          <Summary numSequencePoints="15" visitedSequencePoints="15" numBranchPoints="0" visitedBranchPoints="0" sequenceCoverage="100.0" branchCoverage="0.0" maxCyclomaticComplexity="0" minCyclomaticComplexity="0" maxCrapScore="0" minCrapScore="0" visitedClasses="1" numClasses="1" visitedMethods="2" numMethods="2" />
          <FullName>change_dying_filter</FullName>
          <Methods>
            <Method visited="true" cyclomaticComplexity="0" nPathComplexity="0" sequenceCoverage="100.0" branchCoverage="0" crapScore="0" isConstructor="false" isStatic="false" isGetter="false" isSetter="false">
              <Summary numSequencePoints="5" visitedSequencePoints="5" numBranchPoints="0" visitedBranchPoints="0" sequenceCoverage="100.0" branchCoverage="0" maxCyclomaticComplexity="0" minCyclomaticComplexity="0" maxCrapScore="0" minCrapScore="0" visitedClasses="0" numClasses="0" visitedMethods="1" numMethods="1" />
              <MetadataToken>100663307</MetadataToken>
              <Name>System.Void change_dying_filter::Start()</Name>
              <FileRef uid="3" />
              <SequencePoints>
                <SequencePoint vc="1" uspid="77" ordinal="0" offset="0" sl="13" sc="5" el="13" ec="5" bec="0" bev="0" fileid="3" />
                <SequencePoint vc="1" uspid="78" ordinal="0" offset="1" sl="15" sc="9" el="15" ec="9" bec="0" bev="0" fileid="3" />
                <SequencePoint vc="1" uspid="79" ordinal="0" offset="17" sl="16" sc="9" el="16" ec="9" bec="0" bev="0" fileid="3" />
                <SequencePoint vc="1" uspid="80" ordinal="0" offset="36" sl="19" sc="9" el="19" ec="9" bec="0" bev="0" fileid="3" />
                <SequencePoint vc="1" uspid="81" ordinal="0" offset="55" sl="22" sc="5" el="22" ec="5" bec="0" bev="0" fileid="3" />
              </SequencePoints>
              <BranchPoints />
            </Method>
            <Method visited="true" cyclomaticComplexity="0" nPathComplexity="0" sequenceCoverage="100.0" branchCoverage="0" crapScore="0" isConstructor="false" isStatic="false" isGetter="false" isSetter="false">
              <Summary numSequencePoints="10" visitedSequencePoints="10" numBranchPoints="0" visitedBranchPoints="0" sequenceCoverage="100.0" branchCoverage="0" maxCyclomaticComplexity="0" minCyclomaticComplexity="0" maxCrapScore="0" minCrapScore="0" visitedClasses="0" numClasses="0" visitedMethods="1" numMethods="1" />
              <MetadataToken>100663308</MetadataToken>
              <Name>System.Void change_dying_filter::changeFilterOpacity(System.Int32, System.Int32)</Name>
              <FileRef uid="3" />
              <SequencePoints>
                <SequencePoint vc="199" uspid="82" ordinal="0" offset="0" sl="27" sc="5" el="27" ec="5" bec="0" bev="0" fileid="3" />
                <SequencePoint vc="199" uspid="83" ordinal="0" offset="1" sl="28" sc="9" el="28" ec="9" bec="0" bev="0" fileid="3" />
                <SequencePoint vc="199" uspid="84" ordinal="0" offset="8" sl="30" sc="9" el="30" ec="9" bec="0" bev="0" fileid="3" />
                <SequencePoint vc="199" uspid="85" ordinal="0" offset="20" sl="31" sc="9" el="31" ec="9" bec="0" bev="0" fileid="3" />
                <SequencePoint vc="199" uspid="86" ordinal="0" offset="32" sl="33" sc="9" el="33" ec="9" bec="0" bev="0" fileid="3" />
                <SequencePoint vc="64" uspid="87" ordinal="0" offset="44" sl="34" sc="9" el="34" ec="9" bec="0" bev="0" fileid="3" />
                <SequencePoint vc="64" uspid="88" ordinal="0" offset="45" sl="36" sc="13" el="36" ec="13" bec="0" bev="0" fileid="3" />
                <SequencePoint vc="64" uspid="89" ordinal="0" offset="65" sl="37" sc="9" el="37" ec="9" bec="0" bev="0" fileid="3" />
                <SequencePoint vc="199" uspid="90" ordinal="0" offset="66" sl="40" sc="9" el="40" ec="9" bec="0" bev="0" fileid="3" />
                <SequencePoint vc="199" uspid="91" ordinal="0" offset="79" sl="41" sc="5" el="41" ec="5" bec="0" bev="0" fileid="3" />
              </SequencePoints>
              <BranchPoints />
            </Method>
          </Methods>
        </Class>
        <Class>
          <Summary numSequencePoints="10" visitedSequencePoints="10" numBranchPoints="0" visitedBranchPoints="0" sequenceCoverage="100.0" branchCoverage="0.0" maxCyclomaticComplexity="0" minCyclomaticComplexity="0" maxCrapScore="0" minCrapScore="0" visitedClasses="1" numClasses="1" visitedMethods="2" numMethods="2" />
          <FullName>change_wellness_filter</FullName>
          <Methods>
            <Method visited="true" cyclomaticComplexity="0" nPathComplexity="0" sequenceCoverage="100.0" branchCoverage="0" crapScore="0" isConstructor="false" isStatic="false" isGetter="false" isSetter="false">
              <Summary numSequencePoints="5" visitedSequencePoints="5" numBranchPoints="0" visitedBranchPoints="0" sequenceCoverage="100.0" branchCoverage="0" maxCyclomaticComplexity="0" minCyclomaticComplexity="0" maxCrapScore="0" minCrapScore="0" visitedClasses="0" numClasses="0" visitedMethods="1" numMethods="1" />
              <MetadataToken>100663311</MetadataToken>
              <Name>System.Void change_wellness_filter::Start()</Name>
              <FileRef uid="4" />
              <SequencePoints>
                <SequencePoint vc="1" uspid="95" ordinal="0" offset="0" sl="11" sc="5" el="11" ec="5" bec="0" bev="0" fileid="4" />
                <SequencePoint vc="1" uspid="96" ordinal="0" offset="1" sl="13" sc="9" el="13" ec="9" bec="0" bev="0" fileid="4" />
                <SequencePoint vc="1" uspid="97" ordinal="0" offset="17" sl="14" sc="9" el="14" ec="9" bec="0" bev="0" fileid="4" />
                <SequencePoint vc="1" uspid="98" ordinal="0" offset="36" sl="17" sc="9" el="17" ec="9" bec="0" bev="0" fileid="4" />
                <SequencePoint vc="1" uspid="99" ordinal="0" offset="55" sl="19" sc="5" el="19" ec="5" bec="0" bev="0" fileid="4" />
              </SequencePoints>
              <BranchPoints />
            </Method>
            <Method visited="true" cyclomaticComplexity="0" nPathComplexity="0" sequenceCoverage="100.0" branchCoverage="0" crapScore="0" isConstructor="false" isStatic="false" isGetter="false" isSetter="false">
              <Summary numSequencePoints="5" visitedSequencePoints="5" numBranchPoints="0" visitedBranchPoints="0" sequenceCoverage="100.0" branchCoverage="0" maxCyclomaticComplexity="0" minCyclomaticComplexity="0" maxCrapScore="0" minCrapScore="0" visitedClasses="0" numClasses="0" visitedMethods="1" numMethods="1" />
              <MetadataToken>100663312</MetadataToken>
              <Name>System.Void change_wellness_filter::changeFilterOpacity(System.Int32, System.Int32)</Name>
              <FileRef uid="4" />
              <SequencePoints>
                <SequencePoint vc="199" uspid="100" ordinal="0" offset="0" sl="24" sc="5" el="24" ec="5" bec="0" bev="0" fileid="4" />
                <SequencePoint vc="199" uspid="101" ordinal="0" offset="1" sl="26" sc="9" el="26" ec="9" bec="0" bev="0" fileid="4" />
                <SequencePoint vc="199" uspid="102" ordinal="0" offset="13" sl="27" sc="9" el="27" ec="9" bec="0" bev="0" fileid="4" />
                <SequencePoint vc="199" uspid="103" ordinal="0" offset="33" sl="28" sc="9" el="28" ec="9" bec="0" bev="0" fileid="4" />
                <SequencePoint vc="199" uspid="104" ordinal="0" offset="46" sl="29" sc="5" el="29" ec="5" bec="0" bev="0" fileid="4" />
              </SequencePoints>
              <BranchPoints />
            </Method>
          </Methods>
        </Class>
        <Class>
          <Summary numSequencePoints="26" visitedSequencePoints="26" numBranchPoints="0" visitedBranchPoints="0" sequenceCoverage="100.0" branchCoverage="0.0" maxCyclomaticComplexity="0" minCyclomaticComplexity="0" maxCrapScore="0" minCrapScore="0" visitedClasses="1" numClasses="1" visitedMethods="6" numMethods="6" />
          <FullName>ActionVariable</FullName>
          <Methods>
            <Method visited="true" cyclomaticComplexity="0" nPathComplexity="0" sequenceCoverage="100.0" branchCoverage="0" crapScore="0" isConstructor="false" isStatic="false" isGetter="false" isSetter="false">
              <Summary numSequencePoints="3" visitedSequencePoints="3" numBranchPoints="0" visitedBranchPoints="0" sequenceCoverage="100.0" branchCoverage="0" maxCyclomaticComplexity="0" minCyclomaticComplexity="0" maxCrapScore="0" minCrapScore="0" visitedClasses="0" numClasses="0" visitedMethods="1" numMethods="1" />
              <MetadataToken>100663315</MetadataToken>
              <Name>System.Int32 ActionVariable::getWellness()</Name>
              <FileRef uid="5" />
              <SequencePoints>
                <SequencePoint vc="15" uspid="105" ordinal="0" offset="0" sl="24" sc="30" el="24" ec="30" bec="0" bev="0" fileid="5" />
                <SequencePoint vc="15" uspid="106" ordinal="0" offset="1" sl="24" sc="32" el="24" ec="32" bec="0" bev="0" fileid="5" />
                <SequencePoint vc="15" uspid="107" ordinal="0" offset="10" sl="24" sc="49" el="24" ec="49" bec="0" bev="0" fileid="5" />
              </SequencePoints>
              <BranchPoints />
            </Method>
            <Method visited="true" cyclomaticComplexity="0" nPathComplexity="0" sequenceCoverage="100.0" branchCoverage="0" crapScore="0" isConstructor="false" isStatic="false" isGetter="false" isSetter="false">
              <Summary numSequencePoints="3" visitedSequencePoints="3" numBranchPoints="0" visitedBranchPoints="0" sequenceCoverage="100.0" branchCoverage="0" maxCyclomaticComplexity="0" minCyclomaticComplexity="0" maxCrapScore="0" minCrapScore="0" visitedClasses="0" numClasses="0" visitedMethods="1" numMethods="1" />
              <MetadataToken>100663316</MetadataToken>
              <Name>System.Int32 ActionVariable::getTime()</Name>
              <FileRef uid="5" />
              <SequencePoints>
                <SequencePoint vc="15" uspid="108" ordinal="0" offset="0" sl="26" sc="26" el="26" ec="26" bec="0" bev="0" fileid="5" />
                <SequencePoint vc="15" uspid="109" ordinal="0" offset="1" sl="26" sc="28" el="26" ec="28" bec="0" bev="0" fileid="5" />
                <SequencePoint vc="15" uspid="110" ordinal="0" offset="10" sl="26" sc="41" el="26" ec="41" bec="0" bev="0" fileid="5" />
              </SequencePoints>
              <BranchPoints />
            </Method>
            <Method visited="true" cyclomaticComplexity="0" nPathComplexity="0" sequenceCoverage="100.0" branchCoverage="0" crapScore="0" isConstructor="false" isStatic="false" isGetter="false" isSetter="false">
              <Summary numSequencePoints="3" visitedSequencePoints="3" numBranchPoints="0" visitedBranchPoints="0" sequenceCoverage="100.0" branchCoverage="0" maxCyclomaticComplexity="0" minCyclomaticComplexity="0" maxCrapScore="0" minCrapScore="0" visitedClasses="0" numClasses="0" visitedMethods="1" numMethods="1" />
              <MetadataToken>100663317</MetadataToken>
              <Name>System.Double ActionVariable::getMoney()</Name>
              <FileRef uid="5" />
              <SequencePoints>
                <SequencePoint vc="15" uspid="111" ordinal="0" offset="0" sl="28" sc="30" el="28" ec="30" bec="0" bev="0" fileid="5" />
                <SequencePoint vc="15" uspid="112" ordinal="0" offset="1" sl="28" sc="32" el="28" ec="32" bec="0" bev="0" fileid="5" />
                <SequencePoint vc="15" uspid="113" ordinal="0" offset="10" sl="28" sc="46" el="28" ec="46" bec="0" bev="0" fileid="5" />
              </SequencePoints>
              <BranchPoints />
            </Method>
            <Method visited="true" cyclomaticComplexity="0" nPathComplexity="0" sequenceCoverage="100.0" branchCoverage="0" crapScore="0" isConstructor="false" isStatic="false" isGetter="false" isSetter="false">
              <Summary numSequencePoints="3" visitedSequencePoints="3" numBranchPoints="0" visitedBranchPoints="0" sequenceCoverage="100.0" branchCoverage="0" maxCyclomaticComplexity="0" minCyclomaticComplexity="0" maxCrapScore="0" minCrapScore="0" visitedClasses="0" numClasses="0" visitedMethods="1" numMethods="1" />
              <MetadataToken>100663318</MetadataToken>
              <Name>System.String ActionVariable::getGroup()</Name>
              <FileRef uid="5" />
              <SequencePoints>
                <SequencePoint vc="86" uspid="114" ordinal="0" offset="0" sl="30" sc="30" el="30" ec="30" bec="0" bev="0" fileid="5" />
                <SequencePoint vc="86" uspid="115" ordinal="0" offset="1" sl="30" sc="32" el="30" ec="32" bec="0" bev="0" fileid="5" />
                <SequencePoint vc="86" uspid="116" ordinal="0" offset="10" sl="30" sc="46" el="30" ec="46" bec="0" bev="0" fileid="5" />
              </SequencePoints>
              <BranchPoints />
            </Method>
            <Method visited="true" cyclomaticComplexity="0" nPathComplexity="0" sequenceCoverage="100.0" branchCoverage="0" crapScore="0" isConstructor="false" isStatic="false" isGetter="false" isSetter="false">
              <Summary numSequencePoints="3" visitedSequencePoints="3" numBranchPoints="0" visitedBranchPoints="0" sequenceCoverage="100.0" branchCoverage="0" maxCyclomaticComplexity="0" minCyclomaticComplexity="0" maxCrapScore="0" minCrapScore="0" visitedClasses="0" numClasses="0" visitedMethods="1" numMethods="1" />
              <MetadataToken>100663319</MetadataToken>
              <Name>System.String ActionVariable::getText()</Name>
              <FileRef uid="5" />
              <SequencePoints>
                <SequencePoint vc="15" uspid="117" ordinal="0" offset="0" sl="32" sc="29" el="32" ec="29" bec="0" bev="0" fileid="5" />
                <SequencePoint vc="15" uspid="118" ordinal="0" offset="1" sl="32" sc="31" el="32" ec="31" bec="0" bev="0" fileid="5" />
                <SequencePoint vc="15" uspid="119" ordinal="0" offset="10" sl="32" sc="50" el="32" ec="50" bec="0" bev="0" fileid="5" />
              </SequencePoints>
              <BranchPoints />
            </Method>
            <Method visited="true" cyclomaticComplexity="0" nPathComplexity="0" sequenceCoverage="100.0" branchCoverage="0" crapScore="0" isConstructor="true" isStatic="false" isGetter="false" isSetter="false">
              <Summary numSequencePoints="11" visitedSequencePoints="11" numBranchPoints="0" visitedBranchPoints="0" sequenceCoverage="100.0" branchCoverage="0" maxCyclomaticComplexity="0" minCyclomaticComplexity="0" maxCrapScore="0" minCrapScore="0" visitedClasses="0" numClasses="0" visitedMethods="1" numMethods="1" />
              <MetadataToken>100663314</MetadataToken>
              <Name>ActionVariable::ActionVariable(System.Int32, System.Int32, System.Double, System.String, System.String)</Name>
              <FileRef uid="5" />
              <SequencePoints>
                <SequencePoint vc="84" uspid="123" ordinal="0" offset="0" sl="9" sc="5" el="9" ec="5" bec="0" bev="0" fileid="5" />
                <SequencePoint vc="84" uspid="124" ordinal="0" offset="7" sl="10" sc="5" el="10" ec="5" bec="0" bev="0" fileid="5" />
                <SequencePoint vc="84" uspid="125" ordinal="0" offset="14" sl="11" sc="5" el="11" ec="5" bec="0" bev="0" fileid="5" />
                <SequencePoint vc="84" uspid="126" ordinal="0" offset="29" sl="15" sc="5" el="15" ec="5" bec="0" bev="0" fileid="5" />
                <SequencePoint vc="84" uspid="127" ordinal="0" offset="36" sl="16" sc="5" el="16" ec="5" bec="0" bev="0" fileid="5" />
                <SequencePoint vc="84" uspid="128" ordinal="0" offset="37" sl="17" sc="9" el="17" ec="9" bec="0" bev="0" fileid="5" />
                <SequencePoint vc="84" uspid="129" ordinal="0" offset="44" sl="18" sc="9" el="18" ec="9" bec="0" bev="0" fileid="5" />
                <SequencePoint vc="84" uspid="130" ordinal="0" offset="51" sl="19" sc="9" el="19" ec="9" bec="0" bev="0" fileid="5" />
                <SequencePoint vc="84" uspid="131" ordinal="0" offset="58" sl="20" sc="9" el="20" ec="9" bec="0" bev="0" fileid="5" />
                <SequencePoint vc="84" uspid="132" ordinal="0" offset="66" sl="21" sc="9" el="21" ec="9" bec="0" bev="0" fileid="5" />
                <SequencePoint vc="84" uspid="133" ordinal="0" offset="74" sl="22" sc="5" el="22" ec="5" bec="0" bev="0" fileid="5" />
              </SequencePoints>
              <BranchPoints />
            </Method>
          </Methods>
        </Class>
        <Class>
          <Summary numSequencePoints="190" visitedSequencePoints="173" numBranchPoints="0" visitedBranchPoints="0" sequenceCoverage="91.05" branchCoverage="0.0" maxCyclomaticComplexity="0" minCyclomaticComplexity="0" maxCrapScore="0" minCrapScore="0" visitedClasses="1" numClasses="1" visitedMethods="14" numMethods="14" />
          <FullName>daily_action_storage</FullName>
          <Methods>
            <Method visited="true" cyclomaticComplexity="0" nPathComplexity="0" sequenceCoverage="100.0" branchCoverage="0" crapScore="0" isConstructor="false" isStatic="false" isGetter="false" isSetter="false">
              <Summary numSequencePoints="17" visitedSequencePoints="17" numBranchPoints="0" visitedBranchPoints="0" sequenceCoverage="100.0" branchCoverage="0" maxCyclomaticComplexity="0" minCyclomaticComplexity="0" maxCrapScore="0" minCrapScore="0" visitedClasses="0" numClasses="0" visitedMethods="1" numMethods="1" />
              <MetadataToken>100663321</MetadataToken>
              <Name>System.Void daily_action_storage::Awake()</Name>
              <FileRef uid="5" />
              <SequencePoints>
                <SequencePoint vc="1" uspid="134" ordinal="0" offset="0" sl="70" sc="5" el="70" ec="5" bec="0" bev="0" fileid="5" />
                <SequencePoint vc="1" uspid="135" ordinal="0" offset="1" sl="72" sc="9" el="72" ec="9" bec="0" bev="0" fileid="5" />
                <SequencePoint vc="1" uspid="136" ordinal="0" offset="13" sl="73" sc="9" el="73" ec="9" bec="0" bev="0" fileid="5" />
                <SequencePoint vc="1" uspid="137" ordinal="0" offset="37" sl="74" sc="9" el="74" ec="9" bec="0" bev="0" fileid="5" />
                <SequencePoint vc="1" uspid="138" ordinal="0" offset="58" sl="75" sc="9" el="75" ec="9" bec="0" bev="0" fileid="5" />
                <SequencePoint vc="1" uspid="139" ordinal="0" offset="65" sl="78" sc="9" el="78" ec="9" bec="0" bev="0" fileid="5" />
                <SequencePoint vc="1" uspid="140" ordinal="0" offset="76" sl="81" sc="9" el="81" ec="9" bec="0" bev="0" fileid="5" />
                <SequencePoint vc="1" uspid="141" ordinal="0" offset="97" sl="82" sc="9" el="82" ec="9" bec="0" bev="0" fileid="5" />
                <SequencePoint vc="1" uspid="142" ordinal="0" offset="118" sl="83" sc="9" el="83" ec="9" bec="0" bev="0" fileid="5" />
                <SequencePoint vc="1" uspid="143" ordinal="0" offset="139" sl="84" sc="9" el="84" ec="9" bec="0" bev="0" fileid="5" />
                <SequencePoint vc="1" uspid="144" ordinal="0" offset="160" sl="85" sc="9" el="85" ec="9" bec="0" bev="0" fileid="5" />
                <SequencePoint vc="1" uspid="145" ordinal="0" offset="181" sl="86" sc="9" el="86" ec="9" bec="0" bev="0" fileid="5" />
                <SequencePoint vc="1" uspid="146" ordinal="0" offset="202" sl="88" sc="9" el="88" ec="9" bec="0" bev="0" fileid="5" />
                <SequencePoint vc="1" uspid="147" ordinal="0" offset="223" sl="89" sc="9" el="89" ec="9" bec="0" bev="0" fileid="5" />
                <SequencePoint vc="1" uspid="148" ordinal="0" offset="244" sl="90" sc="9" el="90" ec="9" bec="0" bev="0" fileid="5" />
                <SequencePoint vc="1" uspid="149" ordinal="0" offset="265" sl="91" sc="9" el="91" ec="9" bec="0" bev="0" fileid="5" />
                <SequencePoint vc="1" uspid="150" ordinal="0" offset="286" sl="92" sc="5" el="92" ec="5" bec="0" bev="0" fileid="5" />
              </SequencePoints>
              <BranchPoints />
            </Method>
            <Method visited="true" cyclomaticComplexity="0" nPathComplexity="0" sequenceCoverage="100.0" branchCoverage="0" crapScore="0" isConstructor="false" isStatic="false" isGetter="false" isSetter="false">
              <Summary numSequencePoints="6" visitedSequencePoints="6" numBranchPoints="0" visitedBranchPoints="0" sequenceCoverage="100.0" branchCoverage="0" maxCyclomaticComplexity="0" minCyclomaticComplexity="0" maxCrapScore="0" minCrapScore="0" visitedClasses="0" numClasses="0" visitedMethods="1" numMethods="1" />
              <MetadataToken>100663322</MetadataToken>
              <Name>System.Void daily_action_storage::Start()</Name>
              <FileRef uid="5" />
              <SequencePoints>
                <SequencePoint vc="1" uspid="151" ordinal="0" offset="0" sl="96" sc="5" el="96" ec="5" bec="0" bev="0" fileid="5" />
                <SequencePoint vc="1" uspid="152" ordinal="0" offset="1" sl="97" sc="9" el="97" ec="9" bec="0" bev="0" fileid="5" />
                <SequencePoint vc="1" uspid="153" ordinal="0" offset="675" sl="127" sc="9" el="127" ec="9" bec="0" bev="0" fileid="5" />
                <SequencePoint vc="1" uspid="154" ordinal="0" offset="686" sl="129" sc="9" el="129" ec="9" bec="0" bev="0" fileid="5" />
                <SequencePoint vc="1" uspid="155" ordinal="0" offset="865" sl="151" sc="9" el="151" ec="9" bec="0" bev="0" fileid="5" />
                <SequencePoint vc="1" uspid="156" ordinal="0" offset="874" sl="152" sc="5" el="152" ec="5" bec="0" bev="0" fileid="5" />
              </SequencePoints>
              <BranchPoints />
            </Method>
            <Method visited="true" cyclomaticComplexity="0" nPathComplexity="0" sequenceCoverage="100.0" branchCoverage="0" crapScore="0" isConstructor="false" isStatic="false" isGetter="false" isSetter="false">
              <Summary numSequencePoints="5" visitedSequencePoints="5" numBranchPoints="0" visitedBranchPoints="0" sequenceCoverage="100.0" branchCoverage="0" maxCyclomaticComplexity="0" minCyclomaticComplexity="0" maxCrapScore="0" minCrapScore="0" visitedClasses="0" numClasses="0" visitedMethods="1" numMethods="1" />
              <MetadataToken>100663323</MetadataToken>
              <Name>System.Int32 daily_action_storage::RandomTimeBig()</Name>
              <FileRef uid="5" />
              <SequencePoints>
                <SequencePoint vc="36" uspid="157" ordinal="0" offset="0" sl="155" sc="5" el="155" ec="5" bec="0" bev="0" fileid="5" />
                <SequencePoint vc="36" uspid="158" ordinal="0" offset="1" sl="158" sc="9" el="158" ec="9" bec="0" bev="0" fileid="5" />
                <SequencePoint vc="36" uspid="159" ordinal="0" offset="17" sl="159" sc="9" el="159" ec="9" bec="0" bev="0" fileid="5" />
                <SequencePoint vc="36" uspid="160" ordinal="0" offset="21" sl="160" sc="9" el="160" ec="9" bec="0" bev="0" fileid="5" />
                <SequencePoint vc="36" uspid="161" ordinal="0" offset="25" sl="161" sc="5" el="161" ec="5" bec="0" bev="0" fileid="5" />
              </SequencePoints>
              <BranchPoints />
            </Method>
            <Method visited="true" cyclomaticComplexity="0" nPathComplexity="0" sequenceCoverage="100.0" branchCoverage="0" crapScore="0" isConstructor="false" isStatic="false" isGetter="false" isSetter="false">
              <Summary numSequencePoints="5" visitedSequencePoints="5" numBranchPoints="0" visitedBranchPoints="0" sequenceCoverage="100.0" branchCoverage="0" maxCyclomaticComplexity="0" minCyclomaticComplexity="0" maxCrapScore="0" minCrapScore="0" visitedClasses="0" numClasses="0" visitedMethods="1" numMethods="1" />
              <MetadataToken>100663324</MetadataToken>
              <Name>System.Int32 daily_action_storage::RandomTimeSmall()</Name>
              <FileRef uid="5" />
              <SequencePoints>
                <SequencePoint vc="18" uspid="162" ordinal="0" offset="0" sl="164" sc="5" el="164" ec="5" bec="0" bev="0" fileid="5" />
                <SequencePoint vc="18" uspid="163" ordinal="0" offset="1" sl="167" sc="9" el="167" ec="9" bec="0" bev="0" fileid="5" />
                <SequencePoint vc="18" uspid="164" ordinal="0" offset="16" sl="168" sc="9" el="168" ec="9" bec="0" bev="0" fileid="5" />
                <SequencePoint vc="18" uspid="165" ordinal="0" offset="20" sl="169" sc="9" el="169" ec="9" bec="0" bev="0" fileid="5" />
                <SequencePoint vc="18" uspid="166" ordinal="0" offset="24" sl="170" sc="5" el="170" ec="5" bec="0" bev="0" fileid="5" />
              </SequencePoints>
              <BranchPoints />
            </Method>
            <Method visited="true" cyclomaticComplexity="0" nPathComplexity="0" sequenceCoverage="60.00" branchCoverage="0" crapScore="0" isConstructor="false" isStatic="false" isGetter="false" isSetter="false">
              <Summary numSequencePoints="10" visitedSequencePoints="6" numBranchPoints="0" visitedBranchPoints="0" sequenceCoverage="60.00" branchCoverage="0" maxCyclomaticComplexity="0" minCyclomaticComplexity="0" maxCrapScore="0" minCrapScore="0" visitedClasses="0" numClasses="0" visitedMethods="1" numMethods="1" />
              <MetadataToken>100663325</MetadataToken>
              <Name>System.Int32 daily_action_storage::RandomWellness()</Name>
              <FileRef uid="5" />
              <SequencePoints>
                <SequencePoint vc="18" uspid="167" ordinal="0" offset="0" sl="173" sc="5" el="173" ec="5" bec="0" bev="0" fileid="5" />
                <SequencePoint vc="18" uspid="168" ordinal="0" offset="1" sl="176" sc="9" el="176" ec="9" bec="0" bev="0" fileid="5" />
                <SequencePoint vc="18" uspid="169" ordinal="0" offset="15" sl="177" sc="9" el="177" ec="9" bec="0" bev="0" fileid="5" />
                <SequencePoint vc="18" uspid="170" ordinal="0" offset="23" sl="178" sc="9" el="178" ec="9" bec="0" bev="0" fileid="5" />
                <SequencePoint vc="18" uspid="171" ordinal="0" offset="24" sl="179" sc="13" el="179" ec="13" bec="0" bev="0" fileid="5" />
                <SequencePoint vc="0" uspid="172" ordinal="0" offset="29" sl="181" sc="9" el="181" ec="9" bec="0" bev="0" fileid="5" />
                <SequencePoint vc="0" uspid="173" ordinal="0" offset="37" sl="181" sc="32" el="181" ec="32" bec="0" bev="0" fileid="5" />
                <SequencePoint vc="0" uspid="174" ordinal="0" offset="38" sl="182" sc="13" el="182" ec="13" bec="0" bev="0" fileid="5" />
                <SequencePoint vc="0" uspid="175" ordinal="0" offset="43" sl="184" sc="9" el="184" ec="9" bec="0" bev="0" fileid="5" />
                <SequencePoint vc="18" uspid="176" ordinal="0" offset="47" sl="185" sc="5" el="185" ec="5" bec="0" bev="0" fileid="5" />
              </SequencePoints>
              <BranchPoints />
            </Method>
            <Method visited="true" cyclomaticComplexity="0" nPathComplexity="0" sequenceCoverage="100.0" branchCoverage="0" crapScore="0" isConstructor="false" isStatic="false" isGetter="false" isSetter="false">
              <Summary numSequencePoints="6" visitedSequencePoints="6" numBranchPoints="0" visitedBranchPoints="0" sequenceCoverage="100.0" branchCoverage="0" maxCyclomaticComplexity="0" minCyclomaticComplexity="0" maxCrapScore="0" minCrapScore="0" visitedClasses="0" numClasses="0" visitedMethods="1" numMethods="1" />
              <MetadataToken>100663326</MetadataToken>
              <Name>System.Int32 daily_action_storage::getMaxTimesPerDay(System.String)</Name>
              <FileRef uid="5" />
              <SequencePoints>
                <SequencePoint vc="47" uspid="177" ordinal="0" offset="0" sl="188" sc="5" el="188" ec="5" bec="0" bev="0" fileid="5" />
                <SequencePoint vc="47" uspid="178" ordinal="0" offset="1" sl="189" sc="9" el="189" ec="9" bec="0" bev="0" fileid="5" />
                <SequencePoint vc="41" uspid="179" ordinal="0" offset="17" sl="190" sc="9" el="190" ec="9" bec="0" bev="0" fileid="5" />
                <SequencePoint vc="41" uspid="180" ordinal="0" offset="18" sl="191" sc="13" el="191" ec="13" bec="0" bev="0" fileid="5" />
                <SequencePoint vc="6" uspid="181" ordinal="0" offset="33" sl="193" sc="9" el="193" ec="9" bec="0" bev="0" fileid="5" />
                <SequencePoint vc="47" uspid="182" ordinal="0" offset="41" sl="194" sc="5" el="194" ec="5" bec="0" bev="0" fileid="5" />
              </SequencePoints>
              <BranchPoints />
            </Method>
            <Method visited="true" cyclomaticComplexity="0" nPathComplexity="0" sequenceCoverage="100.0" branchCoverage="0" crapScore="0" isConstructor="false" isStatic="false" isGetter="false" isSetter="false">
              <Summary numSequencePoints="7" visitedSequencePoints="7" numBranchPoints="0" visitedBranchPoints="0" sequenceCoverage="100.0" branchCoverage="0" maxCyclomaticComplexity="0" minCyclomaticComplexity="0" maxCrapScore="0" minCrapScore="0" visitedClasses="0" numClasses="0" visitedMethods="1" numMethods="1" />
              <MetadataToken>100663327</MetadataToken>
              <Name>System.Int32 daily_action_storage::getCurrentTimesPerDay(System.String)</Name>
              <FileRef uid="5" />
              <SequencePoints>
                <SequencePoint vc="47" uspid="183" ordinal="0" offset="0" sl="198" sc="5" el="198" ec="5" bec="0" bev="0" fileid="5" />
                <SequencePoint vc="47" uspid="184" ordinal="0" offset="1" sl="199" sc="9" el="199" ec="9" bec="0" bev="0" fileid="5" />
                <SequencePoint vc="37" uspid="185" ordinal="0" offset="17" sl="200" sc="9" el="200" ec="9" bec="0" bev="0" fileid="5" />
                <SequencePoint vc="37" uspid="186" ordinal="0" offset="18" sl="201" sc="13" el="201" ec="13" bec="0" bev="0" fileid="5" />
                <SequencePoint vc="10" uspid="187" ordinal="0" offset="33" sl="204" sc="9" el="204" ec="9" bec="0" bev="0" fileid="5" />
                <SequencePoint vc="10" uspid="188" ordinal="0" offset="47" sl="205" sc="9" el="205" ec="9" bec="0" bev="0" fileid="5" />
                <SequencePoint vc="47" uspid="189" ordinal="0" offset="51" sl="206" sc="5" el="206" ec="5" bec="0" bev="0" fileid="5" />
              </SequencePoints>
              <BranchPoints />
            </Method>
            <Method visited="true" cyclomaticComplexity="0" nPathComplexity="0" sequenceCoverage="100.0" branchCoverage="0" crapScore="0" isConstructor="false" isStatic="false" isGetter="false" isSetter="false">
              <Summary numSequencePoints="6" visitedSequencePoints="6" numBranchPoints="0" visitedBranchPoints="0" sequenceCoverage="100.0" branchCoverage="0" maxCyclomaticComplexity="0" minCyclomaticComplexity="0" maxCrapScore="0" minCrapScore="0" visitedClasses="0" numClasses="0" visitedMethods="1" numMethods="1" />
              <MetadataToken>100663328</MetadataToken>
              <Name>System.Void daily_action_storage::updateTimesPerDay(System.String)</Name>
              <FileRef uid="5" />
              <SequencePoints>
                <SequencePoint vc="15" uspid="190" ordinal="0" offset="0" sl="209" sc="5" el="209" ec="5" bec="0" bev="0" fileid="5" />
                <SequencePoint vc="15" uspid="191" ordinal="0" offset="1" sl="210" sc="9" el="210" ec="9" bec="0" bev="0" fileid="5" />
                <SequencePoint vc="15" uspid="192" ordinal="0" offset="21" sl="211" sc="9" el="211" ec="9" bec="0" bev="0" fileid="5" />
                <SequencePoint vc="15" uspid="193" ordinal="0" offset="22" sl="212" sc="13" el="212" ec="13" bec="0" bev="0" fileid="5" />
                <SequencePoint vc="15" uspid="194" ordinal="0" offset="48" sl="213" sc="9" el="213" ec="9" bec="0" bev="0" fileid="5" />
                <SequencePoint vc="15" uspid="195" ordinal="0" offset="49" sl="214" sc="5" el="214" ec="5" bec="0" bev="0" fileid="5" />
              </SequencePoints>
              <BranchPoints />
            </Method>
            <Method visited="true" cyclomaticComplexity="0" nPathComplexity="0" sequenceCoverage="73.33" branchCoverage="0" crapScore="0" isConstructor="false" isStatic="false" isGetter="false" isSetter="false">
              <Summary numSequencePoints="15" visitedSequencePoints="11" numBranchPoints="0" visitedBranchPoints="0" sequenceCoverage="73.33" branchCoverage="0" maxCyclomaticComplexity="0" minCyclomaticComplexity="0" maxCrapScore="0" minCrapScore="0" visitedClasses="0" numClasses="0" visitedMethods="1" numMethods="1" />
              <MetadataToken>100663329</MetadataToken>
              <Name>System.Void daily_action_storage::resetTimesPerDay()</Name>
              <FileRef uid="5" />
              <SequencePoints>
                <SequencePoint vc="15" uspid="196" ordinal="0" offset="0" sl="219" sc="5" el="219" ec="5" bec="0" bev="0" fileid="5" />
                <SequencePoint vc="15" uspid="197" ordinal="0" offset="1" sl="220" sc="9" el="220" ec="9" bec="0" bev="0" fileid="5" />
                <SequencePoint vc="1" uspid="198" ordinal="0" offset="27" sl="221" sc="9" el="221" ec="9" bec="0" bev="0" fileid="5" />
                <SequencePoint vc="1" uspid="199" ordinal="0" offset="28" sl="222" sc="13" el="222" ec="13" bec="0" bev="0" fileid="5" />
                <SequencePoint vc="1" uspid="200" ordinal="0" offset="40" sl="223" sc="13" el="223" ec="13" bec="0" bev="0" fileid="5" />
                <SequencePoint vc="1" uspid="201" ordinal="0" offset="41" sl="223" sc="61" el="223" ec="61" bec="0" bev="0" fileid="5" />
                <SequencePoint vc="0" uspid="202" ordinal="0" offset="55" sl="223" sc="22" el="223" ec="22" bec="0" bev="0" fileid="5" />
                <SequencePoint vc="0" uspid="203" ordinal="0" offset="63" sl="224" sc="13" el="224" ec="13" bec="0" bev="0" fileid="5" />
                <SequencePoint vc="0" uspid="204" ordinal="0" offset="64" sl="225" sc="17" el="225" ec="17" bec="0" bev="0" fileid="5" />
                <SequencePoint vc="0" uspid="205" ordinal="0" offset="78" sl="226" sc="13" el="226" ec="13" bec="0" bev="0" fileid="5" />
                <SequencePoint vc="1" uspid="206" ordinal="0" offset="79" sl="223" sc="58" el="223" ec="58" bec="0" bev="0" fileid="5" />
                <SequencePoint vc="1" uspid="207" ordinal="0" offset="105" sl="227" sc="13" el="227" ec="13" bec="0" bev="0" fileid="5" />
                <SequencePoint vc="1" uspid="208" ordinal="0" offset="117" sl="228" sc="9" el="228" ec="9" bec="0" bev="0" fileid="5" />
                <SequencePoint vc="15" uspid="209" ordinal="0" offset="118" sl="229" sc="9" el="229" ec="9" bec="0" bev="0" fileid="5" />
                <SequencePoint vc="15" uspid="210" ordinal="0" offset="135" sl="230" sc="5" el="230" ec="5" bec="0" bev="0" fileid="5" />
              </SequencePoints>
              <BranchPoints />
            </Method>
            <Method visited="true" cyclomaticComplexity="0" nPathComplexity="0" sequenceCoverage="100.0" branchCoverage="0" crapScore="0" isConstructor="false" isStatic="false" isGetter="false" isSetter="false">
              <Summary numSequencePoints="25" visitedSequencePoints="25" numBranchPoints="0" visitedBranchPoints="0" sequenceCoverage="100.0" branchCoverage="0" maxCyclomaticComplexity="0" minCyclomaticComplexity="0" maxCrapScore="0" minCrapScore="0" visitedClasses="0" numClasses="0" visitedMethods="1" numMethods="1" />
              <MetadataToken>100663330</MetadataToken>
              <Name>System.Void daily_action_storage::notInteractable(System.String, System.String)</Name>
              <FileRef uid="5" />
              <SequencePoints>
                <SequencePoint vc="5" uspid="211" ordinal="0" offset="0" sl="234" sc="5" el="234" ec="5" bec="0" bev="0" fileid="5" />
                <SequencePoint vc="5" uspid="212" ordinal="0" offset="1" sl="235" sc="9" el="235" ec="9" bec="0" bev="0" fileid="5" />
                <SequencePoint vc="1" uspid="213" ordinal="0" offset="16" sl="236" sc="9" el="236" ec="9" bec="0" bev="0" fileid="5" />
                <SequencePoint vc="1" uspid="214" ordinal="0" offset="17" sl="237" sc="13" el="237" ec="13" bec="0" bev="0" fileid="5" />
                <SequencePoint vc="1" uspid="215" ordinal="0" offset="30" sl="238" sc="13" el="238" ec="13" bec="0" bev="0" fileid="5" />
                <SequencePoint vc="1" uspid="216" ordinal="0" offset="43" sl="240" sc="13" el="240" ec="13" bec="0" bev="0" fileid="5" />
                <SequencePoint vc="1" uspid="217" ordinal="0" offset="66" sl="241" sc="13" el="241" ec="13" bec="0" bev="0" fileid="5" />
                <SequencePoint vc="1" uspid="218" ordinal="0" offset="89" sl="242" sc="9" el="242" ec="9" bec="0" bev="0" fileid="5" />
                <SequencePoint vc="4" uspid="219" ordinal="0" offset="95" sl="243" sc="14" el="243" ec="14" bec="0" bev="0" fileid="5" />
                <SequencePoint vc="1" uspid="220" ordinal="0" offset="113" sl="244" sc="9" el="244" ec="9" bec="0" bev="0" fileid="5" />
                <SequencePoint vc="1" uspid="221" ordinal="0" offset="114" sl="245" sc="13" el="245" ec="13" bec="0" bev="0" fileid="5" />
                <SequencePoint vc="1" uspid="222" ordinal="0" offset="127" sl="246" sc="13" el="246" ec="13" bec="0" bev="0" fileid="5" />
                <SequencePoint vc="1" uspid="223" ordinal="0" offset="140" sl="247" sc="13" el="247" ec="13" bec="0" bev="0" fileid="5" />
                <SequencePoint vc="1" uspid="224" ordinal="0" offset="153" sl="248" sc="13" el="248" ec="13" bec="0" bev="0" fileid="5" />
                <SequencePoint vc="1" uspid="225" ordinal="0" offset="166" sl="250" sc="13" el="250" ec="13" bec="0" bev="0" fileid="5" />
                <SequencePoint vc="1" uspid="226" ordinal="0" offset="189" sl="251" sc="13" el="251" ec="13" bec="0" bev="0" fileid="5" />
                <SequencePoint vc="1" uspid="227" ordinal="0" offset="212" sl="252" sc="13" el="252" ec="13" bec="0" bev="0" fileid="5" />
                <SequencePoint vc="1" uspid="228" ordinal="0" offset="235" sl="253" sc="13" el="253" ec="13" bec="0" bev="0" fileid="5" />
                <SequencePoint vc="1" uspid="229" ordinal="0" offset="258" sl="254" sc="9" el="254" ec="9" bec="0" bev="0" fileid="5" />
                <SequencePoint vc="3" uspid="230" ordinal="0" offset="261" sl="256" sc="9" el="256" ec="9" bec="0" bev="0" fileid="5" />
                <SequencePoint vc="3" uspid="231" ordinal="0" offset="262" sl="257" sc="13" el="257" ec="13" bec="0" bev="0" fileid="5" />
                <SequencePoint vc="3" uspid="232" ordinal="0" offset="274" sl="258" sc="13" el="258" ec="13" bec="0" bev="0" fileid="5" />
                <SequencePoint vc="3" uspid="233" ordinal="0" offset="282" sl="259" sc="13" el="259" ec="13" bec="0" bev="0" fileid="5" />
                <SequencePoint vc="3" uspid="234" ordinal="0" offset="296" sl="260" sc="9" el="260" ec="9" bec="0" bev="0" fileid="5" />
                <SequencePoint vc="5" uspid="235" ordinal="0" offset="297" sl="261" sc="5" el="261" ec="5" bec="0" bev="0" fileid="5" />
              </SequencePoints>
              <BranchPoints />
            </Method>
            <Method visited="true" cyclomaticComplexity="0" nPathComplexity="0" sequenceCoverage="100.0" branchCoverage="0" crapScore="0" isConstructor="false" isStatic="false" isGetter="false" isSetter="false">
              <Summary numSequencePoints="34" visitedSequencePoints="34" numBranchPoints="0" visitedBranchPoints="0" sequenceCoverage="100.0" branchCoverage="0" maxCyclomaticComplexity="0" minCyclomaticComplexity="0" maxCrapScore="0" minCrapScore="0" visitedClasses="0" numClasses="0" visitedMethods="1" numMethods="1" />
              <MetadataToken>100663331</MetadataToken>
              <Name>System.Void daily_action_storage::toggleButtons(System.Int32, System.Int32)</Name>
              <FileRef uid="5" />
              <SequencePoints>
                <SequencePoint vc="70" uspid="236" ordinal="0" offset="0" sl="264" sc="5" el="264" ec="5" bec="0" bev="0" fileid="5" />
                <SequencePoint vc="70" uspid="237" ordinal="0" offset="1" sl="265" sc="9" el="265" ec="9" bec="0" bev="0" fileid="5" />
                <SequencePoint vc="57" uspid="238" ordinal="0" offset="16" sl="266" sc="9" el="266" ec="9" bec="0" bev="0" fileid="5" />
                <SequencePoint vc="57" uspid="239" ordinal="0" offset="17" sl="267" sc="13" el="267" ec="13" bec="0" bev="0" fileid="5" />
                <SequencePoint vc="57" uspid="240" ordinal="0" offset="30" sl="268" sc="13" el="268" ec="13" bec="0" bev="0" fileid="5" />
                <SequencePoint vc="57" uspid="241" ordinal="0" offset="43" sl="270" sc="9" el="270" ec="9" bec="0" bev="0" fileid="5" />
                <SequencePoint vc="13" uspid="242" ordinal="0" offset="46" sl="272" sc="9" el="272" ec="9" bec="0" bev="0" fileid="5" />
                <SequencePoint vc="13" uspid="243" ordinal="0" offset="47" sl="273" sc="13" el="273" ec="13" bec="0" bev="0" fileid="5" />
                <SequencePoint vc="13" uspid="244" ordinal="0" offset="60" sl="274" sc="13" el="274" ec="13" bec="0" bev="0" fileid="5" />
                <SequencePoint vc="13" uspid="245" ordinal="0" offset="73" sl="275" sc="9" el="275" ec="9" bec="0" bev="0" fileid="5" />
                <SequencePoint vc="70" uspid="246" ordinal="0" offset="74" sl="277" sc="9" el="277" ec="9" bec="0" bev="0" fileid="5" />
                <SequencePoint vc="29" uspid="247" ordinal="0" offset="89" sl="278" sc="9" el="278" ec="9" bec="0" bev="0" fileid="5" />
                <SequencePoint vc="29" uspid="248" ordinal="0" offset="90" sl="279" sc="13" el="279" ec="13" bec="0" bev="0" fileid="5" />
                <SequencePoint vc="29" uspid="249" ordinal="0" offset="103" sl="280" sc="13" el="280" ec="13" bec="0" bev="0" fileid="5" />
                <SequencePoint vc="29" uspid="250" ordinal="0" offset="116" sl="281" sc="9" el="281" ec="9" bec="0" bev="0" fileid="5" />
                <SequencePoint vc="41" uspid="251" ordinal="0" offset="119" sl="283" sc="9" el="283" ec="9" bec="0" bev="0" fileid="5" />
                <SequencePoint vc="41" uspid="252" ordinal="0" offset="120" sl="284" sc="13" el="284" ec="13" bec="0" bev="0" fileid="5" />
                <SequencePoint vc="41" uspid="253" ordinal="0" offset="133" sl="285" sc="13" el="285" ec="13" bec="0" bev="0" fileid="5" />
                <SequencePoint vc="41" uspid="254" ordinal="0" offset="146" sl="286" sc="9" el="286" ec="9" bec="0" bev="0" fileid="5" />
                <SequencePoint vc="70" uspid="255" ordinal="0" offset="147" sl="288" sc="9" el="288" ec="9" bec="0" bev="0" fileid="5" />
                <SequencePoint vc="25" uspid="256" ordinal="0" offset="185" sl="289" sc="9" el="289" ec="9" bec="0" bev="0" fileid="5" />
                <SequencePoint vc="25" uspid="257" ordinal="0" offset="186" sl="290" sc="13" el="290" ec="13" bec="0" bev="0" fileid="5" />
                <SequencePoint vc="25" uspid="258" ordinal="0" offset="199" sl="291" sc="9" el="291" ec="9" bec="0" bev="0" fileid="5" />
                <SequencePoint vc="45" uspid="259" ordinal="0" offset="202" sl="293" sc="9" el="293" ec="9" bec="0" bev="0" fileid="5" />
                <SequencePoint vc="45" uspid="260" ordinal="0" offset="203" sl="294" sc="13" el="294" ec="13" bec="0" bev="0" fileid="5" />
                <SequencePoint vc="45" uspid="261" ordinal="0" offset="216" sl="295" sc="9" el="295" ec="9" bec="0" bev="0" fileid="5" />
                <SequencePoint vc="70" uspid="262" ordinal="0" offset="217" sl="297" sc="9" el="297" ec="9" bec="0" bev="0" fileid="5" />
                <SequencePoint vc="1" uspid="263" ordinal="0" offset="255" sl="298" sc="9" el="298" ec="9" bec="0" bev="0" fileid="5" />
                <SequencePoint vc="1" uspid="264" ordinal="0" offset="256" sl="299" sc="13" el="299" ec="13" bec="0" bev="0" fileid="5" />
                <SequencePoint vc="1" uspid="265" ordinal="0" offset="269" sl="300" sc="9" el="300" ec="9" bec="0" bev="0" fileid="5" />
                <SequencePoint vc="69" uspid="266" ordinal="0" offset="272" sl="302" sc="9" el="302" ec="9" bec="0" bev="0" fileid="5" />
                <SequencePoint vc="69" uspid="267" ordinal="0" offset="273" sl="303" sc="13" el="303" ec="13" bec="0" bev="0" fileid="5" />
                <SequencePoint vc="69" uspid="268" ordinal="0" offset="286" sl="304" sc="9" el="304" ec="9" bec="0" bev="0" fileid="5" />
                <SequencePoint vc="70" uspid="269" ordinal="0" offset="287" sl="306" sc="5" el="306" ec="5" bec="0" bev="0" fileid="5" />
              </SequencePoints>
              <BranchPoints />
            </Method>
            <Method visited="true" cyclomaticComplexity="0" nPathComplexity="0" sequenceCoverage="80.85" branchCoverage="0" crapScore="0" isConstructor="false" isStatic="false" isGetter="false" isSetter="false">
              <Summary numSequencePoints="47" visitedSequencePoints="38" numBranchPoints="0" visitedBranchPoints="0" sequenceCoverage="80.85" branchCoverage="0" maxCyclomaticComplexity="0" minCyclomaticComplexity="0" maxCrapScore="0" minCrapScore="0" visitedClasses="0" numClasses="0" visitedMethods="1" numMethods="1" />
              <MetadataToken>100663332</MetadataToken>
              <Name>System.Void daily_action_storage::doAction(System.String)</Name>
              <FileRef uid="5" />
              <SequencePoints>
                <SequencePoint vc="17" uspid="270" ordinal="0" offset="0" sl="309" sc="5" el="309" ec="5" bec="0" bev="0" fileid="5" />
                <SequencePoint vc="17" uspid="271" ordinal="0" offset="1" sl="311" sc="9" el="311" ec="9" bec="0" bev="0" fileid="5" />
                <SequencePoint vc="17" uspid="272" ordinal="0" offset="8" sl="313" sc="9" el="313" ec="9" bec="0" bev="0" fileid="5" />
                <SequencePoint vc="17" uspid="273" ordinal="0" offset="21" sl="314" sc="9" el="314" ec="9" bec="0" bev="0" fileid="5" />
                <SequencePoint vc="17" uspid="274" ordinal="0" offset="28" sl="316" sc="9" el="316" ec="9" bec="0" bev="0" fileid="5" />
                <SequencePoint vc="15" uspid="275" ordinal="0" offset="51" sl="317" sc="9" el="317" ec="9" bec="0" bev="0" fileid="5" />
                <SequencePoint vc="15" uspid="276" ordinal="0" offset="52" sl="318" sc="13" el="318" ec="13" bec="0" bev="0" fileid="5" />
                <SequencePoint vc="15" uspid="277" ordinal="0" offset="60" sl="322" sc="13" el="322" ec="13" bec="0" bev="0" fileid="5" />
                <SequencePoint vc="3" uspid="278" ordinal="0" offset="80" sl="323" sc="13" el="323" ec="13" bec="0" bev="0" fileid="5" />
                <SequencePoint vc="3" uspid="279" ordinal="0" offset="81" sl="324" sc="17" el="324" ec="17" bec="0" bev="0" fileid="5" />
                <SequencePoint vc="3" uspid="280" ordinal="0" offset="98" sl="325" sc="13" el="325" ec="13" bec="0" bev="0" fileid="5" />
                <SequencePoint vc="12" uspid="281" ordinal="0" offset="104" sl="326" sc="18" el="326" ec="18" bec="0" bev="0" fileid="5" />
                <SequencePoint vc="3" uspid="282" ordinal="0" offset="126" sl="327" sc="13" el="327" ec="13" bec="0" bev="0" fileid="5" />
                <SequencePoint vc="3" uspid="283" ordinal="0" offset="127" sl="328" sc="17" el="328" ec="17" bec="0" bev="0" fileid="5" />
                <SequencePoint vc="3" uspid="284" ordinal="0" offset="144" sl="329" sc="13" el="329" ec="13" bec="0" bev="0" fileid="5" />
                <SequencePoint vc="9" uspid="285" ordinal="0" offset="150" sl="330" sc="18" el="330" ec="18" bec="0" bev="0" fileid="5" />
                <SequencePoint vc="0" uspid="286" ordinal="0" offset="172" sl="331" sc="13" el="331" ec="13" bec="0" bev="0" fileid="5" />
                <SequencePoint vc="0" uspid="287" ordinal="0" offset="173" sl="332" sc="17" el="332" ec="17" bec="0" bev="0" fileid="5" />
                <SequencePoint vc="0" uspid="288" ordinal="0" offset="190" sl="333" sc="13" el="333" ec="13" bec="0" bev="0" fileid="5" />
                <SequencePoint vc="9" uspid="289" ordinal="0" offset="196" sl="334" sc="18" el="334" ec="18" bec="0" bev="0" fileid="5" />
                <SequencePoint vc="1" uspid="290" ordinal="0" offset="218" sl="335" sc="13" el="335" ec="13" bec="0" bev="0" fileid="5" />
                <SequencePoint vc="1" uspid="291" ordinal="0" offset="219" sl="336" sc="17" el="336" ec="17" bec="0" bev="0" fileid="5" />
                <SequencePoint vc="1" uspid="292" ordinal="0" offset="236" sl="337" sc="13" el="337" ec="13" bec="0" bev="0" fileid="5" />
                <SequencePoint vc="8" uspid="293" ordinal="0" offset="239" sl="338" sc="18" el="338" ec="18" bec="0" bev="0" fileid="5" />
                <SequencePoint vc="0" uspid="294" ordinal="0" offset="261" sl="339" sc="13" el="339" ec="13" bec="0" bev="0" fileid="5" />
                <SequencePoint vc="0" uspid="295" ordinal="0" offset="262" sl="340" sc="17" el="340" ec="17" bec="0" bev="0" fileid="5" />
                <SequencePoint vc="0" uspid="296" ordinal="0" offset="279" sl="341" sc="13" el="341" ec="13" bec="0" bev="0" fileid="5" />
                <SequencePoint vc="8" uspid="297" ordinal="0" offset="282" sl="342" sc="18" el="342" ec="18" bec="0" bev="0" fileid="5" />
                <SequencePoint vc="0" uspid="298" ordinal="0" offset="304" sl="343" sc="13" el="343" ec="13" bec="0" bev="0" fileid="5" />
                <SequencePoint vc="0" uspid="299" ordinal="0" offset="305" sl="344" sc="17" el="344" ec="17" bec="0" bev="0" fileid="5" />
                <SequencePoint vc="0" uspid="300" ordinal="0" offset="322" sl="345" sc="13" el="345" ec="13" bec="0" bev="0" fileid="5" />
                <SequencePoint vc="8" uspid="301" ordinal="0" offset="325" sl="346" sc="18" el="346" ec="18" bec="0" bev="0" fileid="5" />
                <SequencePoint vc="1" uspid="302" ordinal="0" offset="347" sl="347" sc="13" el="347" ec="13" bec="0" bev="0" fileid="5" />
                <SequencePoint vc="1" uspid="303" ordinal="0" offset="348" sl="348" sc="17" el="348" ec="17" bec="0" bev="0" fileid="5" />
                <SequencePoint vc="1" uspid="304" ordinal="0" offset="365" sl="349" sc="13" el="349" ec="13" bec="0" bev="0" fileid="5" />
                <SequencePoint vc="15" uspid="305" ordinal="0" offset="366" sl="352" sc="13" el="352" ec="13" bec="0" bev="0" fileid="5" />
                <SequencePoint vc="15" uspid="306" ordinal="0" offset="379" sl="355" sc="13" el="355" ec="13" bec="0" bev="0" fileid="5" />
                <SequencePoint vc="5" uspid="307" ordinal="0" offset="401" sl="356" sc="13" el="356" ec="13" bec="0" bev="0" fileid="5" />
                <SequencePoint vc="5" uspid="308" ordinal="0" offset="402" sl="357" sc="17" el="357" ec="17" bec="0" bev="0" fileid="5" />
                <SequencePoint vc="5" uspid="309" ordinal="0" offset="411" sl="358" sc="13" el="358" ec="13" bec="0" bev="0" fileid="5" />
                <SequencePoint vc="15" uspid="310" ordinal="0" offset="412" sl="361" sc="13" el="361" ec="13" bec="0" bev="0" fileid="5" />
                <SequencePoint vc="15" uspid="311" ordinal="0" offset="430" sl="362" sc="13" el="362" ec="13" bec="0" bev="0" fileid="5" />
                <SequencePoint vc="15" uspid="312" ordinal="0" offset="448" sl="363" sc="13" el="363" ec="13" bec="0" bev="0" fileid="5" />
                <SequencePoint vc="15" uspid="313" ordinal="0" offset="466" sl="366" sc="13" el="366" ec="13" bec="0" bev="0" fileid="5" />
                <SequencePoint vc="15" uspid="314" ordinal="0" offset="495" sl="369" sc="13" el="369" ec="13" bec="0" bev="0" fileid="5" />
                <SequencePoint vc="15" uspid="315" ordinal="0" offset="502" sl="370" sc="9" el="370" ec="9" bec="0" bev="0" fileid="5" />
                <SequencePoint vc="17" uspid="316" ordinal="0" offset="503" sl="371" sc="5" el="371" ec="5" bec="0" bev="0" fileid="5" />
              </SequencePoints>
              <BranchPoints />
            </Method>
            <Method visited="true" cyclomaticComplexity="0" nPathComplexity="0" sequenceCoverage="100.0" branchCoverage="0" crapScore="0" isConstructor="false" isStatic="false" isGetter="false" isSetter="false">
              <Summary numSequencePoints="6" visitedSequencePoints="6" numBranchPoints="0" visitedBranchPoints="0" sequenceCoverage="100.0" branchCoverage="0" maxCyclomaticComplexity="0" minCyclomaticComplexity="0" maxCrapScore="0" minCrapScore="0" visitedClasses="0" numClasses="0" visitedMethods="1" numMethods="1" />
              <MetadataToken>100663333</MetadataToken>
              <Name>System.Void daily_action_storage::randomizeStats()</Name>
              <FileRef uid="5" />
              <SequencePoints>
                <SequencePoint vc="17" uspid="317" ordinal="0" offset="0" sl="374" sc="5" el="374" ec="5" bec="0" bev="0" fileid="5" />
                <SequencePoint vc="17" uspid="318" ordinal="0" offset="1" sl="376" sc="9" el="376" ec="9" bec="0" bev="0" fileid="5" />
                <SequencePoint vc="17" uspid="319" ordinal="0" offset="61" sl="379" sc="9" el="379" ec="9" bec="0" bev="0" fileid="5" />
                <SequencePoint vc="17" uspid="320" ordinal="0" offset="109" sl="380" sc="9" el="380" ec="9" bec="0" bev="0" fileid="5" />
                <SequencePoint vc="17" uspid="321" ordinal="0" offset="162" sl="381" sc="9" el="381" ec="9" bec="0" bev="0" fileid="5" />
                <SequencePoint vc="17" uspid="322" ordinal="0" offset="210" sl="382" sc="5" el="382" ec="5" bec="0" bev="0" fileid="5" />
              </SequencePoints>
              <BranchPoints />
            </Method>
            <Method visited="true" cyclomaticComplexity="0" nPathComplexity="0" sequenceCoverage="100.0" branchCoverage="0" crapScore="0" isConstructor="true" isStatic="false" isGetter="false" isSetter="false">
              <Summary numSequencePoints="1" visitedSequencePoints="1" numBranchPoints="0" visitedBranchPoints="0" sequenceCoverage="100.0" branchCoverage="0" maxCyclomaticComplexity="0" minCyclomaticComplexity="0" maxCrapScore="0" minCrapScore="0" visitedClasses="0" numClasses="0" visitedMethods="1" numMethods="1" />
              <MetadataToken>100663334</MetadataToken>
              <Name>daily_action_storage::daily_action_storage()</Name>
              <FileRef uid="5" />
              <SequencePoints>
                <SequencePoint vc="2" uspid="323" ordinal="0" offset="0" sl="54" sc="5" el="54" ec="5" bec="0" bev="0" fileid="5" />
              </SequencePoints>
              <BranchPoints />
            </Method>
          </Methods>
        </Class>
        <Class>
          <Summary numSequencePoints="59" visitedSequencePoints="59" numBranchPoints="0" visitedBranchPoints="0" sequenceCoverage="100.0" branchCoverage="0.0" maxCyclomaticComplexity="0" minCyclomaticComplexity="0" maxCrapScore="0" minCrapScore="0" visitedClasses="1" numClasses="1" visitedMethods="3" numMethods="3" />
          <FullName>day_night_manager</FullName>
          <Methods>
            <Method visited="true" cyclomaticComplexity="0" nPathComplexity="0" sequenceCoverage="100.0" branchCoverage="0" crapScore="0" isConstructor="false" isStatic="false" isGetter="false" isSetter="false">
              <Summary numSequencePoints="9" visitedSequencePoints="9" numBranchPoints="0" visitedBranchPoints="0" sequenceCoverage="100.0" branchCoverage="0" maxCyclomaticComplexity="0" minCyclomaticComplexity="0" maxCrapScore="0" minCrapScore="0" visitedClasses="0" numClasses="0" visitedMethods="1" numMethods="1" />
              <MetadataToken>100663335</MetadataToken>
              <Name>System.Void day_night_manager::Start()</Name>
              <FileRef uid="6" />
              <SequencePoints>
                <SequencePoint vc="1" uspid="324" ordinal="0" offset="0" sl="13" sc="5" el="13" ec="5" bec="0" bev="0" fileid="6" />
                <SequencePoint vc="1" uspid="325" ordinal="0" offset="1" sl="14" sc="9" el="14" ec="9" bec="0" bev="0" fileid="6" />
                <SequencePoint vc="1" uspid="326" ordinal="0" offset="22" sl="15" sc="9" el="15" ec="9" bec="0" bev="0" fileid="6" />
                <SequencePoint vc="1" uspid="327" ordinal="0" offset="46" sl="16" sc="9" el="16" ec="9" bec="0" bev="0" fileid="6" />
                <SequencePoint vc="1" uspid="328" ordinal="0" offset="70" sl="18" sc="9" el="18" ec="9" bec="0" bev="0" fileid="6" />
                <SequencePoint vc="1" uspid="329" ordinal="0" offset="86" sl="19" sc="9" el="19" ec="9" bec="0" bev="0" fileid="6" />
                <SequencePoint vc="1" uspid="330" ordinal="0" offset="102" sl="21" sc="9" el="21" ec="9" bec="0" bev="0" fileid="6" />
                <SequencePoint vc="1" uspid="331" ordinal="0" offset="131" sl="22" sc="9" el="22" ec="9" bec="0" bev="0" fileid="6" />
                <SequencePoint vc="1" uspid="332" ordinal="0" offset="160" sl="23" sc="5" el="23" ec="5" bec="0" bev="0" fileid="6" />
              </SequencePoints>
              <BranchPoints />
            </Method>
            <Method visited="true" cyclomaticComplexity="0" nPathComplexity="0" sequenceCoverage="100.0" branchCoverage="0" crapScore="0" isConstructor="false" isStatic="false" isGetter="false" isSetter="false">
              <Summary numSequencePoints="15" visitedSequencePoints="15" numBranchPoints="0" visitedBranchPoints="0" sequenceCoverage="100.0" branchCoverage="0" maxCyclomaticComplexity="0" minCyclomaticComplexity="0" maxCrapScore="0" minCrapScore="0" visitedClasses="0" numClasses="0" visitedMethods="1" numMethods="1" />
              <MetadataToken>100663336</MetadataToken>
              <Name>System.Void day_night_manager::updateFilter(System.Int32, System.Int32)</Name>
              <FileRef uid="6" />
              <SequencePoints>
                <SequencePoint vc="70" uspid="333" ordinal="0" offset="0" sl="26" sc="5" el="26" ec="5" bec="0" bev="0" fileid="6" />
                <SequencePoint vc="70" uspid="334" ordinal="0" offset="1" sl="27" sc="9" el="27" ec="9" bec="0" bev="0" fileid="6" />
                <SequencePoint vc="70" uspid="335" ordinal="0" offset="13" sl="29" sc="9" el="29" ec="9" bec="0" bev="0" fileid="6" />
                <SequencePoint vc="24" uspid="336" ordinal="0" offset="36" sl="30" sc="9" el="30" ec="9" bec="0" bev="0" fileid="6" />
                <SequencePoint vc="24" uspid="337" ordinal="0" offset="37" sl="31" sc="13" el="31" ec="13" bec="0" bev="0" fileid="6" />
                <SequencePoint vc="24" uspid="338" ordinal="0" offset="49" sl="32" sc="9" el="32" ec="9" bec="0" bev="0" fileid="6" />
                <SequencePoint vc="46" uspid="339" ordinal="0" offset="52" sl="33" sc="14" el="33" ec="14" bec="0" bev="0" fileid="6" />
                <SequencePoint vc="5" uspid="340" ordinal="0" offset="64" sl="34" sc="9" el="34" ec="9" bec="0" bev="0" fileid="6" />
                <SequencePoint vc="5" uspid="341" ordinal="0" offset="65" sl="35" sc="13" el="35" ec="13" bec="0" bev="0" fileid="6" />
                <SequencePoint vc="5" uspid="342" ordinal="0" offset="87" sl="36" sc="9" el="36" ec="9" bec="0" bev="0" fileid="6" />
                <SequencePoint vc="41" uspid="343" ordinal="0" offset="90" sl="38" sc="9" el="38" ec="9" bec="0" bev="0" fileid="6" />
                <SequencePoint vc="41" uspid="344" ordinal="0" offset="91" sl="39" sc="13" el="39" ec="13" bec="0" bev="0" fileid="6" />
                <SequencePoint vc="41" uspid="345" ordinal="0" offset="103" sl="40" sc="9" el="40" ec="9" bec="0" bev="0" fileid="6" />
                <SequencePoint vc="70" uspid="346" ordinal="0" offset="104" sl="42" sc="9" el="42" ec="9" bec="0" bev="0" fileid="6" />
                <SequencePoint vc="70" uspid="347" ordinal="0" offset="117" sl="43" sc="5" el="43" ec="5" bec="0" bev="0" fileid="6" />
              </SequencePoints>
              <BranchPoints />
            </Method>
            <Method visited="true" cyclomaticComplexity="0" nPathComplexity="0" sequenceCoverage="100.0" branchCoverage="0" crapScore="0" isConstructor="false" isStatic="false" isGetter="false" isSetter="false">
              <Summary numSequencePoints="35" visitedSequencePoints="35" numBranchPoints="0" visitedBranchPoints="0" sequenceCoverage="100.0" branchCoverage="0" maxCyclomaticComplexity="0" minCyclomaticComplexity="0" maxCrapScore="0" minCrapScore="0" visitedClasses="0" numClasses="0" visitedMethods="1" numMethods="1" />
              <MetadataToken>100663337</MetadataToken>
              <Name>System.Void day_night_manager::updateBackground(System.Int32, System.Int32)</Name>
              <FileRef uid="6" />
              <SequencePoints>
                <SequencePoint vc="70" uspid="348" ordinal="0" offset="0" sl="46" sc="5" el="46" ec="5" bec="0" bev="0" fileid="6" />
                <SequencePoint vc="70" uspid="349" ordinal="0" offset="1" sl="47" sc="9" el="47" ec="9" bec="0" bev="0" fileid="6" />
                <SequencePoint vc="17" uspid="350" ordinal="0" offset="13" sl="48" sc="9" el="48" ec="9" bec="0" bev="0" fileid="6" />
[...]
              <Summary numSequencePoints="5" visitedSequencePoints="5" numBranchPoints="0" visitedBranchPoints="0" sequenceCoverage="100.0" branchCoverage="0" maxCyclomaticComplexity="0" minCyclomaticComplexity="0" maxCrapScore="0" minCrapScore="0" visitedClasses="0" numClasses="0" visitedMethods="1" numMethods="1" />
              <MetadataToken>100663493</MetadataToken>
              <Name>System.Void toggle_menu::closeWithBlocker()</Name>
              <FileRef uid="19" />
              <SequencePoints>
                <SequencePoint vc="17" uspid="1480" ordinal="0" offset="0" sl="45" sc="5" el="45" ec="5" bec="0" bev="0" fileid="19" />
                <SequencePoint vc="17" uspid="1481" ordinal="0" offset="1" sl="46" sc="9" el="46" ec="9" bec="0" bev="0" fileid="19" />
                <SequencePoint vc="17" uspid="1482" ordinal="0" offset="18" sl="47" sc="9" el="47" ec="9" bec="0" bev="0" fileid="19" />
                <SequencePoint vc="17" uspid="1483" ordinal="0" offset="31" sl="48" sc="9" el="48" ec="9" bec="0" bev="0" fileid="19" />
                <SequencePoint vc="17" uspid="1484" ordinal="0" offset="44" sl="49" sc="5" el="49" ec="5" bec="0" bev="0" fileid="19" />
              </SequencePoints>
              <BranchPoints />
            </Method>
            <Method visited="true" cyclomaticComplexity="0" nPathComplexity="0" sequenceCoverage="100.0" branchCoverage="0" crapScore="0" isConstructor="false" isStatic="false" isGetter="false" isSetter="false">
              <Summary numSequencePoints="12" visitedSequencePoints="12" numBranchPoints="0" visitedBranchPoints="0" sequenceCoverage="100.0" branchCoverage="0" maxCyclomaticComplexity="0" minCyclomaticComplexity="0" maxCrapScore="0" minCrapScore="0" visitedClasses="0" numClasses="0" visitedMethods="1" numMethods="1" />
              <MetadataToken>100663494</MetadataToken>
              <Name>System.Void toggle_menu::OnMouseDown()</Name>
              <FileRef uid="19" />
              <SequencePoints>
                <SequencePoint vc="25" uspid="1485" ordinal="0" offset="0" sl="52" sc="5" el="52" ec="5" bec="0" bev="0" fileid="19" />
                <SequencePoint vc="25" uspid="1486" ordinal="0" offset="1" sl="53" sc="9" el="53" ec="9" bec="0" bev="0" fileid="19" />
                <SequencePoint vc="25" uspid="1487" ordinal="0" offset="11" sl="54" sc="9" el="54" ec="9" bec="0" bev="0" fileid="19" />
                <SequencePoint vc="25" uspid="1488" ordinal="0" offset="12" sl="55" sc="13" el="55" ec="13" bec="0" bev="0" fileid="19" />
                <SequencePoint vc="25" uspid="1489" ordinal="0" offset="28" sl="57" sc="13" el="57" ec="13" bec="0" bev="0" fileid="19" />
                <SequencePoint vc="25" uspid="1490" ordinal="0" offset="47" sl="59" sc="13" el="59" ec="13" bec="0" bev="0" fileid="19" />
                <SequencePoint vc="25" uspid="1491" ordinal="0" offset="59" sl="61" sc="13" el="61" ec="13" bec="0" bev="0" fileid="19" />
                <SequencePoint vc="25" uspid="1492" ordinal="0" offset="83" sl="62" sc="13" el="62" ec="13" bec="0" bev="0" fileid="19" />
                <SequencePoint vc="25" uspid="1493" ordinal="0" offset="84" sl="63" sc="17" el="63" ec="17" bec="0" bev="0" fileid="19" />
                <SequencePoint vc="25" uspid="1494" ordinal="0" offset="91" sl="64" sc="13" el="64" ec="13" bec="0" bev="0" fileid="19" />
                <SequencePoint vc="25" uspid="1495" ordinal="0" offset="92" sl="65" sc="9" el="65" ec="9" bec="0" bev="0" fileid="19" />
                <SequencePoint vc="25" uspid="1496" ordinal="0" offset="93" sl="66" sc="5" el="66" ec="5" bec="0" bev="0" fileid="19" />
              </SequencePoints>
              <BranchPoints />
            </Method>
          </Methods>
        </Class>
        <Class>
          <Summary numSequencePoints="17" visitedSequencePoints="17" numBranchPoints="0" visitedBranchPoints="0" sequenceCoverage="100.0" branchCoverage="0.0" maxCyclomaticComplexity="0" minCyclomaticComplexity="0" maxCrapScore="0" minCrapScore="0" visitedClasses="1" numClasses="1" visitedMethods="2" numMethods="2" />
          <FullName>video_making</FullName>
          <Methods>
            <Method visited="true" cyclomaticComplexity="0" nPathComplexity="0" sequenceCoverage="100.0" branchCoverage="0" crapScore="0" isConstructor="false" isStatic="false" isGetter="false" isSetter="false">
              <Summary numSequencePoints="3" visitedSequencePoints="3" numBranchPoints="0" visitedBranchPoints="0" sequenceCoverage="100.0" branchCoverage="0" maxCyclomaticComplexity="0" minCyclomaticComplexity="0" maxCrapScore="0" minCrapScore="0" visitedClasses="0" numClasses="0" visitedMethods="1" numMethods="1" />
              <MetadataToken>100663496</MetadataToken>
              <Name>System.Void video_making::Awake()</Name>
              <FileRef uid="20" />
              <SequencePoints>
                <SequencePoint vc="16" uspid="1497" ordinal="0" offset="0" sl="15" sc="5" el="15" ec="5" bec="0" bev="0" fileid="20" />
                <SequencePoint vc="16" uspid="1498" ordinal="0" offset="1" sl="16" sc="9" el="16" ec="9" bec="0" bev="0" fileid="20" />
                <SequencePoint vc="16" uspid="1499" ordinal="0" offset="22" sl="17" sc="5" el="17" ec="5" bec="0" bev="0" fileid="20" />
              </SequencePoints>
              <BranchPoints />
            </Method>
            <Method visited="true" cyclomaticComplexity="0" nPathComplexity="0" sequenceCoverage="100.0" branchCoverage="0" crapScore="0" isConstructor="false" isStatic="false" isGetter="false" isSetter="false">
              <Summary numSequencePoints="14" visitedSequencePoints="14" numBranchPoints="0" visitedBranchPoints="0" sequenceCoverage="100.0" branchCoverage="0" maxCyclomaticComplexity="0" minCyclomaticComplexity="0" maxCrapScore="0" minCrapScore="0" visitedClasses="0" numClasses="0" visitedMethods="1" numMethods="1" />
              <MetadataToken>100663497</MetadataToken>
              <Name>System.Void video_making::makeVideo(System.Int32)</Name>
              <FileRef uid="20" />
              <SequencePoints>
                <SequencePoint vc="17" uspid="1500" ordinal="0" offset="0" sl="21" sc="5" el="21" ec="5" bec="0" bev="0" fileid="20" />
                <SequencePoint vc="17" uspid="1501" ordinal="0" offset="1" sl="22" sc="9" el="22" ec="9" bec="0" bev="0" fileid="20" />
                <SequencePoint vc="17" uspid="1502" ordinal="0" offset="13" sl="24" sc="9" el="24" ec="9" bec="0" bev="0" fileid="20" />
                <SequencePoint vc="17" uspid="1503" ordinal="0" offset="30" sl="25" sc="9" el="25" ec="9" bec="0" bev="0" fileid="20" />
                <SequencePoint vc="17" uspid="1504" ordinal="0" offset="47" sl="28" sc="9" el="28" ec="9" bec="0" bev="0" fileid="20" />
                <SequencePoint vc="17" uspid="1505" ordinal="0" offset="56" sl="29" sc="9" el="29" ec="9" bec="0" bev="0" fileid="20" />
                <SequencePoint vc="17" uspid="1506" ordinal="0" offset="69" sl="30" sc="9" el="30" ec="9" bec="0" bev="0" fileid="20" />
                <SequencePoint vc="17" uspid="1507" ordinal="0" offset="73" sl="32" sc="9" el="32" ec="9" bec="0" bev="0" fileid="20" />
                <SequencePoint vc="17" uspid="1508" ordinal="0" offset="87" sl="34" sc="9" el="34" ec="9" bec="0" bev="0" fileid="20" />
                <SequencePoint vc="17" uspid="1509" ordinal="0" offset="105" sl="35" sc="9" el="35" ec="9" bec="0" bev="0" fileid="20" />
                <SequencePoint vc="17" uspid="1510" ordinal="0" offset="151" sl="36" sc="9" el="36" ec="9" bec="0" bev="0" fileid="20" />
                <SequencePoint vc="17" uspid="1511" ordinal="0" offset="171" sl="37" sc="9" el="37" ec="9" bec="0" bev="0" fileid="20" />
                <SequencePoint vc="17" uspid="1512" ordinal="0" offset="192" sl="38" sc="9" el="38" ec="9" bec="0" bev="0" fileid="20" />
                <SequencePoint vc="17" uspid="1513" ordinal="0" offset="213" sl="48" sc="5" el="48" ec="5" bec="0" bev="0" fileid="20" />
              </SequencePoints>
              <BranchPoints />
            </Method>
          </Methods>
        </Class>
        <Class>
          <Summary numSequencePoints="58" visitedSequencePoints="47" numBranchPoints="0" visitedBranchPoints="0" sequenceCoverage="81.03" branchCoverage="0.0" maxCyclomaticComplexity="0" minCyclomaticComplexity="0" maxCrapScore="0" minCrapScore="0" visitedClasses="1" numClasses="1" visitedMethods="4" numMethods="4" />
          <FullName>wake_up_notification</FullName>
          <Methods>
            <Method visited="true" cyclomaticComplexity="0" nPathComplexity="0" sequenceCoverage="100.0" branchCoverage="0" crapScore="0" isConstructor="false" isStatic="false" isGetter="false" isSetter="false">
              <Summary numSequencePoints="5" visitedSequencePoints="5" numBranchPoints="0" visitedBranchPoints="0" sequenceCoverage="100.0" branchCoverage="0" maxCyclomaticComplexity="0" minCyclomaticComplexity="0" maxCrapScore="0" minCrapScore="0" visitedClasses="0" numClasses="0" visitedMethods="1" numMethods="1" />
              <MetadataToken>100663499</MetadataToken>
              <Name>System.Void wake_up_notification::Start()</Name>
              <FileRef uid="21" />
              <SequencePoints>
                <SequencePoint vc="1" uspid="1514" ordinal="0" offset="0" sl="15" sc="5" el="15" ec="5" bec="0" bev="0" fileid="21" />
                <SequencePoint vc="1" uspid="1515" ordinal="0" offset="1" sl="16" sc="9" el="16" ec="9" bec="0" bev="0" fileid="21" />
                <SequencePoint vc="1" uspid="1516" ordinal="0" offset="17" sl="17" sc="9" el="17" ec="9" bec="0" bev="0" fileid="21" />
                <SequencePoint vc="1" uspid="1517" ordinal="0" offset="39" sl="18" sc="9" el="18" ec="9" bec="0" bev="0" fileid="21" />
                <SequencePoint vc="1" uspid="1518" ordinal="0" offset="61" sl="19" sc="5" el="19" ec="5" bec="0" bev="0" fileid="21" />
              </SequencePoints>
              <BranchPoints />
            </Method>
            <Method visited="true" cyclomaticComplexity="0" nPathComplexity="0" sequenceCoverage="74.42" branchCoverage="0" crapScore="0" isConstructor="false" isStatic="false" isGetter="false" isSetter="false">
              <Summary numSequencePoints="43" visitedSequencePoints="32" numBranchPoints="0" visitedBranchPoints="0" sequenceCoverage="74.42" branchCoverage="0" maxCyclomaticComplexity="0" minCyclomaticComplexity="0" maxCrapScore="0" minCrapScore="0" visitedClasses="0" numClasses="0" visitedMethods="1" numMethods="1" />
              <MetadataToken>100663500</MetadataToken>
              <Name>System.Void wake_up_notification::WakeUp()</Name>
              <FileRef uid="21" />
              <SequencePoints>
                <SequencePoint vc="1" uspid="1519" ordinal="0" offset="0" sl="22" sc="5" el="22" ec="5" bec="0" bev="0" fileid="21" />
                <SequencePoint vc="1" uspid="1520" ordinal="0" offset="1" sl="23" sc="9" el="23" ec="9" bec="0" bev="0" fileid="21" />
                <SequencePoint vc="1" uspid="1521" ordinal="0" offset="18" sl="24" sc="9" el="24" ec="9" bec="0" bev="0" fileid="21" />
                <SequencePoint vc="1" uspid="1522" ordinal="0" offset="35" sl="26" sc="9" el="26" ec="9" bec="0" bev="0" fileid="21" />
                <SequencePoint vc="1" uspid="1523" ordinal="0" offset="41" sl="27" sc="9" el="27" ec="9" bec="0" bev="0" fileid="21" />
                <SequencePoint vc="1" uspid="1524" ordinal="0" offset="53" sl="28" sc="9" el="28" ec="9" bec="0" bev="0" fileid="21" />
                <SequencePoint vc="1" uspid="1525" ordinal="0" offset="65" sl="29" sc="9" el="29" ec="9" bec="0" bev="0" fileid="21" />
                <SequencePoint vc="1" uspid="1526" ordinal="0" offset="77" sl="30" sc="9" el="30" ec="9" bec="0" bev="0" fileid="21" />
                <SequencePoint vc="1" uspid="1527" ordinal="0" offset="89" sl="31" sc="9" el="31" ec="9" bec="0" bev="0" fileid="21" />
                <SequencePoint vc="0" uspid="1528" ordinal="0" offset="103" sl="32" sc="9" el="32" ec="9" bec="0" bev="0" fileid="21" />
                <SequencePoint vc="0" uspid="1529" ordinal="0" offset="104" sl="33" sc="13" el="33" ec="13" bec="0" bev="0" fileid="21" />
                <SequencePoint vc="0" uspid="1530" ordinal="0" offset="117" sl="34" sc="9" el="34" ec="9" bec="0" bev="0" fileid="21" />
                <SequencePoint vc="1" uspid="1531" ordinal="0" offset="120" sl="36" sc="9" el="36" ec="9" bec="0" bev="0" fileid="21" />
                <SequencePoint vc="1" uspid="1532" ordinal="0" offset="121" sl="37" sc="13" el="37" ec="13" bec="0" bev="0" fileid="21" />
                <SequencePoint vc="1" uspid="1533" ordinal="0" offset="134" sl="38" sc="9" el="38" ec="9" bec="0" bev="0" fileid="21" />
                <SequencePoint vc="1" uspid="1534" ordinal="0" offset="135" sl="39" sc="9" el="39" ec="9" bec="0" bev="0" fileid="21" />
                <SequencePoint vc="1" uspid="1535" ordinal="0" offset="148" sl="41" sc="9" el="41" ec="9" bec="0" bev="0" fileid="21" />
                <SequencePoint vc="1" uspid="1536" ordinal="0" offset="166" sl="42" sc="9" el="42" ec="9" bec="0" bev="0" fileid="21" />
                <SequencePoint vc="1" uspid="1537" ordinal="0" offset="174" sl="44" sc="9" el="44" ec="9" bec="0" bev="0" fileid="21" />
                <SequencePoint vc="1" uspid="1538" ordinal="0" offset="181" sl="45" sc="9" el="45" ec="9" bec="0" bev="0" fileid="21" />
                <SequencePoint vc="1" uspid="1539" ordinal="0" offset="193" sl="46" sc="9" el="46" ec="9" bec="0" bev="0" fileid="21" />
                <SequencePoint vc="1" uspid="1540" ordinal="0" offset="194" sl="47" sc="13" el="47" ec="13" bec="0" bev="0" fileid="21" />
                <SequencePoint vc="1" uspid="1541" ordinal="0" offset="231" sl="48" sc="9" el="48" ec="9" bec="0" bev="0" fileid="21" />
                <SequencePoint vc="0" uspid="1542" ordinal="0" offset="234" sl="49" sc="14" el="49" ec="14" bec="0" bev="0" fileid="21" />
                <SequencePoint vc="0" uspid="1543" ordinal="0" offset="246" sl="50" sc="9" el="50" ec="9" bec="0" bev="0" fileid="21" />
                <SequencePoint vc="0" uspid="1544" ordinal="0" offset="247" sl="51" sc="13" el="51" ec="13" bec="0" bev="0" fileid="21" />
                <SequencePoint vc="0" uspid="1545" ordinal="0" offset="284" sl="52" sc="9" el="52" ec="9" bec="0" bev="0" fileid="21" />
                <SequencePoint vc="1" uspid="1546" ordinal="0" offset="285" sl="53" sc="9" el="53" ec="9" bec="0" bev="0" fileid="21" />
                <SequencePoint vc="1" uspid="1547" ordinal="0" offset="292" sl="54" sc="9" el="54" ec="9" bec="0" bev="0" fileid="21" />
                <SequencePoint vc="1" uspid="1548" ordinal="0" offset="308" sl="55" sc="9" el="55" ec="9" bec="0" bev="0" fileid="21" />
                <SequencePoint vc="1" uspid="1549" ordinal="0" offset="309" sl="56" sc="13" el="56" ec="13" bec="0" bev="0" fileid="21" />
                <SequencePoint vc="1" uspid="1550" ordinal="0" offset="319" sl="57" sc="9" el="57" ec="9" bec="0" bev="0" fileid="21" />
                <SequencePoint vc="1" uspid="1551" ordinal="0" offset="320" sl="59" sc="9" el="59" ec="9" bec="0" bev="0" fileid="21" />
                <SequencePoint vc="1" uspid="1552" ordinal="0" offset="353" sl="60" sc="9" el="60" ec="9" bec="0" bev="0" fileid="21" />
                <SequencePoint vc="1" uspid="1553" ordinal="0" offset="354" sl="61" sc="13" el="61" ec="13" bec="0" bev="0" fileid="21" />
                <SequencePoint vc="1" uspid="1554" ordinal="0" offset="379" sl="62" sc="9" el="62" ec="9" bec="0" bev="0" fileid="21" />
                <SequencePoint vc="0" uspid="1555" ordinal="0" offset="382" sl="63" sc="14" el="63" ec="14" bec="0" bev="0" fileid="21" />
                <SequencePoint vc="0" uspid="1556" ordinal="0" offset="400" sl="64" sc="9" el="64" ec="9" bec="0" bev="0" fileid="21" />
                <SequencePoint vc="0" uspid="1557" ordinal="0" offset="401" sl="65" sc="13" el="65" ec="13" bec="0" bev="0" fileid="21" />
                <SequencePoint vc="0" uspid="1558" ordinal="0" offset="414" sl="66" sc="9" el="66" ec="9" bec="0" bev="0" fileid="21" />
                <SequencePoint vc="1" uspid="1559" ordinal="0" offset="415" sl="67" sc="9" el="67" ec="9" bec="0" bev="0" fileid="21" />
                <SequencePoint vc="1" uspid="1560" ordinal="0" offset="423" sl="68" sc="9" el="68" ec="9" bec="0" bev="0" fileid="21" />
                <SequencePoint vc="1" uspid="1561" ordinal="0" offset="430" sl="69" sc="5" el="69" ec="5" bec="0" bev="0" fileid="21" />
              </SequencePoints>
              <BranchPoints />
            </Method>
            <Method visited="true" cyclomaticComplexity="0" nPathComplexity="0" sequenceCoverage="100.0" branchCoverage="0" crapScore="0" isConstructor="false" isStatic="false" isGetter="false" isSetter="false">
              <Summary numSequencePoints="9" visitedSequencePoints="9" numBranchPoints="0" visitedBranchPoints="0" sequenceCoverage="100.0" branchCoverage="0" maxCyclomaticComplexity="0" minCyclomaticComplexity="0" maxCrapScore="0" minCrapScore="0" visitedClasses="0" numClasses="0" visitedMethods="1" numMethods="1" />
              <MetadataToken>100663501</MetadataToken>
              <Name>System.Void wake_up_notification::Update()</Name>
              <FileRef uid="21" />
              <SequencePoints>
                <SequencePoint vc="172132" uspid="1562" ordinal="0" offset="0" sl="73" sc="5" el="73" ec="5" bec="0" bev="0" fileid="21" />
                <SequencePoint vc="172132" uspid="1563" ordinal="0" offset="1" sl="74" sc="9" el="74" ec="9" bec="0" bev="0" fileid="21" />
                <SequencePoint vc="172132" uspid="1564" ordinal="0" offset="18" sl="75" sc="9" el="75" ec="9" bec="0" bev="0" fileid="21" />
                <SequencePoint vc="172132" uspid="1565" ordinal="0" offset="35" sl="76" sc="9" el="76" ec="9" bec="0" bev="0" fileid="21" />
                <SequencePoint vc="1" uspid="1566" ordinal="0" offset="68" sl="77" sc="9" el="77" ec="9" bec="0" bev="0" fileid="21" />
                <SequencePoint vc="1" uspid="1567" ordinal="0" offset="69" sl="78" sc="13" el="78" ec="13" bec="0" bev="0" fileid="21" />
                <SequencePoint vc="1" uspid="1568" ordinal="0" offset="76" sl="79" sc="13" el="79" ec="13" bec="0" bev="0" fileid="21" />
                <SequencePoint vc="1" uspid="1569" ordinal="0" offset="83" sl="80" sc="9" el="80" ec="9" bec="0" bev="0" fileid="21" />
                <SequencePoint vc="172132" uspid="1570" ordinal="0" offset="84" sl="81" sc="5" el="81" ec="5" bec="0" bev="0" fileid="21" />
              </SequencePoints>
              <BranchPoints />
            </Method>
            <Method visited="true" cyclomaticComplexity="0" nPathComplexity="0" sequenceCoverage="100.0" branchCoverage="0" crapScore="0" isConstructor="true" isStatic="false" isGetter="false" isSetter="false">
              <Summary numSequencePoints="1" visitedSequencePoints="1" numBranchPoints="0" visitedBranchPoints="0" sequenceCoverage="100.0" branchCoverage="0" maxCyclomaticComplexity="0" minCyclomaticComplexity="0" maxCrapScore="0" minCrapScore="0" visitedClasses="0" numClasses="0" visitedMethods="1" numMethods="1" />
              <MetadataToken>100663502</MetadataToken>
              <Name>wake_up_notification::wake_up_notification()</Name>
              <FileRef uid="21" />
              <SequencePoints>
                <SequencePoint vc="2" uspid="1571" ordinal="0" offset="0" sl="10" sc="5" el="10" ec="5" bec="0" bev="0" fileid="21" />
              </SequencePoints>
              <BranchPoints />
            </Method>
          </Methods>
        </Class>
      </Classes>
    </Module>
  </Modules>
</CoverageSession>